532.251
709.011
504.638
708.687
826.370
691.630
502.881
833.411
682.484
715.000
539.000
528.227
694.859
714.638
703.250
538.930
822.319
843.000
567.506
715.000
539.000
539.000
1129.297
818.108
527.160
684.680
713.722
534.445
507.735
818.621
517.671
524.323
565.860
820.778
701.372
539.000
539.000
819.386
836.157
824.369
507.236
822.319
524.388
572.277
508.373
820.349
704.413
687.657
527.378
539.000
690.414
811.419
525.518
511.373
713.778
812.574
828.657
508.499
711.686
693.121
814.160
539.600
819.450
679.798
500.696
507.558
715.000
1420.492
818.468
529.667
817.795
699.010
539.600
816.355
692.764
510.532
815.848
539.747
702.987
503.567
829.106
687.134
705.147
539.000
843.000
807.343
824.402
539.000
500.000
834.559
534.633
834.346
815.807
507.811
818.242
819.801
531.966
831.774
843.000
538.780
817.304
500.000
819.756
539.612
507.663
715.000
808.411
503.969
508.036
537.800
506.865
831.968
714.836
832.666
506.849
819.315
687.212
507.551
818.590
680.384
503.873
715.000
822.055
512.295
504.046
698.129
816.222
577.472
504.846
705.118
832.666
510.623
519.830
505.908
688.071
518.002
713.266
519.669
701.919
691.251
501.899
700.084
520.206
524.787
714.400
698.334
708.312
500.000
537.207
518.638
1136.819
539.600
817.880
529.359
812.631
818.372
683.116
824.974
539.000
511.057
506.840
832.666
715.000
536.205
827.538
535.758
827.118
714.400
523.807
505.100
693.967
715.000
815.867
500.000
832.666
701.216
522.413
692.116
523.701
814.764
843.000
689.237
693.855
824.859
815.578
527.155
534.703
697.716
712.549
539.000
680.138
680.384
810.453
825.216
508.138
832.666
827.538
1130.972
715.000
831.772
1146.383
534.459
537.800
819.490
815.534
526.883
534.325
822.319
689.688
516.685
838.614
715.000
502.444
679.343
532.657
694.843
686.532
509.122
514.800
676.000
699.523
531.390
538.918
684.843
516.467
538.400
817.628
686.430
811.673
513.948
513.385
693.502
956.427
704.034
514.611
530.779
816.780
835.187
569.873
515.522
508.495
505.647
514.788
843.000
530.931
843.000
526.507
502.000
522.513
539.600
824.691
523.503
533.671
514.084
715.000
843.000
835.666
507.731
539.909
804.000
688.247
511.991
704.265
715.600
535.506
524.880
694.741
829.971
690.090
538.301
812.112
500.206
833.592
827.294
715.600
701.888
829.994
841.899
686.930
521.605
692.958
528.234
829.994
509.605
825.660
539.600
836.573
514.094
536.323
715.000
510.284
829.971
574.487
515.326
515.736
819.135
539.000
572.752
521.916
528.110
517.697
508.391
568.736
819.874
704.402
512.146
822.190
512.399
833.615
829.971
517.855
818.890
501.967
539.000
517.676
504.376
817.073
513.219
715.000
687.595
806.524
830.003
715.349
686.033
522.912
500.000
502.388
843.000
535.021
573.000
505.694
529.862
694.153
558.343
715.000
703.889
500.152
831.458
683.136
811.724
832.781
519.477
533.468
513.990
715.000
816.258
513.003
539.000
513.482
829.916
815.643
512.536
700.250
714.934
534.828
512.252
520.519
830.101
535.007
526.681
691.709
697.350
539.000
833.130
816.262
515.522
535.289
510.700
818.995
833.314
829.971
701.210
509.460
514.584
819.226
715.000
539.327
715.000
504.928
692.898
508.395
528.493
503.678
521.374
715.000
500.000
715.000
702.419
509.461
691.456
501.727
531.752
504.115
530.692
676.436
715.000
535.747
501.852
514.734
515.983
539.000
829.971
528.630
500.000
699.292
830.101
715.600
563.366
509.957
504.928
507.094
689.929
535.420
715.000
539.000
843.600
506.376
832.976
830.220
832.495
511.182
833.016
831.436
516.526
505.514
539.000
500.000
813.545
819.224
831.458
689.184
821.842
506.849
711.359
694.712
842.400
506.855
822.623
576.843
817.913
522.157
532.163
507.189
514.939
830.086
539.000
829.971
829.971
539.000
516.219
539.000
710.222
822.430
809.383
525.476
561.313
715.000
826.743
1973.827
680.052
517.402
694.134
522.200
517.644
830.251
836.113
691.638
828.264
512.816
538.330
506.211
692.958
517.042
676.600
514.734
539.000
700.021
539.000
539.000
715.000
834.233
829.971
808.962
688.952
698.691
715.525
539.000
523.511
685.392
812.558
1026.171
715.000
812.773
843.600
830.101
564.361
826.383
515.322
539.000
503.147
538.400
829.994
684.409
810.221
507.493
511.091
715.000
526.943
531.181
843.600
843.000
683.859
826.219
502.204
573.154
714.934
530.724
836.506
1137.173
524.566
509.698
715.000
538.210
519.163
506.302
714.934
500.335
834.105
832.774
828.920
841.800
519.237
685.985
1154.939
715.000
534.861
695.916
1127.565
715.000
565.525
715.000
525.218
715.000
813.669
707.347
2107.000
810.839
513.331
715.000
807.343
830.502
680.632
506.135
842.770
1141.460
533.904
1124.000
831.482
713.189
824.605
539.000
1134.541
827.167
539.000
690.540
539.000
509.058
502.147
539.600
1151.233
1350.665
507.448
695.743
1149.194
1152.507
2108.134
568.014
539.000
826.767
504.752
2108.134
715.000
841.800
839.736
843.000
524.096
530.650
714.400
715.000
528.074
532.769
831.017
514.017
504.582
705.635
822.212
809.273
708.087
515.133
828.190
715.000
688.868
832.270
823.425
533.533
521.002
539.000
539.000
839.246
1318.260
820.595
1133.338
1132.168
821.210
532.662
689.200
573.084
504.142
843.706
694.770
1132.221
503.336
528.067
1149.120
520.705
683.768
676.533
694.574
714.934
804.000
839.246
809.718
830.964
1155.377
526.055
500.205
686.737
678.872
1125.421
500.000
715.000
1765.330
825.503
565.975
539.000
715.000
539.000
539.000
715.000
841.800
524.983
1148.558
715.000
822.816
816.869
812.594
1252.052
839.773
509.555
539.568
507.230
539.000
526.095
512.914
714.400
681.819
520.082
539.000
2108.134
530.710
680.004
539.000
520.595
703.693
504.888
509.968
821.168
506.222
522.573
539.000
706.137
682.558
539.000
825.395
516.749
514.886
840.987
715.000
681.157
715.000
695.906
692.320
820.783
501.130
528.547
715.000
527.377
684.930
507.036
715.000
693.046
817.068
819.867
514.962
835.834
500.000
532.038
832.439
710.880
710.402
822.833
534.078
533.157
1150.844
843.000
502.704
1126.431
838.427
537.930
687.794
522.570
697.843
1130.896
1132.384
506.943
831.471
524.897
715.000
535.736
811.882
524.108
508.121
539.000
514.570
810.839
523.922
500.000
685.945
715.000
840.892
714.400
829.792
676.000
709.352
1125.461
959.842
823.756
816.422
820.111
688.633
535.184
714.400
539.000
826.802
525.267
2107.000
715.000
715.000
689.227
1011.293
697.422
537.691
842.355
816.258
1144.001
825.083
1163.919
685.389
825.006
714.400
531.157
509.679
1133.790
513.764
524.035
569.939
502.449
1256.418
826.598
695.662
1135.828
510.731
692.652
1152.415
533.844
687.938
515.268
811.184
501.734
1158.699
502.750
703.267
704.788
680.107
1158.131
1140.090
515.703
1163.867
693.604
1128.744
527.957
516.891
1758.526
539.000
518.573
567.295
822.437
808.160
530.300
715.000
2099.406
511.161
518.595
1139.340
1025.490
685.739
843.000
697.116
677.116
1129.630
715.000
505.651
1158.875
539.000
507.809
504.238
687.573
705.296
705.313
536.698
834.400
558.123
539.000
703.490
1131.648
526.174
521.477
509.614
507.195
1721.965
539.000
509.070
680.344
824.203
843.000
1156.349
704.254
526.147
693.424
507.809
1127.522
513.479
712.149
516.280
843.000
714.400
505.990
520.702
715.000
827.596
711.582
685.025
703.874
1557.107
520.370
811.184
699.429
2107.000
809.682
1560.662
506.536
528.044
533.305
563.079
539.000
715.000
697.106
1163.600
537.327
1152.850
714.400
1133.606
1132.831
968.149
810.839
709.182
539.000
677.259
534.193
527.388
528.863
839.381
694.700
705.449
715.000
995.650
504.411
527.526
505.762
512.573
523.475
506.795
715.000
815.271
1133.396
711.237
715.000
715.000
1723.000
1147.179
528.202
559.334
690.984
507.866
811.010
692.459
841.254
537.059
520.761
508.640
503.476
560.943
539.000
693.134
817.227
712.698
516.627
503.815
1124.965
714.400
833.243
534.721
1323.124
539.000
511.829
305.337
706.555
511.041
576.908
528.946
1423.864
708.775
1129.914
842.400
688.006
712.720
1968.375
563.114
1163.000
1469.093
831.284
841.996
527.608
503.295
517.199
688.613
710.437
525.959
813.381
561.579
1748.536
1124.965
692.882
578.187
687.009
703.397
519.921
505.912
1163.000
516.986
843.131
559.674
528.090
516.019
531.082
715.000
528.148
1432.456
1155.879
832.579
1373.729
527.438
699.431
560.849
710.786
522.329
804.000
811.628
1145.191
504.914
1154.411
1453.373
1159.669
511.132
826.329
1138.657
569.194
558.067
570.741
535.429
714.400
539.000
684.964
715.000
560.666
532.568
702.840
531.883
690.255
514.126
506.795
715.000
566.216
1009.700
816.942
683.866
835.324
539.000
714.400
1322.132
566.809
971.600
714.400
526.510
532.830
711.512
804.000
1124.176
1149.909
1138.401
538.400
501.693
712.775
504.523
824.586
1131.506
837.501
681.315
538.400
535.461
699.735
685.735
522.995
804.000
512.098
538.400
843.550
824.983
840.127
527.999
524.894
564.182
529.922
676.000
532.257
539.000
538.400
715.000
971.000
511.916
843.000
715.000
1127.565
843.000
832.510
518.077
511.391
526.876
690.549
504.061
697.542
506.512
811.216
1128.598
508.889
530.609
838.656
500.000
538.055
715.000
509.394
841.061
532.295
539.000
561.263
843.000
686.108
695.080
1141.146
505.687
522.280
708.090
689.895
538.008
535.810
528.246
518.095
523.897
813.427
506.331
1132.576
715.000
528.040
694.295
825.006
690.918
537.800
676.000
820.625
1018.345
539.000
843.000
814.510
562.247
570.018
843.392
700.617
510.958
537.800
715.000
843.000
1135.066
539.000
572.212
511.696
537.800
564.486
715.000
309.625
715.000
539.000
827.124
537.928
539.735
534.996
573.839
511.358
707.318
680.475
2108.134
1427.711
1154.722
1513.457
512.512
700.123
840.728
1135.295
1723.000
706.206
686.018
1377.836
681.901
843.000
566.664
814.978
517.677
843.000
822.978
842.394
1563.448
828.798
1134.455
843.000
705.425
537.800
1025.705
525.951
505.178
1134.842
578.056
508.176
1143.801
1020.757
804.000
1127.253
538.400
531.268
677.881
810.906
678.234
1460.887
835.785
825.982
1712.352
715.342
508.730
685.305
1132.984
524.763
565.477
843.000
715.226
539.704
706.597
971.000
688.544
503.894
687.486
843.000
681.692
683.536
512.359
304.773
715.000
500.000
572.031
840.728
709.411
516.468
1148.578
818.890
565.878
571.223
1376.506
683.209
843.000
1723.964
530.235
539.122
560.154
501.666
843.000
695.832
699.509
693.624
503.497
1015.776
706.485
679.446
500.802
1135.727
715.000
1129.478
676.000
515.617
1162.470
1530.358
693.295
519.063
502.506
532.370
1140.827
715.000
705.488
693.031
804.000
707.672
687.264
843.000
562.120
535.185
842.400
715.000
688.174
539.600
559.982
523.373
824.098
539.742
2107.000
715.000
532.460
843.000
519.606
572.182
712.353
1142.488
500.000
1002.024
1139.636
547.934
839.878
1128.511
1405.156
679.803
831.910
843.000
692.315
1153.042
1135.138
517.209
573.056
572.436
506.536
1915.000
562.396
1378.485
529.288
843.000
715.000
522.660
2107.000
715.417
687.736
686.973
1157.324
539.000
557.248
1010.317
2089.243
2108.134
575.051
699.523
535.601
511.138
2107.000
687.907
564.133
677.200
532.639
1140.584
311.657
503.601
533.964
843.046
715.600
538.580
1803.000
695.712
1007.078
525.701
692.076
1391.417
843.203
837.305
1160.600
699.311
537.543
533.772
533.196
697.724
835.278
1142.109
2107.000
843.000
809.375
1139.008
522.080
532.062
713.606
692.807
539.000
513.828
686.677
1137.605
1130.555
533.435
521.615
692.622
1020.634
680.559
692.835
1159.914
518.055
843.000
692.282
1133.042
1024.219
715.000
842.884
692.349
522.507
539.409
1713.302
518.601
535.597
1259.000
829.924
539.629
809.988
506.061
518.456
842.029
539.000
511.463
831.600
715.000
842.542
680.730
570.718
572.176
810.948
1132.298
512.830
1019.228
1140.088
1736.570
539.600
1133.276
1503.533
685.780
554.415
715.000
512.998
695.874
832.657
1382.754
526.133
843.000
831.236
500.000
691.053
539.000
715.000
688.369
843.000
703.143
843.000
808.694
1163.000
1132.743
830.782
567.242
506.061
573.903
500.000
516.239
520.533
708.342
843.600
1307.479
534.228
711.066
569.173
843.000
1150.109
516.742
516.625
687.167
539.000
676.000
843.000
704.558
514.128
517.412
713.266
539.000
1133.038
715.000
511.342
951.343
843.000
539.000
678.701
520.658
518.558
715.000
520.516
562.566
1138.188
517.955
685.459
806.954
518.016
315.600
539.000
525.292
1137.219
1456.263
1163.600
512.123
809.988
508.760
694.158
500.000
688.228
539.600
823.203
536.860
535.807
710.857
843.000
515.408
520.456
827.124
2108.134
522.267
1156.238
1304.170
500.000
1134.975
1020.334
1319.256
522.540
693.743
688.507
532.440
834.369
1409.533
2102.260
1316.756
1547.248
514.559
536.568
1146.397
962.434
1244.628
843.000
1129.690
710.294
533.986
843.000
691.237
843.600
506.156
690.918
715.000
828.994
503.606
515.208
559.660
829.332
830.345
829.041
692.807
539.000
681.806
840.747
507.100
539.000
815.753
527.910
539.000
709.748
699.423
1142.304
809.375
1163.000
518.638
1257.266
511.171
715.408
522.976
570.694
810.221
676.000
843.000
1134.311
686.373
516.500
539.000
697.197
535.628
1547.032
715.000
683.827
502.601
809.076
538.400
831.214
538.400
530.669
522.862
1137.838
700.938
1547.826
531.788
712.449
1153.297
563.234
564.829
503.907
694.162
804.000
804.000
539.000
839.045
840.302
688.275
1140.781
523.305
1414.933
699.878
678.209
707.194
528.614
835.083
843.000
539.177
816.461
823.110
685.626
1129.521
538.400
1321.243
1137.767
537.228
539.600
958.307
528.374
539.600
1545.373
522.434
1524.724
1157.979
1848.500
697.143
518.898
804.000
1162.400
535.390
539.000
817.746
514.541
1723.000
808.933
804.000
1140.714
539.000
504.816
699.593
1982.115
500.000
505.985
2102.224
804.000
693.778
681.732
529.219
525.383
524.927
711.359
517.918
537.317
1763.630
715.000
685.783
512.904
690.456
686.523
700.129
702.141
694.239
528.165
712.999
843.000
529.281
699.022
1248.052
504.442
520.965
832.241
2107.000
1162.572
525.619
710.800
1323.600
565.818
1133.086
713.851
1129.792
714.636
533.948
503.544
503.574
841.266
517.679
1248.698
529.605
573.264
1259.633
808.670
812.649
680.274
557.041
557.451
815.563
566.673
676.000
690.147
508.599
532.514
715.000
1130.772
1895.645
679.325
813.603
678.873
1548.807
522.251
687.486
1140.032
510.409
804.000
689.746
521.708
699.687
1026.604
804.000
1130.654
502.981
522.423
808.615
1004.583
700.809
810.033
1129.563
1736.389
516.129
694.774
539.000
843.000
1394.864
694.525
715.000
1136.299
501.715
1154.625
537.857
821.478
522.963
843.000
539.000
1960.600
522.382
689.382
1128.374
843.000
525.645
526.698
843.000
804.000
538.400
686.941
686.919
842.400
706.391
539.578
843.000
843.600
839.550
539.000
503.336
713.266
1158.327
1142.238
843.000
502.514
708.520
1132.521
535.832
514.670
843.000
805.746
522.974
513.772
1245.804
565.809
1131.721
804.217
538.400
1851.000
532.858
696.977
529.419
1730.673
841.266
715.852
689.402
1410.670
715.000
521.554
525.758
536.906
679.050
809.106
513.211
702.654
824.365
809.375
506.828
804.000
804.000
813.408
715.600
1323.000
501.676
1142.670
507.270
531.219
829.402
500.000
1258.471
539.000
536.379
526.223
715.000
500.844
686.373
539.600
1129.076
833.966
703.311
531.260
575.055
539.000
508.216
539.000
539.000
516.512
1252.000
1319.895
696.471
1764.263
809.291
539.600
1145.287
682.607
531.130
1143.223
500.146
711.889
521.843
832.481
804.131
539.000
530.002
843.000
533.424
691.686
539.000
843.000
539.600
523.457
539.000
1319.837
692.223
819.744
676.000
539.000
686.408
843.000
512.007
1402.594
503.891
822.833
528.259
715.000
539.600
1514.168
510.835
528.684
539.000
564.624
1129.154
1536.498
704.429
511.891
843.600
843.000
1143.223
835.493
511.183
1130.181
687.960
843.000
694.975
702.291
682.871
2101.550
529.265
539.600
707.688
821.691
537.074
1130.839
819.874
715.000
825.027
715.000
2089.190
696.415
822.987
833.111
1133.660
679.944
513.175
1143.223
529.379
538.956
681.774
524.367
687.190
682.374
825.960
2107.000
539.600
1731.229
521.994
843.000
539.000
1252.946
843.000
1476.792
689.130
537.995
513.213
702.466
688.210
690.188
676.000
522.084
706.530
699.772
822.774
1386.062
516.399
701.051
518.237
1129.457
2107.000
692.038
522.365
684.893
2107.000
511.754
539.146
539.600
507.370
1015.017
1396.515
680.806
529.419
575.908
715.000
515.516
1138.017
539.600
536.988
822.025
843.600
687.470
539.000
529.301
2107.000
1162.147
1160.414
715.000
1132.752
696.396
692.498
825.685
843.000
689.509
565.611
715.000
832.734
684.779
516.729
692.350
502.343
510.062
715.000
682.691
694.218
524.834
1124.000
843.000
2108.134
689.106
567.653
517.332
539.000
1890.089
819.744
693.872
1851.000
1541.547
818.844
818.230
500.000
676.000
842.643
698.836
820.127
1447.232
1523.875
500.000
960.458
710.628
698.059
505.034
1163.000
1546.589
539.000
822.025
1769.002
500.000
520.854
715.522
515.339
1506.206
715.000
525.272
843.000
843.600
539.000
822.190
511.399
1021.683
529.441
843.000
505.754
1016.756
834.755
683.918
509.599
536.032
539.000
1762.589
500.000
841.409
538.499
532.326
531.003
1161.800
1160.170
536.517
503.384
704.818
535.475
818.890
832.372
1126.384
1523.613
715.000
1138.258
819.153
692.261
686.314
1132.116
843.000
715.000
842.367
283.944
820.160
833.225
696.568
510.236
1308.437
500.749
715.000
500.000
1161.144
504.630
535.742
535.045
502.036
501.008
2101.624
539.600
1126.865
2107.000
1140.158
539.000
1304.480
1253.830
680.620
539.973
510.022
2093.430
838.138
692.192
687.747
516.702
500.000
511.924
690.188
680.511
539.000
565.718
531.991
510.725
696.472
680.272
1777.360
843.000
528.902
538.691
842.742
500.408
539.000
1140.239
1257.568
806.150
561.074
505.047
706.560
823.087
1124.000
843.000
691.260
1423.695
691.769
526.334
682.948
810.044
686.513
836.963
2107.000
680.192
702.353
555.038
527.006
1022.260
574.134
505.896
1143.457
518.910
843.000
692.969
537.633
539.000
1480.855
837.312
528.429
1160.062
524.733
1145.348
1163.000
678.341
1128.419
1254.903
823.203
715.000
698.426
686.338
715.000
1138.503
562.513
539.066
523.761
530.564
500.072
1975.315
694.165
511.227
677.248
539.703
564.339
512.407
567.681
843.131
506.130
715.000
1403.714
500.000
811.419
521.869
532.813
539.465
539.000
522.732
1003.000
1159.824
539.000
538.368
516.891
708.497
538.720
2107.000
1146.387
533.872
804.000
568.980
522.964
531.565
1124.636
2104.892
1135.661
1002.228
522.872
534.851
1152.587
556.094
532.051
560.573
1721.679
502.661
1552.958
710.129
843.000
843.000
703.632
565.615
804.601
539.435
1142.918
1141.640
843.261
520.782
515.248
696.778
1939.198
843.000
685.080
1131.455
833.796
678.727
715.000
1126.704
538.359
532.395
500.000
1030.870
2104.558
699.379
529.242
843.000
843.000
1128.017
715.000
1152.406
537.049
1723.000
538.268
683.955
506.018
564.171
836.123
680.351
530.956
683.255
535.796
820.679
696.639
843.000
2107.000
539.000
687.412
839.716
713.631
689.489
534.921
839.746
536.804
1125.828
539.000
508.914
839.638
2101.550
835.539
516.657
533.786
1932.403
688.534
843.000
818.932
843.000
520.140
516.503
715.000
560.109
539.000
843.000
1448.604
535.519
534.610
514.646
1993.234
538.691
2108.134
693.359
1405.105
530.585
843.000
500.000
843.203
843.000
843.261
522.973
715.000
564.176
843.000
539.000
500.000
500.000
1435.758
715.000
520.691
691.682
536.070
536.815
715.000
823.087
1727.810
519.998
680.128
1383.504
1136.431
680.665
537.808
531.964
687.595
533.324
1127.053
836.746
519.567
839.647
835.754
539.000
535.022
689.992
843.000
539.000
1128.266
1712.848
679.928
2103.424
524.770
539.000
841.412
823.813
1506.507
835.878
832.485
832.737
1399.604
843.000
526.455
686.746
985.009
536.244
504.448
712.943
819.469
684.942
532.538
711.657
715.000
840.757
567.918
521.873
513.373
518.841
527.636
1553.024
531.921
842.929
1890.665
1758.557
838.431
693.272
2107.000
1128.871
509.759
519.024
2107.000
2107.000
686.239
828.077
2108.134
503.927
1897.613
2104.857
817.801
715.000
503.474
715.000
687.038
523.465
1760.316
532.190
519.524
1555.116
564.624
504.640
680.087
516.154
572.826
502.305
1161.095
825.503
511.038
1748.000
1132.698
710.437
528.541
534.628
523.167
1018.870
1027.574
1392.743
1130.897
528.200
688.511
1132.833
1255.965
539.000
688.078
710.531
687.453
837.818
524.064
1896.570
685.608
2104.541
573.211
515.383
1319.365
815.585
824.744
1257.919
515.995
693.103
500.000
514.818
501.974
698.295
840.722
712.860
839.992
682.104
2105.049
838.047
835.969
522.793
715.954
1803.600
687.025
508.956
538.162
715.000
686.338
837.958
1310.214
715.000
814.461
841.245
691.397
837.911
841.386
715.000
535.827
501.322
2107.600
713.543
818.592
539.000
715.640
1512.257
843.000
697.724
522.250
1894.150
824.076
687.826
557.732
515.147
684.956
2108.134
684.672
701.812
1259.000
1976.269
843.583
505.552
823.813
564.724
505.497
2107.000
818.933
562.951
535.173
1422.493
821.950
2107.600
715.442
2107.000
714.400
1415.542
536.048
504.569
818.890
539.000
687.894
1414.715
2107.000
500.674
1964.855
1128.626
685.129
819.744
539.000
1748.000
529.944
715.932
526.153
539.600
521.716
1955.794
1130.369
819.874
539.000
715.000
818.993
685.877
538.400
840.400
539.000
715.000
1512.257
515.713
521.409
715.000
2107.000
1127.134
841.347
711.801
709.752
1128.387
515.080
687.263
2108.134
825.503
1360.818
511.700
818.890
519.504
839.657
699.026
521.344
677.013
572.270
682.101
521.485
569.200
809.346
1130.124
539.000
843.000
1124.000
1135.748
680.259
539.000
832.287
708.669
711.657
2107.000
686.337
695.578
2107.000
684.656
715.000
516.043
1748.000
1710.388
2107.000
523.575
1558.210
539.000
538.930
838.282
837.747
841.266
515.747
1038.697
699.009
535.216
684.507
1973.444
1142.368
843.000
504.333
1894.728
500.725
532.985
819.744
523.679
840.747
1140.788
819.744
518.229
1141.106
1127.321
697.898
1139.029
843.000
681.052
2105.049
815.269
695.135
500.000
825.820
843.000
688.501
686.541
533.387
1828.699
501.989
688.789
2104.558
512.371
1710.566
502.810
700.021
708.865
715.749
539.140
681.877
809.974
539.372
515.608
511.366
715.000
1252.000
1160.104
1161.260
531.246
500.000
818.731
502.403
532.216
843.000
509.475
526.876
814.623
554.217
502.726
508.509
1309.096
715.000
525.856
507.904
1451.855
504.631
530.133
2076.873
535.508
529.512
508.277
818.890
841.229
519.977
715.000
835.117
843.000
506.907
677.116
1163.000
690.528
510.275
690.295
1003.598
515.651
2107.000
510.045
696.422
834.755
539.000
837.025
680.418
500.000
529.252
690.837
515.133
2108.134
525.104
535.299
815.277
504.697
1130.991
2107.000
678.285
713.570
1254.757
689.538
536.641
508.387
825.418
814.279
1127.626
531.489
518.775
532.857
839.334
539.108
833.158
834.631
702.108
693.600
530.466
700.996
833.593
533.619
683.465
539.000
528.384
706.533
500.492
696.397
1243.096
834.489
528.526
843.000
697.672
2105.266
509.956
1143.873
517.093
843.203
1562.712
819.744
538.739
510.251
715.000
1151.740
834.762
832.843
715.000
1320.724
1155.767
500.000
1416.518
1133.533
694.144
538.400
535.986
703.901
309.604
516.625
1714.073
508.011
715.000
684.353
715.000
1133.244
558.961
1134.548
958.397
707.584
1127.610
818.890
2102.224
1766.238
539.000
539.000
514.234
1143.692
676.000
822.673
693.483
712.852
698.223
696.785
833.739
510.707
508.101
528.890
1151.282
528.460
555.598
512.867
1781.709
531.886
505.553
2102.224
677.571
832.857
1247.968
1147.363
532.976
826.054
531.227
2107.000
517.349
1247.230
514.518
715.000
812.688
531.957
1969.588
822.692
696.247
679.937
821.950
687.391
526.910
1249.157
1145.537
715.000
695.975
681.668
701.461
1965.833
1745.011
501.697
830.724
715.000
519.881
526.284
818.359
811.151
694.984
822.824
701.638
1130.834
1145.264
1133.328
503.893
700.599
569.182
1162.400
805.734
506.802
809.988
536.749
510.611
506.303
818.890
1307.882
501.441
509.501
518.387
2107.000
676.000
1510.683
690.095
715.000
534.139
532.614
715.000
820.421
689.123
539.000
1007.670
841.229
688.099
715.000
2107.000
715.000
715.000
819.845
1144.889
715.000
2105.049
1761.120
825.777
1162.400
520.594
715.000
500.000
1136.185
1163.000
506.124
539.000
539.000
831.317
715.000
539.000
509.251
695.758
2108.134
704.725
697.417
1389.985
539.000
823.672
715.000
529.163
832.863
714.400
2107.000
715.600
533.758
843.914
1768.842
1126.642
1135.443
514.304
530.152
697.527
2107.000
568.142
536.918
510.388
2104.294
687.436
685.121
1124.965
500.000
1139.967
504.849
842.400
1250.928
500.000
690.497
688.616
706.877
843.000
516.450
516.379
2103.656
1470.398
1136.968
814.882
683.334
1742.374
531.204
828.473
832.600
1503.584
553.820
1012.623
2107.000
514.469
2102.224
506.122
539.600
818.786
504.458
1163.600
824.939
715.000
688.920
511.235
679.285
827.848
552.299
539.000
514.610
843.000
504.190
1540.130
500.000
1135.283
509.370
709.791
517.484
690.553
839.532
521.739
825.774
709.396
811.673
1162.400
507.391
676.000
715.000
697.695
508.927
715.000
833.958
556.012
837.106
1125.776
1720.512
564.223
1129.281
832.188
832.437
820.048
500.000
509.040
513.463
1397.099
1322.312
519.149
676.000
687.418
538.184
715.000
1147.683
690.205
505.973
838.065
506.452
842.393
2107.000
503.638
715.000
676.615
513.595
1402.196
2104.857
2101.550
1127.876
1506.064
2090.636
524.176
2107.000
506.873
1259.072
830.982
577.334
693.742
563.441
843.000
715.000
1157.380
1398.011
832.110
528.839
2107.000
539.000
1128.768
843.000
506.770
536.571
1151.869
808.641
824.204
715.000
536.867
539.386
1540.559
1253.096
1127.579
509.220
539.000
1127.361
715.000
1788.743
1135.970
501.631
702.713
2108.134
525.566
702.813
1136.900
1767.370
2107.000
525.294
536.916
1134.738
700.760
525.815
843.000
715.000
1256.402
715.000
509.946
525.767
715.000
804.000
539.480
508.837
2107.000
508.010
679.972
520.564
1147.637
694.148
523.964
824.040
539.000
500.107
539.000
711.657
2104.558
502.062
1953.450
507.094
2080.153
573.331
843.000
1571.019
692.244
514.377
539.910
1126.264
681.071
2107.000
679.847
818.031
539.000
523.508
500.000
520.288
519.443
685.459
676.000
998.004
516.625
696.032
715.000
1974.387
1161.800
955.386
804.000
682.314
1143.621
2107.000
696.768
699.448
683.361
689.135
501.734
2107.000
517.439
691.712
530.978
1542.409
841.866
520.479
713.240
1124.000
836.663
1765.515
522.631
507.322
507.337
1386.376
825.487
532.988
715.000
842.029
2102.224
1158.871
715.000
517.660
508.012
2107.000
1139.966
715.000
709.190
715.000
843.000
1141.477
501.765
515.013
843.000
684.826
1153.009
1162.971
1124.632
2107.000
2068.000
842.284
507.138
519.860
504.278
520.570
1980.801
843.000
1714.413
678.152
2102.224
830.933
2101.550
532.955
685.567
512.798
1124.842
509.787
528.678
842.400
694.254
1140.800
561.317
841.866
2102.224
689.668
715.000
539.000
538.629
715.000
695.509
843.000
529.631
1152.331
512.875
2107.000
819.744
519.326
539.000
1163.000
715.000
825.774
1505.974
837.142
2107.000
715.000
1130.155
539.600
508.174
516.638
537.968
539.000
2107.000
536.286
827.269
686.605
507.737
518.699
843.000
715.000
2107.000
843.000
832.460
696.935
527.248
843.000
539.000
681.648
715.000
1134.392
676.000
507.241
824.707
532.312
1391.983
1161.113
1144.137
715.000
1149.725
969.266
842.384
2102.224
509.183
2107.000
843.000
1128.992
521.627
502.271
1133.207
687.183
1138.505
715.000
500.000
1758.829
1244.286
820.431
539.000
682.347
843.000
516.261
2107.000
1133.277
1139.186
558.424
702.978
509.160
694.980
522.472
948.000
512.010
511.100
2107.000
1146.947
504.274
519.582
2091.655
1133.412
2102.224
826.431
715.000
841.800
1129.303
525.107
710.663
507.450
715.000
698.378
1146.306
689.735
511.287
1455.416
817.272
683.539
837.989
698.107
513.937
512.743
533.004
833.364
532.482
534.110
692.482
686.513
1139.207
518.589
504.285
1729.836
696.045
509.779
537.043
685.249
841.866
840.886
2107.000
1377.648
838.136
529.052
514.331
2097.639
2107.000
843.000
519.946
515.741
512.140
1397.207
695.766
715.000
516.273
2107.000
513.155
537.846
843.000
515.717
832.460
693.939
500.600
531.875
1130.690
697.029
537.868
715.000
2107.000
684.332
524.983
712.945
686.098
2109.332
533.211
2107.000
509.668
517.292
841.866
1159.769
518.589
1323.600
1163.000
697.999
843.000
715.000
535.900
529.290
2107.000
1163.580
679.845
842.586
518.897
842.418
843.000
1256.017
522.317
1724.076
527.671
1128.672
843.000
502.887
705.021
536.276
822.931
836.788
2107.000
2080.153
834.551
691.433
843.000
825.011
512.265
715.000
508.481
1367.445
1828.600
2107.000
815.289
814.247
500.382
836.415
515.201
831.089
678.701
539.600
1155.638
1153.043
2084.468
2107.000
2081.002
685.435
2107.000
512.223
1131.087
1131.443
834.172
698.347
510.085
504.756
1888.619
833.371
575.751
837.084
539.000
700.244
500.000
1469.693
679.195
2097.707
1241.594
504.257
813.966
2107.000
2107.000
1129.175
681.678
501.487
830.317
841.420
1146.780
823.878
1138.732
539.000
1760.570
829.971
1416.510
512.991
683.996
505.570
827.161
501.960
528.807
676.000
678.785
1796.066
2107.000
520.406
1126.174
978.296
1133.570
2107.000
682.027
2108.134
715.617
835.232
1509.016
1006.870
678.067
810.125
539.000
1130.400
687.218
715.000
811.715
534.881
1162.400
516.135
1151.158
511.103
553.121
2107.000
525.015
1018.020
539.490
1137.295
838.825
991.694
715.000
696.172
840.287
1132.274
525.641
538.131
686.808
1005.883
532.372
1133.291
500.017
535.094
513.260
513.607
682.667
1137.267
835.878
681.708
818.932
1134.651
535.135
515.536
812.873
525.331
1903.421
2107.000
2109.184
834.592
701.392
1733.121
676.535
524.846
508.411
523.278
823.253
690.231
572.635
538.709
536.149
1137.800
839.194
804.525
1772.231
1155.043
1244.260
1515.000
699.217
527.595
516.828
706.206
1775.710
709.493
515.722
829.971
2107.000
517.458
539.000
843.837
514.193
533.179
1131.681
830.086
843.000
1133.107
682.201
526.066
525.198
2107.000
711.657
523.263
2102.224
1149.802
500.825
689.568
1515.600
704.891
512.441
692.431
687.429
695.441
1543.787
536.687
694.168
1146.140
2102.224
505.619
711.657
505.715
531.798
2105.866
1574.236
1253.521
539.000
2108.134
1151.961
539.000
2107.000
1161.928
1129.130
500.000
701.392
533.647
539.000
507.989
715.000
509.487
2102.224
2102.224
1133.915
1162.400
538.400
1126.505
532.255
2107.000
525.330
506.668
1132.187
2107.000
1126.112
2107.000
692.838
514.701
821.221
810.202
2107.000
812.089
1423.448
522.127
2105.049
682.017
824.789
843.000
539.000
520.986
684.888
702.177
1778.849
690.163
678.841
834.689
1131.359
694.837
689.621
2107.000
695.328
2107.000
701.707
707.672
505.659
1323.600
1252.000
502.624
1163.000
687.315
715.000
693.003
539.000
695.227
512.477
519.418
1426.583
677.483
843.000
1145.095
509.513
2107.000
2107.000
525.452
807.477
2108.134
843.000
517.208
712.685
502.205
677.734
691.898
683.185
521.488
525.588
522.850
1899.000
539.000
1143.440
517.944
539.000
1163.000
695.899
2099.849
1011.390
706.935
843.000
837.004
839.359
565.965
840.197
825.836
1259.601
824.078
2107.000
1457.166
1163.000
1730.972
1136.520
691.980
1415.971
834.511
2089.243
1163.000
713.266
539.590
827.489
506.021
1131.917
843.000
715.000
500.000
2107.600
505.744
970.821
1259.000
843.000
511.670
518.918
833.041
1753.305
827.542
539.713
1130.295
539.000
1136.329
537.180
715.000
527.305
2102.224
520.664
715.000
701.409
1766.210
1132.112
715.035
680.374
539.000
948.000
525.835
837.142
500.000
1152.708
676.456
2107.000
2107.000
516.558
529.605
517.000
510.289
530.462
515.083
515.837
843.000
514.856
517.435
843.000
843.000
1532.114
2107.000
1162.400
1127.492
500.000
2107.902
836.812
708.563
843.253
534.516
508.172
843.000
527.209
1319.110
843.000
1259.551
532.699
1385.321
538.158
677.381
509.220
806.549
682.065
518.487
715.000
1729.067
692.703
2107.000
1163.000
2095.498
537.948
825.709
843.000
825.982
505.840
2108.134
539.000
715.000
1163.000
694.553
840.197
2087.305
714.301
1900.430
702.953
838.225
525.226
1142.262
2107.000
711.532
2099.183
1147.830
514.493
1541.760
1143.367
539.000
1515.600
843.000
506.169
531.304
515.425
843.000
843.000
1787.160
539.000
715.000
715.000
2106.400
715.000
1406.767
831.153
500.121
948.000
843.000
508.392
2102.224
843.000
840.328
954.611
2107.000
534.230
504.928
514.805
843.000
1143.153
715.000
691.605
512.341
1901.032
1124.000
1163.000
829.333
2107.000
843.000
1758.250
1134.916
715.000
519.177
1163.143
531.120
518.487
843.000
715.000
516.676
1312.633
840.126
516.475
820.784
539.000
506.932
967.657
508.215
1136.470
526.738
2106.266
520.561
504.928
1163.000
535.376
503.995
527.872
712.564
706.808
2107.000
532.561
2095.633
505.891
305.146
804.000
842.727
513.213
843.000
715.000
510.409
1259.450
842.400
509.717
687.277
518.873
686.300
1510.824
688.477
500.000
2105.049
539.000
536.109
523.719
1323.000
2107.000
536.972
2108.134
535.648
1532.804
829.994
829.117
1135.717
843.000
1242.219
825.497
695.214
2107.000
1719.343
709.625
709.712
1141.415
825.774
1729.848
519.732
715.000
509.746
817.258
824.333
510.186
703.307
715.600
506.969
505.126
833.344
698.206
843.867
539.600
694.463
692.572
1435.349
1315.683
1139.730
817.010
1970.563
831.490
829.971
1254.426
506.238
830.920
1159.361
714.523
698.140
502.299
1711.967
711.657
500.000
2095.498
1140.815
1509.550
505.828
539.000
1128.873
689.016
711.657
539.458
518.589
505.685
1378.215
532.407
1124.477
519.480
715.000
1246.475
691.246
1137.402
1135.021
1163.000
515.642
714.400
951.143
714.040
843.000
829.117
538.400
539.000
715.000
1163.000
2105.049
2107.000
576.996
514.523
694.527
692.092
691.207
834.673
840.280
1131.306
1139.212
2107.000
503.267
1899.000
715.000
715.000
843.000
689.253
515.299
529.809
539.443
1851.600
715.000
520.125
514.594
715.000
1140.902
1433.511
2107.000
1424.589
1021.858
509.062
512.384
1147.592
715.000
676.000
1729.686
1152.114
839.657
818.655
809.245
1311.415
1326.042
835.184
715.000
689.353
1332.093
829.773
515.114
821.498
1894.836
820.275
826.476
510.942
521.841
513.297
1307.115
535.568
705.783
1794.693
712.986
688.586
1776.347
2102.224
715.600
1323.838
706.526
831.364
996.666
536.010
1125.204
504.214
523.916
704.919
715.000
829.117
1163.000
563.996
693.927
715.000
2101.550
804.000
2107.000
1156.159
1848.462
520.839
510.785
526.712
557.478
507.991
529.458
697.331
503.059
715.000
1153.315
530.117
2107.000
539.154
1415.183
827.409
680.155
715.000
539.000
2107.000
1150.300
2086.293
504.547
1250.064
1130.359
1749.200
530.328
505.985
517.277
523.411
676.000
703.904
709.812
530.608
824.642
843.000
511.368
1258.471
1911.515
713.051
688.915
539.000
837.625
2107.000
2107.000
539.000
956.500
1162.400
686.029
1259.184
678.853
514.353
819.817
1768.733
688.138
2108.577
1161.828
1133.843
692.852
505.722
692.645
841.800
531.766
529.861
522.090
1255.240
531.318
1143.253
1162.400
538.933
714.400
713.800
690.416
514.914
515.596
1153.865
1157.401
511.535
702.773
715.000
711.733
530.203
513.702
1162.400
537.422
1124.210
711.657
532.670
539.000
1132.925
1253.236
683.017
507.897
829.971
537.943
715.000
687.735
838.308
822.962
705.578
706.109
1146.467
534.916
504.869
527.809
710.925
516.167
838.225
521.921
841.866
2102.415
971.000
1966.817
539.000
536.178
315.000
521.836
536.178
1947.223
1947.223
520.413
520.413
1947.223
1132.569
1132.569
1130.246
3707.094
4096.000
0.000
0.000
513.101
512.810
515.045
533.967
508.614
4096.000
4096.000
4096.000
4096.000
0.000
9.693
120.127
0.000
4.776
0.000
29.133
528.128
315.000
48.403
0.000
10.528
10.528
951.142
2105.866
2107.000
2090.123
2107.000
4096.000
309.625
2107.000
1163.000
3075.059
3075.059
3075.059
523.030
522.068
572.225
530.703
315.000
522.068
524.896
538.389
507.770
507.554
3075.059
509.995
1774.286
3075.059
3075.059
2104.057
514.535
715.000
843.000
518.939
1163.600
539.600
824.063
514.200
510.041
1242.344
685.178
1129.233
1155.469
528.401
1140.498
513.198
1154.129
504.354
715.000
1540.018
1128.974
1245.812
1038.636
529.412
689.804
1832.458
1893.849
971.000
1549.163
695.920
1803.000
971.000
518.025
819.054
2107.000
2107.600
2107.600
2107.600
532.690
694.361
691.873
533.052
2108.134
1767.006
1253.598
685.897
830.086
1768.968
830.101
971.000
537.070
2068.000
1252.859
1515.000
969.273
2107.000
511.670
715.000
1391.408
2107.000
2107.000
1803.000
1001.625
804.000
526.348
1259.000
833.777
2107.000
827.960
1247.585
539.263
522.769
715.000
1129.082
823.446
539.000
1133.910
1248.139
831.884
706.031
2104.857
818.668
834.433
1723.217
833.425
503.069
518.589
1253.983
841.950
2107.000
520.166
2107.000
715.000
2102.224
515.781
843.000
1130.733
1759.289
1515.000
843.000
559.747
1515.000
1007.122
820.605
1130.787
841.950
830.086
1757.944
715.000
1132.510
1803.600
986.379
1255.657
833.581
2107.000
1133.490
1424.200
2107.000
2107.000
715.581
1248.809
814.141
710.305
1124.000
504.537
500.000
506.896
518.589
2105.049
575.606
514.835
2107.000
501.941
1814.544
1932.980
501.474
826.101
1507.816
1803.000
1743.291
2107.000
1435.056
1956.541
1527.497
513.827
2107.000
1129.420
689.959
833.299
1246.436
2107.000
1515.000
2104.257
2107.600
2107.000
711.657
1133.828
1147.042
715.000
1748.000
715.000
831.486
1515.000
1149.016
1163.000
715.000
1148.099
539.000
812.213
511.837
2107.000
2107.000
840.159
1451.574
715.000
2080.795
503.741
2107.000
539.795
2107.000
818.132
2107.000
1145.638
711.787
1128.815
557.385
829.117
2104.257
527.169
1785.811
1248.464
1511.657
2107.000
1733.365
689.447
1737.643
693.213
2107.000
970.400
2107.000
1963.999
703.813
692.703
687.613
2107.000
1891.537
1138.493
831.486
2107.000
1137.695
706.178
838.825
1722.400
948.000
506.774
2107.000
1153.113
841.641
2107.000
715.000
829.117
2107.000
2107.000
2107.000
1760.604
842.929
1140.906
682.283
1144.294
1749.200
539.000
517.549
1399.936
1544.821
1803.000
315.600
2107.000
1803.000
2107.000
1140.188
814.569
1543.054
837.004
2107.000
2105.049
1851.600
715.000
527.786
315.600
1509.625
524.068
1424.065
539.520
685.969
514.646
829.117
715.000
2107.000
715.444
709.821
1135.019
2107.000
808.387
539.000
1514.400
715.000
1731.366
708.263
559.164
843.000
1800.857
2107.000
2107.000
1722.400
2079.586
823.414
683.953
524.723
2107.000
1323.000
1137.727
1135.015
838.825
2108.134
831.629
539.000
525.177
2088.236
2103.656
971.000
1932.307
839.657
2107.000
838.373
841.893
1150.507
829.117
829.117
1133.052
682.801
512.804
829.117
1133.052
539.921
1934.962
539.000
1157.338
832.437
539.000
502.226
1140.244
2107.000
1898.897
1140.209
839.657
804.000
522.269
514.700
715.000
2102.224
837.488
1515.000
829.971
1163.000
2107.000
1354.587
1163.000
1515.000
2107.000
676.000
827.638
563.090
1803.000
1141.520
2107.000
539.000
2107.000
829.971
2107.000
842.400
816.891
676.161
828.545
1515.000
1142.005
505.888
1141.117
1944.592
562.028
2107.000
1163.600
715.000
1251.738
839.657
1141.056
1155.850
2107.000
714.400
701.157
505.744
2107.000
843.630
1158.775
1515.000
842.400
843.630
2107.000
842.400
1131.047
2107.266
1794.605
521.708
2107.000
971.000
2107.000
1131.047
1317.363
1900.734
539.000
522.892
1163.600
714.400
2107.000
528.793
808.665
1747.103
831.965
2105.049
1131.047
517.928
1144.068
713.866
838.308
1256.777
539.000
1144.989
715.000
1130.779
1133.052
1728.531
2107.000
1163.000
1142.836
2107.000
829.902
813.168
1126.314
831.965
2107.000
697.287
709.839
2091.586
2107.000
1255.486
1515.401
1771.024
2101.550
1893.295
705.509
2102.224
712.733
711.960
843.695
1941.096
2107.000
829.971
503.574
2107.000
1163.000
1541.177
1162.400
833.836
1896.201
539.000
1722.141
539.000
1126.212
715.000
1791.045
1884.406
1160.689
810.862
958.433
529.905
2093.354
1915.000
1149.023
836.304
1974.401
2068.000
512.472
1163.058
988.242
1822.814
505.195
1921.686
1803.000
1162.400
2084.468
715.601
1513.791
2072.776
1154.977
2077.563
2090.532
834.762
1800.257
1257.714
1156.696
1800.257
690.879
1131.116
2063.072
1915.000
1153.976
2107.000
1148.870
703.259
1515.000
1922.545
1246.812
1135.059
539.000
2078.751
2068.000
839.343
838.373
1937.061
1128.463
2068.000
683.635
505.523
692.352
532.429
700.227
1154.529
1162.690
1128.517
1001.886
830.509
523.658
2107.000
2062.684
1981.149
1439.966
568.829
1163.000
703.014
2076.228
2107.000
539.000
1730.249
501.113
2107.000
1130.957
1163.000
839.388
1124.304
827.763
525.686
690.732
715.000
1828.000
2076.175
2102.224
2107.000
1140.514
502.559
1128.000
2099.518
2107.462
2107.000
2068.000
2107.000
1161.800
1158.248
2107.000
1124.508
698.436
2107.000
1963.508
1849.522
2077.894
1839.532
1731.647
2068.000
683.445
1513.791
1161.822
1997.412
715.000
1829.757
1133.877
1148.752
2107.130
1162.753
1130.786
715.000
1839.291
682.801
715.000
1020.105
1147.904
715.600
2107.000
1400.849
2068.000
1784.038
1799.675
1153.451
2068.000
1139.134
1754.441
715.000
825.739
2068.000
1393.397
504.537
1147.012
2068.000
825.774
570.198
519.418
1159.395
715.000
1893.236
539.000
843.600
2105.022
500.000
1131.113
1163.600
825.774
715.104
1393.993
708.829
715.000
1890.714
2024.746
1979.291
2068.000
1134.352
1156.075
1765.035
1752.316
1161.800
1787.000
1026.906
1163.600
539.887
539.600
1163.600
841.251
1773.897
711.727
1900.134
1129.295
1163.600
843.540
1774.647
1546.834
826.494
1904.005
522.500
539.000
1781.481
1137.184
1969.220
689.095
2068.000
505.977
823.609
1136.443
2107.000
685.001
500.000
500.000
1163.000
514.437
687.358
519.525
2098.790
1782.224
1147.904
504.537
2068.000
519.397
843.540
2100.116
822.182
1163.197
1159.785
1899.000
688.501
1770.013
711.657
689.310
2097.141
1134.255
2070.503
504.537
1797.623
2069.122
522.227
1775.726
2083.538
1160.630
1893.016
1798.137
503.508
1400.849
1163.600
1780.371
1919.497
2068.000
1849.266
825.774
522.926
512.975
1781.192
1779.059
1851.000
825.774
1163.000
1350.684
504.537
835.220
1007.087
2107.000
532.166
536.915
713.866
1907.816
2075.643
1903.935
2072.966
676.000
1001.726
820.013
834.908
2092.784
2108.134
1160.131
1507.816
1163.000
1163.000
1131.261
700.984
1788.940
1782.833
2072.776
711.657
1403.960
539.000
1140.928
506.722
2102.224
2102.224
715.000
1712.483
1549.634
1125.006
1161.800
697.740
1163.000
1153.933
1163.000
2096.097
714.400
500.000
1249.818
837.522
1129.773
1399.104
1757.756
539.660
2107.000
2088.042
1151.945
2103.656
1515.000
2067.171
528.344
1135.509
506.320
2095.498
1163.000
2068.000
532.288
1162.517
1126.042
824.208
1507.816
2090.647
2108.134
2085.546
2107.000
500.000
1929.296
1547.631
712.280
503.973
1777.261
1129.006
539.000
1511.759
715.000
2107.000
1146.522
1960.370
1723.000
1414.485
838.786
539.000
840.159
1155.041
520.004
840.328
836.854
818.370
507.015
529.447
1719.070
1151.710
1163.600
1163.000
1766.410
2086.622
1731.272
699.589
1747.228
1943.470
840.263
840.159
1906.504
1127.500
1139.205
715.000
2107.000
2071.614
528.096
2096.097
838.225
1793.005
1244.045
1798.238
1962.452
1135.961
836.000
537.800
1772.954
827.313
526.822
1128.658
1778.597
692.976
715.000
1845.267
1137.821
1132.437
818.784
539.600
2096.097
2107.000
534.186
2107.000
1416.714
950.726
509.311
503.133
953.574
1515.000
1150.256
1776.945
519.615
1912.558
823.386
1137.821
1978.733
535.778
2094.963
526.758
2084.465
2107.266
2107.000
519.303
1771.986
702.906
508.272
1768.406
523.886
1990.965
1803.600
680.910
2108.134
711.460
843.000
2107.000
2089.243
1142.405
2107.000
539.000
507.569
2107.000
715.000
1142.585
2107.000
1157.364
1243.913
2101.814
1136.087
1142.861
2000.138
1160.890
2078.941
840.159
1751.583
1783.813
1733.227
707.570
535.326
507.664
506.637
839.657
1792.152
1138.691
1884.134
525.553
2102.224
1770.775
1909.625
1163.000
2107.000
707.893
1781.707
843.000
839.657
2107.000
811.419
1153.911
686.792
843.942
685.963
843.000
513.915
539.540
1780.732
1784.588
1156.610
1798.751
1163.000
539.000
715.000
512.482
567.656
539.600
840.159
715.000
1161.800
1163.000
1885.676
1769.521
682.977
1780.190
1723.000
1163.000
2107.000
539.141
539.000
1131.679
539.000
507.478
1915.267
995.354
1775.673
2101.814
1139.089
1163.000
1913.060
2102.224
1161.957
512.385
1787.642
811.419
500.000
2107.000
715.000
1777.312
1131.962
697.577
971.000
843.000
682.192
1136.561
819.744
1528.836
2101.550
2091.655
1162.371
2095.498
1124.227
1782.974
706.191
820.117
681.659
704.155
2107.000
1160.028
678.341
2107.000
816.964
2108.134
2107.000
1163.000
513.034
531.866
516.652
2108.134
539.000
1163.000
1897.743
539.000
1883.000
685.887
2033.536
522.022
539.000
1770.723
819.744
505.027
539.600
539.144
1456.738
2101.550
1787.282
1450.046
1770.631
1887.690
2068.000
520.740
1163.000
715.000
1769.210
2107.000
1128.080
1938.447
1883.000
1131.294
1723.000
843.000
1448.194
504.658
1163.000
1161.800
818.993
843.000
1145.022
1762.288
525.158
2012.007
2076.682
1791.162
2107.000
715.000
700.427
804.242
1770.647
2106.400
535.953
840.054
2107.000
1885.617
539.000
814.646
1514.201
1163.000
1442.717
1797.012
1163.000
537.818
2094.119
2107.000
1786.171
2108.134
1163.000
1769.847
715.000
843.000
1153.045
1129.634
1448.194
2107.000
539.000
506.162
1448.194
1127.632
1126.616
565.031
843.000
513.213
539.000
1791.300
1915.000
1775.268
2108.134
2107.000
2107.000
2107.000
805.870
1259.117
1157.340
1152.674
511.670
1950.266
714.400
505.741
1915.000
843.000
1163.000
676.000
804.000
519.682
690.257
2059.490
715.000
1887.390
515.523
2058.910
2081.455
2095.782
713.681
2071.845
537.800
1764.067
1892.982
689.427
714.400
1163.600
1141.009
812.855
1148.550
1163.104
1771.948
2068.000
516.170
1913.266
1153.173
2086.949
1163.000
706.597
1127.903
2066.710
1784.381
804.000
515.783
714.400
1163.600
1779.567
1789.084
808.852
1157.671
682.791
1163.600
575.136
1163.600
1884.134
2066.866
536.877
715.000
805.734
2067.524
1777.601
1792.831
2068.000
1163.600
2067.236
1783.759
2075.217
1803.000
1897.806
539.000
2068.000
711.280
1785.991
1790.961
1784.497
1140.844
537.816
714.400
509.832
955.266
687.259
2102.680
1162.994
511.670
505.957
1160.947
512.655
1893.822
676.000
714.617
808.496
1907.188
843.000
826.627
539.000
1773.323
812.746
515.097
697.202
1028.078
1784.589
1783.962
1803.000
539.000
714.400
1155.765
2075.196
1155.864
520.961
1960.474
514.009
1163.600
537.800
1124.000
500.000
1788.388
1126.873
1259.000
697.902
1938.412
1989.010
843.600
2074.500
1163.600
2095.498
529.993
1425.890
715.000
1124.600
1130.580
537.781
1130.307
539.000
676.000
1787.267
522.733
1163.600
514.009
2068.000
713.800
1785.853
2068.000
713.962
1163.000
1163.000
834.634
691.155
1127.778
537.800
500.000
843.600
712.207
1407.673
2065.653
1143.490
819.744
1403.286
1796.906
1162.704
1130.455
1763.728
1773.664
1757.700
1144.584
1137.453
680.074
1421.469
500.000
1760.929
1154.111
518.818
1779.220
1892.000
524.692
1159.455
713.800
1149.321
2068.000
505.794
818.890
1768.503
539.000
1763.062
510.095
1418.396
1761.584
1779.431
1796.918
1985.989
713.800
538.691
1138.440
1892.000
1790.096
1157.225
678.341
1804.065
1765.573
1777.481
1132.337
2068.000
1851.000
1764.050
1131.347
1142.672
538.400
2085.757
1787.000
818.081
712.893
1132.822
1767.859
511.950
2068.000
2021.173
1159.469
1765.757
819.744
1779.305
1136.817
1753.594
1400.852
1779.548
707.854
523.314
1163.000
1774.691
715.000
692.019
1152.889
1765.186
1900.134
679.498
1781.823
1961.286
1777.102
1775.464
537.800
2068.000
1163.000
1786.421
500.376
1776.346
1782.586
1138.643
1778.146
804.000
1879.729
676.000
1770.647
705.062
1125.056
688.620
821.081
1242.981
1400.632
821.232
1782.827
841.266
1735.988
1163.000
1160.951
1777.071
700.471
519.989
537.800
1124.000
685.979
1760.977
1125.897
676.000
1780.669
1163.600
508.504
697.736
2068.000
1774.754
1131.372
823.428
1163.000
524.756
1151.282
539.000
1393.505
2459.000
715.000
1770.854
517.836
2096.628
697.736
2107.000
1163.000
1800.901
1389.906
1896.776
1014.060
1769.012
1163.000
1163.173
1751.591
514.634
518.926
1137.533
535.937
1155.153
1955.500
1459.983
2101.845
681.867
1163.600
1019.743
527.130
715.000
1163.000
523.443
1883.000
539.000
1136.476
1163.000
1765.873
1892.000
1149.535
1133.478
539.000
818.890
2108.134
504.928
1447.388
2076.900
715.000
1791.354
821.691
815.018
1962.318
1788.134
1768.615
2089.512
527.130
1758.228
1163.000
1883.000
715.000
1760.051
1558.017
2107.000
823.070
1323.000
1135.021
715.000
1769.320
711.686
971.600
1163.600
1768.002
535.007
819.036
841.266
1765.494
1778.951
821.876
715.000
971.600
1011.807
1163.000
538.921
536.706
1459.983
1871.140
518.029
715.000
1766.554
1459.983
1418.387
995.916
1459.983
715.000
678.236
1023.514
818.064
686.713
715.000
1769.361
1790.934
1137.685
1729.328
715.000
1146.406
715.000
715.000
1803.000
522.147
2107.000
693.919
1850.360
688.155
505.526
503.734
715.000
818.890
1951.990
539.000
1784.558
1152.769
1941.496
1132.661
1130.125
2006.826
1779.545
1146.432
819.560
1124.000
1766.406
532.667
1784.662
1449.810
1749.200
715.000
823.017
506.041
1365.659
1256.106
1160.435
1764.246
1828.600
715.000
684.785
1163.000
1131.833
1785.996
1133.052
715.000
1763.130
1125.031
1134.162
970.400
1782.455
1757.033
1794.232
988.157
1132.540
1744.067
712.013
1160.255
2100.416
1136.307
2107.000
1136.282
1779.848
1163.000
1768.339
1777.302
1803.000
1782.590
1753.846
1768.844
1422.218
1774.071
708.507
812.631
1752.776
1775.022
1126.208
695.304
988.157
532.799
998.912
1761.626
1771.299
1723.933
998.912
1779.551
1784.493
1775.186
715.000
1792.117
1794.853
512.381
687.091
1748.097
685.171
812.631
715.000
714.934
1768.509
539.000
712.274
532.898
1775.370
1780.560
513.731
1766.520
516.707
505.311
1461.324
1767.814
539.000
712.335
839.343
515.333
711.657
1794.285
711.657
539.000
1776.284
1145.203
1127.065
1777.759
1794.434
1801.240
1760.302
1770.339
679.596
1782.181
695.526
1798.036
530.939
537.413
1792.514
843.000
1716.012
715.000
520.746
715.000
1779.758
1782.765
503.664
1377.210
1779.145
715.833
534.678
715.000
827.071
527.166
1158.489
713.139
1138.730
1163.000
1161.391
715.000
1757.629
832.173
1532.889
715.000
1779.049
713.800
1727.605
715.000
1769.145
513.663
1773.083
507.526
1793.409
804.217
1777.397
1786.171
1748.000
1802.147
701.218
1132.403
715.000
539.000
829.971
715.000
1339.691
1134.511
843.000
534.109
505.741
1446.057
1146.750
1163.600
1772.887
503.665
1803.000
843.131
1137.542
505.518
819.209
539.000
715.000
712.335
1543.625
1803.000
1789.388
1410.766
1755.082
1765.560
834.834
688.775
1767.948
526.009
532.635
677.821
539.000
1163.000
1789.416
1774.469
1754.982
531.681
1764.286
1163.754
534.857
1147.913
688.037
1136.701
1776.459
1766.339
1148.348
1791.609
568.727
1786.544
678.207
539.000
505.589
715.000
1761.936
1405.017
1751.841
1145.081
1774.808
711.460
1760.374
1741.416
1748.000
1155.442
686.605
842.687
691.680
967.870
843.000
1775.085
1148.243
1146.747
832.860
826.147
1765.973
1779.509
1790.193
539.600
515.333
1770.655
1723.000
1797.256
1159.804
1748.000
1142.569
971.000
1779.508
1783.514
534.678
1758.534
529.292
1133.024
842.687
513.606
539.000
677.741
1762.705
1774.531
1768.013
842.550
1759.103
687.655
539.600
1758.445
987.124
1774.605
1768.797
715.000
1155.215
1770.747
843.973
1124.000
711.657
1791.865
1851.600
1754.406
1762.807
1404.406
715.000
1758.239
539.600
1124.000
520.980
693.657
539.600
1803.000
1790.323
1765.274
1773.689
1748.000
539.000
534.972
829.971
533.642
512.467
1404.149
537.614
1785.796
535.689
533.401
843.000
839.532
1771.807
1753.752
994.389
1765.514
713.800
1768.806
1125.761
1774.196
1723.000
1534.020
1782.173
1776.720
843.000
711.657
1163.000
1751.020
676.533
715.000
1026.639
1755.238
1771.578
539.244
1787.493
689.528
1748.000
713.027
1770.341
711.657
1780.906
1770.442
1762.251
1781.064
1773.230
1900.134
1780.185
1736.766
1163.600
839.532
1163.600
676.000
1763.608
689.526
1749.944
1793.567
1749.200
1798.224
1767.291
1163.000
517.883
1446.057
829.971
1764.864
1446.057
1763.189
1748.000
539.600
841.266
569.426
1762.657
1771.850
1783.801
1778.016
1748.000
1718.756
538.400
1129.813
1127.691
1770.400
538.843
824.402
842.687
715.000
970.710
1790.998
1761.618
1768.784
681.973
1775.437
539.000
1786.510
843.000
1464.289
1434.763
1775.944
515.013
977.790
1775.473
1163.600
1131.720
1132.352
1774.534
514.056
515.010
1786.068
1163.000
535.012
539.600
503.900
519.418
715.917
1152.761
1803.000
1760.036
1775.845
715.000
1757.873
538.400
1773.704
841.266
1773.698
515.013
503.263
1787.770
711.657
1899.000
1787.000
1780.906
1785.788
1792.200
1766.731
1794.045
1774.131
1125.149
1792.884
700.840
1160.964
513.984
1774.616
1769.243
534.678
1777.302
708.287
538.400
1760.036
1134.891
1759.031
1404.308
1148.529
715.600
842.687
528.852
539.000
1775.720
1150.954
1150.578
715.000
1760.636
539.000
1769.800
1438.387
1151.529
713.800
688.217
528.927
1793.989
715.000
1749.200
539.000
702.999
686.736
1759.689
512.126
676.000
709.930
1771.225
821.359
1775.756
1778.607
696.175
841.266
1770.225
1780.446
500.000
705.218
709.478
1752.416
843.110
1750.543
679.887
690.501
1752.699
1445.685
1754.686
1754.949
1784.919
1734.873
1245.111
1161.800
511.766
715.243
1779.410
1160.475
1780.184
833.161
516.103
715.000
710.894
1148.582
1752.443
1781.186
690.301
830.658
538.400
696.175
1163.000
1778.197
1137.695
1142.298
1126.314
839.532
843.000
839.343
1407.454
1775.162
1146.972
1774.291
535.182
525.359
539.000
705.062
1767.599
1152.375
1777.590
1740.757
695.210
1139.303
1308.525
715.000
1124.000
711.633
539.000
690.428
1731.802
1779.617
699.448
1757.095
1759.706
1800.257
539.000
690.971
1771.003
1129.487
525.705
1793.083
1796.164
843.000
1776.183
1777.829
1758.276
1771.373
843.000
1775.500
1161.800
1130.489
704.833
1764.976
519.237
1780.543
1723.000
1753.898
1259.390
692.181
1790.364
1749.966
509.841
1783.744
1770.004
1770.849
510.542
518.455
843.000
1245.765
539.000
1140.946
1760.636
1762.187
1425.170
1129.859
709.930
690.756
521.054
1734.752
500.000
839.343
1775.190
1776.307
679.159
514.713
687.614
531.880
1757.077
1765.882
685.855
1760.077
1026.152
1765.226
971.000
1772.425
1758.396
539.222
1763.586
532.649
1449.771
1127.460
519.968
703.896
530.322
690.870
1161.800
820.571
1151.404
688.078
1723.000
524.314
1531.057
1773.750
804.000
1768.660
843.000
533.023
1761.714
511.670
1161.168
1433.821
715.000
1758.514
693.529
1803.000
713.800
1798.851
1163.000
1786.753
1766.144
839.343
712.154
1308.525
1765.484
1770.445
534.343
700.161
1775.498
1775.797
1161.509
539.000
819.576
1761.135
1775.814
1163.600
825.684
1408.161
1723.000
1777.018
1776.525
1784.439
843.000
1759.502
1001.945
1020.583
1754.035
843.000
1777.072
689.786
1134.769
1757.760
715.000
678.671
500.000
1792.617
1786.172
1766.269
510.376
1247.706
689.768
1747.128
1770.476
1132.886
834.595
679.887
1781.205
1784.099
1754.521
715.000
538.825
1767.529
1740.134
1779.791
1371.375
1802.639
1363.723
971.000
1425.765
842.339
1761.235
1769.355
1787.000
1754.336
843.000
1771.167
1779.795
539.000
715.000
1790.381
708.313
711.693
1153.528
1367.128
840.197
1161.949
504.681
1155.551
1788.089
676.000
527.401
714.521
693.893
1336.677
1758.902
1161.800
843.145
1004.476
513.192
1144.777
1734.181
539.000
1783.626
711.657
710.510
1021.307
840.328
1786.932
1785.436
1718.697
1771.482
1772.777
539.000
1793.238
1749.200
1414.907
1786.968
1907.518
500.000
1762.063
514.538
1779.406
1002.508
713.800
1761.646
526.604
1145.487
970.744
692.970
1259.600
504.128
1748.000
804.000
1152.750
1163.000
1158.715
1163.000
1795.709
1787.637
1803.000
2107.000
958.121
1803.000
705.093
513.293
1787.386
676.000
1163.000
2100.416
530.119
1319.414
500.000
685.459
523.020
1163.000
711.657
1775.132
539.000
1799.497
1132.407
1418.250
837.755
1773.854
1748.000
682.177
1791.498
539.000
836.000
1751.184
1463.942
522.742
836.000
710.894
503.239
1714.829
843.000
1770.756
710.068
1851.000
843.540
1727.753
1375.119
532.671
1763.828
539.000
1163.000
1796.880
832.497
1306.369
1143.873
514.897
1759.502
1418.250
539.000
1785.756
500.328
1395.365
677.677
1785.442
1764.481
1765.628
833.444
1126.210
1244.392
2089.372
839.532
1771.684
1774.061
1780.216
1770.220
1793.888
1766.103
1765.628
2108.134
518.440
1775.992
1771.695
715.000
537.307
1753.382
539.000
1785.308
1793.461
515.253
1756.710
1371.817
539.000
1163.000
1771.500
1759.823
1681.243
1787.838
536.412
526.604
685.581
711.958
1765.640
1787.749
816.594
819.026
709.097
1153.199
500.000
1762.732
680.715
1803.000
695.175
1787.000
1768.324
1161.800
1785.344
715.782
1752.787
1777.187
539.600
1562.759
1413.618
538.324
1723.000
539.000
1748.000
715.014
1131.895
1776.031
1136.430
522.255
500.000
1780.465
1716.008
1732.776
696.106
1772.873
500.427
526.607
1163.000
1150.438
839.343
1139.844
539.807
1765.255
1160.859
1799.972
1796.108
1908.000
713.866
1765.628
1428.746
1124.000
1711.987
685.459
1792.725
818.237
826.368
1801.266
702.388
1782.959
1764.007
539.600
1803.000
523.172
1418.250
842.729
1760.508
1748.000
702.749
713.800
1770.544
840.197
519.647
1782.766
1439.360
811.253
1156.218
703.817
678.905
1792.376
538.400
970.744
526.607
1719.867
2107.000
676.000
715.000
538.880
676.000
1769.181
517.185
518.818
1779.804
1793.450
1138.074
1723.763
1751.441
503.350
1792.753
500.000
521.349
1146.887
1802.524
521.843
1753.061
526.604
839.532
827.467
1787.768
1771.549
536.240
840.197
1163.019
1785.665
1723.000
1748.000
1787.825
1713.305
1792.265
1777.027
815.480
1124.570
504.434
565.905
1804.997
532.855
708.272
819.744
1787.000
1162.400
1756.664
1444.504
1757.109
1163.000
1798.502
513.293
1783.834
1785.046
1753.187
713.167
1433.537
1785.093
538.931
539.161
809.248
526.878
715.000
1770.728
508.272
1441.984
971.600
715.855
1142.891
539.600
1129.200
715.000
713.800
516.805
1159.403
1775.498
1769.560
1774.696
1799.657
1346.247
703.371
1838.902
711.657
1163.000
1748.000
821.600
1163.472
1163.000
1760.981
1131.074
1803.000
1780.010
1774.775
516.805
1798.224
1793.883
1792.450
538.400
1749.200
1126.620
1777.072
1780.712
699.342
1830.211
1764.870
518.986
1717.684
842.430
1773.113
823.087
1770.532
1162.400
1834.977
843.000
534.355
514.538
515.787
572.113
1766.369
1777.952
1777.612
1137.183
1748.000
1788.944
1124.000
1769.450
842.495
1762.844
1687.780
538.809
834.232
693.635
948.000
843.131
1154.358
514.538
1787.000
1782.224
1163.600
1773.955
1160.735
536.612
1799.883
985.396
533.293
1129.160
1803.000
1748.000
1872.734
512.126
1162.400
1769.829
1127.240
835.995
713.800
715.251
1784.506
1134.895
1770.005
1544.743
837.755
697.192
1712.645
843.000
1795.262
683.588
539.000
1785.568
1452.177
1788.407
688.814
1830.704
843.000
1740.134
1531.877
1163.000
843.000
1124.000
539.600
521.529
708.691
1788.432
1746.688
1788.790
843.000
1752.702
688.697
1762.311
1160.360
1444.504
1791.162
537.800
532.535
539.143
818.993
715.000
1785.364
1748.000
1832.776
539.000
715.000
817.873
1752.661
1775.051
715.000
1787.000
1708.475
1792.335
1777.101
1153.373
521.529
1783.137
533.293
843.000
715.000
1790.036
1782.224
1158.786
715.000
514.119
1762.422
526.868
1757.983
827.347
1781.236
1792.514
1163.000
679.515
1000.025
514.535
1130.183
538.400
825.025
508.251
534.046
1775.498
715.000
843.000
1134.305
1244.419
680.344
1763.645
1772.572
681.142
823.087
1751.767
1124.000
1791.169
1797.830
695.922
1244.015
1726.048
1137.984
1711.314
715.000
1773.171
1130.305
1775.355
1144.680
539.000
1384.012
826.246
1782.070
1772.175
1161.045
1129.418
1762.501
822.150
1762.889
1154.176
715.000
1162.400
1785.797
715.000
1786.701
523.244
1777.373
1777.838
1013.705
536.612
1721.678
500.000
1159.833
805.734
1163.000
832.437
1776.917
1751.120
536.449
715.000
833.429
1777.437
843.000
1775.498
515.211
1789.417
529.950
833.891
1778.028
2095.480
1135.108
1717.223
1527.036
1775.127
1786.178
1781.451
1798.953
1792.450
969.539
512.324
1777.349
522.100
517.162
1126.616
535.959
1786.698
1777.091
1788.794
1155.771
1163.000
804.000
537.085
1756.797
1782.448
1158.520
539.000
834.081
1782.224
539.226
1143.546
1803.000
530.601
703.164
518.034
695.473
1786.660
517.751
1131.669
715.000
2060.741
1795.668
843.000
1791.604
1794.127
1798.081
1151.275
714.685
1784.257
538.400
522.148
533.283
1798.210
1428.930
1781.380
529.336
1770.748
1772.386
1446.723
1765.079
538.915
1764.000
703.113
539.000
702.416
511.533
1791.134
1160.067
1163.266
1756.304
518.351
1776.497
691.807
1784.558
1020.090
503.750
1722.286
531.007
1776.881
514.527
1769.956
959.396
711.657
1782.763
1791.276
1794.312
519.505
1765.102
1129.295
715.000
1790.148
1766.863
1776.477
533.558
818.915
1163.000
517.481
1124.000
715.000
1163.000
538.802
1131.669
841.266
689.115
521.880
1163.000
501.417
1769.267
525.862
1781.317
2082.104
826.710
1797.625
1786.408
1786.213
1711.652
1803.000
500.396
1145.043
1795.931
713.800
539.609
1778.403
1787.267
1134.386
1783.697
816.230
1158.275
1163.574
1791.494
1715.768
1792.191
1769.740
707.780
1792.773
715.000
1163.000
1131.083
528.396
963.120
1794.273
508.272
1776.567
1791.296
819.835
1787.918
529.241
1752.776
519.503
682.171
1774.515
1784.332
1757.151
1126.200
843.714
715.000
1132.688
1754.686
1775.648
1780.183
515.325
1799.958
1130.485
715.000
514.613
1787.000
1801.266
1161.390
1791.498
1777.275
514.997
1163.000
1770.156
1769.044
1748.778
715.000
1257.464
1797.819
676.000
517.764
832.698
538.400
1789.365
1789.497
1771.655
1395.209
539.000
525.103
1129.118
1803.000
1844.344
1799.636
514.997
1820.259
1781.870
1757.439
516.625
1794.434
1784.625
539.000
1388.130
1773.317
503.634
813.346
1323.352
1772.772
1005.177
1788.134
682.337
1764.000
712.817
1801.600
827.361
537.676
1794.772
1797.625
843.000
1768.105
529.357
1770.846
1792.378
529.388
704.367
512.476
1783.032
1163.000
507.402
715.000
708.905
1739.712
684.867
713.866
1767.775
1762.017
510.183
1768.976
2071.884
1777.141
843.000
2101.550
505.744
1762.568
681.793
1162.400
843.000
524.632
1778.445
507.478
1163.600
1772.710
1800.746
1753.218
825.325
1775.866
1131.968
1899.000
1802.446
1161.493
574.935
699.102
1748.000
706.109
1748.000
1748.000
1750.996
1799.657
691.017
1748.000
1777.752
708.565
693.175
1718.222
528.415
1900.201
1547.223
539.000
843.026
522.266
843.000
1773.994
1766.948
522.506
1777.242
684.152
1757.551
1148.402
1150.368
1765.541
1791.502
521.038
1751.343
842.511
539.000
706.109
1777.655
1138.880
507.691
572.431
1134.582
676.000
1759.682
1143.263
539.000
2100.313
1766.026
1760.683
1753.898
1131.000
528.498
1758.227
1748.000
513.695
506.594
1748.000
979.340
715.000
539.000
1770.640
1749.212
1161.171
1147.231
1163.000
514.571
826.974
1763.345
1128.945
1756.495
1778.494
841.866
692.807
1761.225
1771.003
713.800
1759.838
1777.105
1748.000
1162.341
842.812
1791.450
1798.346
1789.732
706.109
523.210
523.378
539.000
711.461
1018.744
1748.000
1748.000
1743.398
678.965
711.928
1159.051
1163.000
1774.190
1780.732
1755.368
1754.824
1748.000
1754.713
1153.847
821.268
1748.000
1751.007
1770.436
1831.678
1754.584
533.529
573.688
1766.430
819.598
1801.266
1752.776
1148.616
843.000
1748.000
715.000
1772.375
1748.000
1794.660
559.603
700.269
1778.691
1771.557
515.556
520.728
1787.000
1752.945
811.598
507.365
1748.000
823.218
707.687
1163.600
1126.546
1765.425
539.000
818.866
535.963
1793.524
971.600
1792.542
1773.326
708.404
1791.092
1454.718
713.800
707.495
1760.870
1763.345
715.000
1163.000
1259.600
713.800
1748.000
711.146
1803.000
1797.625
815.232
518.222
1758.348
507.478
831.694
834.190
1454.639
1788.577
509.158
507.774
707.808
1800.857
1754.874
1787.000
713.800
1751.694
1774.657
981.439
1801.266
1124.694
1783.435
539.000
539.000
507.635
1792.780
520.507
1163.600
1155.885
1769.619
525.594
694.790
1776.504
713.800
1129.118
1163.000
715.000
537.744
529.018
1784.833
1127.664
1759.747
708.313
816.788
708.313
691.807
539.000
1781.549
1748.000
566.010
843.086
713.800
1163.600
1163.600
1423.199
514.790
962.360
712.789
986.345
1026.639
1803.000
1784.257
1748.000
1791.073
1770.723
529.219
1007.039
1790.996
1748.000
691.322
1749.134
843.000
534.765
1794.930
1753.073
1753.186
821.439
676.709
1163.000
1754.584
539.000
806.236
534.450
568.223
1772.436
1778.684
1776.600
1774.195
1758.305
698.021
503.069
804.000
521.570
533.559
1772.602
698.089
539.096
1796.980
706.322
1756.860
705.032
1128.056
564.836
532.479
1730.799
1018.791
707.889
701.235
530.848
1442.721
816.083
1803.521
1782.974
1900.134
1790.994
532.318
1765.628
1884.134
1810.956
1748.000
1158.021
812.384
1762.308
697.733
1773.147
707.847
843.684
715.000
693.350
1777.012
1145.745
1774.716
1792.936
812.816
838.366
503.465
711.657
1761.883
1755.795
1782.224
1785.049
691.518
810.727
1543.787
1775.700
1782.008
1776.098
1410.778
1152.228
514.538
1782.224
1728.317
523.973
527.926
1806.577
713.866
1781.291
509.486
1775.158
695.919
1450.500
539.600
537.237
711.595
1763.443
1763.214
1543.787
698.089
804.000
567.553
519.438
1749.200
1782.974
1781.248
1878.224
539.000
564.836
1561.979
568.317
1787.842
695.919
1014.665
715.000
953.434
1764.325
1831.525
1787.000
696.523
1748.000
524.726
698.089
531.559
1765.268
539.000
812.384
1555.486
1794.399
815.541
1775.498
1780.759
822.036
1124.000
808.459
1787.158
526.878
700.033
534.974
539.000
711.657
529.654
1769.616
1163.000
843.000
820.388
539.000
829.389
1127.381
1798.640
1908.000
1158.716
1804.542
539.000
1755.776
812.631
701.470
1760.153
811.941
1442.518
1259.000
689.958
1774.484
1158.570
518.541
713.866
808.459
814.685
521.398
1426.626
1787.618
1780.440
1752.702
1760.636
525.884
808.062
1778.582
564.836
502.893
1410.766
1785.422
1748.000
1127.829
1889.338
1759.331
1908.000
808.459
1775.254
1155.028
504.035
1789.430
1908.000
1785.866
1883.000
525.823
808.178
539.000
1908.000
539.600
1778.860
515.508
1754.755
1024.533
539.471
1787.000
715.143
1794.144
715.000
1762.529
1450.500
1161.800
811.478
1163.000
808.459
519.135
1786.517
819.744
1775.589
812.384
530.439
1568.883
1803.000
1163.000
1149.170
1147.174
968.764
1772.023
1161.800
1782.498
1543.787
1772.200
697.083
810.492
1783.291
1775.498
812.214
715.000
1749.277
1769.180
1785.023
528.902
1129.231
1543.787
1757.551
715.749
504.101
682.003
539.000
1802.767
715.589
715.000
1006.210
1749.122
1761.199
715.000
1787.841
1163.600
1543.787
1161.800
810.426
1774.880
1764.000
1764.000
1429.953
1828.000
1748.000
1775.308
1775.940
1787.917
1915.000
2073.608
1798.224
715.000
711.239
1803.000
838.059
539.880
526.898
676.000
1153.852
533.807
1157.947
1783.596
518.818
1774.329
509.768
841.266
2068.000
2095.498
676.000
1778.672
539.000
709.607
1564.830
518.270
1892.212
2031.998
1765.757
2072.776
818.428
2105.568
1851.000
695.987
1163.223
2082.228
2108.134
676.000
1766.532
706.109
500.993
2108.134
1144.728
2068.000
1126.217
2108.134
1323.217
2086.804
2108.134
1731.330
843.000
832.460
1908.000
1897.192
2086.879
1899.000
1322.995
808.593
1145.450
1245.936
539.000
2107.000
2108.134
1748.000
1152.539
1801.422
1761.720
2107.000
715.000
715.000
711.595
715.000
1549.946
2078.417
508.525
1754.985
708.905
841.266
833.344
2107.000
2108.134
707.227
515.261
501.109
1153.294
1785.243
529.993
518.708
506.083
1780.986
804.000
704.544
2108.134
538.227
1162.400
1803.502
682.201
539.600
1155.596
2108.134
1457.184
999.626
1771.174
804.000
1923.510
2107.000
1141.197
503.367
1904.706
533.290
818.123
1858.142
2077.013
518.818
715.000
2107.000
816.896
1803.000
1163.938
1163.000
715.000
1973.227
1793.800
2108.134
1983.003
539.000
843.131
511.034
1773.425
2107.000
1718.466
1139.808
2104.446
1130.519
843.000
1878.224
1785.274
1772.225
676.000
1774.396
1133.042
1560.688
1786.926
1162.400
1939.345
1128.826
1131.823
1778.662
2108.134
2080.153
1789.257
2107.000
1162.400
1788.126
1785.902
679.876
833.393
691.333
715.000
2102.224
1908.000
711.948
539.000
502.938
1758.633
1915.000
818.027
1908.000
538.246
539.043
1162.400
1883.000
2071.302
1774.116
560.233
714.934
1129.855
1163.000
1883.000
522.411
715.000
503.069
833.824
2108.134
500.000
515.578
2096.097
715.000
2108.134
566.132
2104.625
1127.222
1761.570
522.223
1908.000
511.034
715.000
842.400
681.877
1899.600
829.868
1913.866
1915.000
500.788
1124.000
2108.134
1131.297
533.290
562.724
1759.103
539.000
2100.416
1780.554
539.000
682.221
539.000
2101.814
715.000
2107.000
500.000
2105.568
822.095
560.435
1803.000
818.428
1741.166
517.570
2108.134
527.805
2056.861
1766.241
504.087
815.115
1883.000
518.815
839.343
1405.348
2108.134
1757.551
695.545
1163.000
2105.524
1785.666
500.000
1411.677
1159.000
514.692
713.866
833.641
1144.920
1791.184
830.562
539.600
2107.000
691.575
1767.400
510.341
1748.000
1761.929
536.804
817.277
1747.226
532.301
1163.000
1757.425
818.890
517.451
1024.945
843.000
1779.997
1883.000
1709.214
1132.951
1392.804
818.890
513.845
513.213
1748.000
703.166
511.106
1766.522
1771.268
1771.207
715.000
804.000
1743.739
703.873
1161.240
842.301
1758.396
532.549
1012.065
1147.341
1127.374
503.065
1789.743
1159.228
529.420
1776.530
1792.152
843.000
804.000
1767.059
841.866
534.564
1748.000
715.000
686.655
520.970
1768.009
1014.302
1777.319
1883.000
1790.642
1803.000
1801.141
1798.842
1134.903
818.890
1842.545
819.859
1162.400
1803.000
1765.582
1128.604
1774.250
1753.860
1436.924
1751.343
1775.825
1883.000
1779.001
1130.846
1759.788
1134.248
1765.207
1759.497
819.744
813.819
1908.000
804.000
1163.600
703.670
533.919
518.068
1782.149
1158.987
1756.194
1988.000
1884.134
502.661
572.036
1908.000
1163.000
501.040
1748.000
1774.880
715.000
1124.000
1899.000
1769.243
1787.000
1758.825
577.719
1951.515
515.786
1148.045
1787.000
715.000
1764.999
1884.134
815.180
981.924
514.535
1138.888
819.744
517.911
1752.776
1765.610
1788.665
1752.776
843.000
1137.117
1759.627
715.000
1748.000
1770.733
711.445
1894.224
518.455
806.931
1748.000
1145.878
1132.400
529.497
1765.571
1778.381
1883.000
503.069
501.097
804.000
513.099
715.105
1759.531
1757.976
1153.089
1787.000
1775.188
1908.000
1768.710
1784.402
1787.239
522.554
715.000
510.751
1787.000
809.375
715.000
1141.115
804.677
1163.600
1138.108
1815.403
715.000
705.341
702.544
715.000
1158.714
1145.363
527.927
1764.928
522.078
1757.422
843.000
1433.509
539.000
1752.776
1899.000
1883.000
1758.720
714.400
814.875
530.328
1760.602
1748.000
1163.600
715.105
1883.000
1763.611
1748.269
690.048
688.462
1163.000
1789.039
1748.000
1431.480
1789.330
1924.788
1884.134
1837.852
501.108
1883.000
1728.879
1157.130
818.890
1884.134
1900.134
700.126
813.148
689.299
1899.000
539.000
1792.525
1660.134
843.000
817.485
1775.366
678.337
804.000
1143.068
804.000
1124.000
702.276
1782.224
533.149
1787.000
520.018
517.524
518.218
829.075
843.000
1783.233
2077.253
1788.570
512.962
1792.249
1789.949
1794.658
571.866
710.068
1803.000
1799.532
1788.043
1792.249
1783.514
539.000
1763.088
715.000
1766.394
539.234
1155.598
1783.402
806.352
1637.550
1786.132
1530.794
1884.134
1144.896
1884.134
538.568
500.000
1759.689
512.693
1753.904
554.652
1884.134
1163.600
1883.000
1790.700
1758.234
708.313
1129.802
1950.398
1883.000
1125.573
1777.883
1759.996
505.741
504.617
1884.134
2099.188
1748.000
1748.000
1748.000
1754.024
1728.934
500.000
1131.130
715.000
1163.000
574.229
1883.000
539.069
843.000
1774.696
1884.134
1163.000
1703.808
715.000
1887.498
1759.502
842.400
1765.230
715.000
1748.000
693.341
2101.939
506.868
532.507
1884.134
1884.134
1900.134
530.439
1752.651
843.000
1883.000
1780.663
843.000
511.122
1748.000
1908.000
1883.000
821.941
1908.000
1748.000
1777.557
843.000
1138.647
518.008
539.880
1884.134
1790.074
575.753
804.000
510.699
1145.681
812.631
1883.000
1942.831
1748.000
514.418
1397.183
1161.414
1157.836
502.217
1789.955
538.867
521.936
1803.000
715.000
1143.615
804.000
1163.000
520.678
526.853
1774.696
699.392
1155.478
1884.134
1756.950
1908.000
1755.778
530.439
530.439
538.400
1375.771
804.000
715.000
1991.359
521.676
1162.493
529.797
1748.000
1642.545
1524.790
1649.232
511.709
528.688
1768.412
1771.003
1883.000
512.688
1980.186
715.000
715.000
1134.157
531.842
1784.289
1144.067
523.525
518.012
503.967
1763.345
500.000
1767.430
713.361
843.000
1748.000
804.217
809.155
535.975
843.000
1131.457
1786.022
1748.000
1883.000
1770.557
1883.000
1877.550
1789.697
1774.885
708.905
515.748
710.854
519.613
517.727
2019.381
1883.000
1748.642
515.671
813.195
575.978
1899.000
517.727
539.000
1877.550
532.217
515.787
516.035
1828.000
843.000
715.000
715.000
539.880
1748.000
1160.838
1412.792
696.460
539.000
711.657
1162.760
500.287
807.099
1157.519
1884.134
809.657
1908.000
1765.948
1766.224
500.000
715.000
1908.000
515.003
818.731
1748.000
715.000
808.459
1908.000
536.684
1803.000
1149.307
1163.000
1889.544
1883.000
532.353
1770.090
505.775
816.486
1883.000
1780.442
1748.000
1899.000
515.125
684.032
1716.092
842.400
1772.919
1160.479
1163.000
1142.698
1851.000
1883.000
1163.000
1748.000
1765.591
1751.014
814.834
1129.118
516.679
1883.000
808.459
1777.968
1129.141
1152.063
812.631
1764.741
539.000
806.830
1748.000
500.000
511.123
807.932
1771.655
1883.000
539.000
521.755
1723.000
681.793
1758.775
1717.771
1773.707
1789.653
527.139
1896.498
1883.000
1884.134
533.472
1769.217
840.021
1771.806
1438.494
1781.550
692.807
529.940
1763.563
1792.353
1778.857
1129.728
677.049
843.000
1789.232
1807.405
819.136
1405.820
1781.084
1733.882
1758.247
1799.398
715.000
1555.073
1151.370
1770.539
1785.367
1785.501
515.080
695.175
818.890
1785.920
1883.000
568.224
1771.390
1748.000
1130.044
948.000
1750.768
809.411
1793.468
1755.807
1770.650
1717.802
1763.345
1785.036
1405.348
1769.255
1780.205
1389.971
1791.910
677.184
712.717
1765.628
1780.457
1776.447
697.870
1163.600
1770.310
1711.402
573.272
822.509
503.065
1163.000
1794.789
572.042
1132.777
508.626
1908.000
1138.214
1908.000
821.232
1757.898
519.936
1908.000
1741.707
500.000
1908.000
1770.487
1443.018
529.654
804.000
692.867
1766.637
500.000
1779.584
842.400
1908.000
1883.000
822.553
1900.134
503.308
1900.134
1763.828
804.000
1777.162
1775.001
1787.835
815.180
1786.791
808.439
1768.185
1795.816
676.000
1131.076
1782.358
1921.072
1124.000
1154.612
1883.000
1908.000
1773.568
843.000
517.127
1801.462
1124.006
505.927
1790.920
1767.921
1786.104
689.477
1883.000
1768.156
819.744
503.069
1405.348
1515.600
539.000
715.000
1778.475
526.732
1883.000
513.737
1758.634
1883.000
507.641
1900.134
1545.040
1804.251
539.000
1369.018
1711.402
1405.348
1782.190
1784.893
1782.372
536.959
1443.018
1900.134
1137.366
1748.000
1124.885
988.716
508.116
512.827
539.000
1922.866
503.069
567.588
1319.421
1158.306
1956.975
1149.971
1775.472
1783.656
819.786
1163.283
1781.949
693.219
829.389
1787.630
1883.000
518.904
500.940
819.859
1908.000
1124.511
1908.000
1753.374
842.400
1740.988
514.119
534.331
529.004
842.400
1883.000
539.000
1784.857
1405.348
1163.600
1156.224
1405.348
1711.402
500.000
1405.348
712.351
984.611
715.000
1780.646
1897.098
539.000
1883.000
507.478
558.138
1134.383
1457.097
1776.586
1763.228
715.000
1908.000
1781.550
510.569
715.000
714.251
1148.213
1776.965
1778.563
500.000
1141.153
832.857
1883.000
1754.915
1407.192
1787.000
1152.224
1770.070
528.803
698.937
713.278
1783.269
1794.741
1777.435
1774.834
1127.700
1550.852
1774.007
1781.318
1782.261
1754.686
511.975
715.000
1782.994
715.000
1884.134
510.779
819.026
1154.620
715.000
562.137
1763.173
1877.550
826.145
573.825
1900.134
1026.156
1883.000
539.025
1767.349
818.890
2089.243
528.886
1981.589
1883.000
804.000
519.683
1883.000
827.531
2107.000
532.139
841.800
1883.000
539.000
965.469
539.671
1417.453
557.995
715.000
568.004
1449.810
1899.000
1709.030
1908.000
1757.236
1766.488
1133.356
1884.134
569.623
2108.134
977.330
843.000
1908.000
838.183
572.121
1754.686
1883.000
715.600
1883.000
1776.604
1900.134
1781.126
539.600
511.716
1768.611
1764.607
1884.134
819.026
562.679
1883.000
707.227
713.866
1145.658
1027.234
1393.042
539.000
539.000
1900.134
1908.000
1687.256
1413.393
823.284
820.981
1707.768
527.751
2107.000
539.000
539.000
1772.217
580.603
575.132
1128.615
539.600
1915.277
539.000
519.601
526.573
1908.000
2107.000
572.674
1131.689
1754.686
825.822
1152.548
2107.000
2107.000
1031.067
1132.709
2107.000
827.531
1803.000
2089.243
539.000
534.670
1449.251
1031.067
2089.243
1455.737
1915.485
1771.733
519.683
828.018
504.794
1144.988
1719.781
512.444
1425.237
510.543
1884.134
1138.541
1124.384
2107.000
971.000
519.418
2089.243
1143.911
1748.000
1148.338
1908.000
682.987
557.341
825.914
1786.699
2107.000
1538.546
818.890
1883.000
577.010
1900.134
1884.134
1759.439
1648.901
1778.967
539.000
1887.776
1422.882
1021.144
527.446
569.045
683.228
715.000
841.800
833.702
1720.362
522.671
1908.000
1768.054
715.000
2107.000
1139.685
2089.243
1792.773
1883.000
1905.791
1751.851
1775.412
1759.863
1736.236
527.130
534.442
696.247
2107.000
1883.000
505.980
1709.722
1148.414
512.444
520.570
700.021
519.844
1908.000
564.614
1946.723
1719.816
1900.134
1718.621
1883.000
520.808
1883.000
824.521
574.976
1161.299
1137.576
1475.035
841.800
514.612
1899.000
1635.461
1773.468
1323.600
2068.000
1787.340
1758.419
1751.468
1023.101
819.059
1716.416
823.414
1515.000
1900.134
515.305
834.715
1883.000
1881.243
572.815
573.310
2107.000
1133.141
1770.616
539.000
1755.067
558.202
573.440
2107.000
1899.000
1006.305
1718.552
1899.000
1671.490
516.051
1883.655
715.600
1465.856
1908.000
511.899
567.039
1132.092
1752.892
530.603
1899.277
539.000
1883.000
572.107
1899.000
1149.007
1761.377
841.800
1417.300
572.407
707.618
1908.000
1762.968
1515.000
508.401
558.079
1762.349
830.027
843.000
1884.134
701.136
813.268
714.400
1748.000
569.020
510.741
1883.000
1899.000
1900.134
715.000
1752.776
1162.400
1663.097
1884.134
511.281
1883.000
1908.000
1883.000
1029.552
679.806
1748.000
1691.641
537.214
503.936
1908.000
1152.690
688.267
1883.000
1884.134
1883.000
1756.056
1748.000
1162.321
958.520
1915.000
1439.320
1156.753
520.102
1883.000
707.618
1899.000
1729.270
807.343
714.400
524.184
515.145
539.530
1778.217
715.600
1884.134
509.531
1775.061
1791.851
1759.502
1784.915
1163.000
1900.134
1131.307
1163.193
1880.857
1883.000
315.600
1899.000
1750.751
519.944
515.147
843.626
502.455
524.296
1137.972
503.669
1900.134
1900.134
1656.776
514.862
695.338
1747.060
686.099
539.000
1779.977
1659.401
1883.000
708.823
810.404
1899.000
1899.277
1757.096
536.729
715.000
538.400
1783.985
676.000
1884.134
500.000
1639.413
1883.000
1883.000
1883.000
1756.778
1132.738
1753.840
1883.000
1778.287
1799.744
712.351
1903.224
1136.677
685.547
1163.000
1748.000
1908.000
836.691
1731.664
1856.152
1884.134
1748.000
1748.000
1767.995
715.444
1899.000
715.000
1136.210
1883.000
714.400
577.149
1883.000
1127.404
1974.905
711.942
1779.825
1027.491
1761.452
1711.066
538.400
1682.346
687.725
527.618
1767.774
810.404
701.470
1127.237
715.000
1883.000
679.702
1138.040
523.812
812.699
523.478
1922.303
1877.550
839.343
689.710
711.657
1900.134
519.388
1778.290
1748.000
1748.000
1163.600
835.659
1736.892
1163.000
715.000
839.088
693.939
1884.134
843.626
1765.655
1771.108
843.000
959.577
1163.600
1850.135
843.626
1708.841
1128.319
1162.595
1772.101
531.014
701.218
538.400
843.000
512.804
539.000
699.481
1884.134
1883.000
1689.997
1155.265
1757.551
578.399
1132.046
522.505
1748.000
521.755
1788.774
843.000
514.568
1884.134
1162.580
502.641
538.400
843.000
698.915
714.400
715.000
1775.173
523.447
518.554
1778.381
565.445
1672.295
1160.048
1883.000
701.688
525.948
1883.000
698.089
1425.108
1155.129
526.432
536.851
1883.000
519.181
685.588
1163.000
1771.796
511.242
1796.416
1785.977
1793.615
1774.627
1883.000
1908.000
705.062
1908.000
1744.579
1743.022
539.000
1163.000
1162.779
1748.000
714.400
506.425
1899.000
1125.902
681.433
1163.000
1899.000
506.702
1160.733
501.715
1799.454
1141.694
1897.374
539.000
1790.925
676.000
818.890
1908.000
1770.558
1979.807
2009.944
1899.000
818.890
689.949
1789.803
1242.025
949.014
818.461
1779.861
1900.134
1884.134
565.031
508.655
575.077
1908.000
554.652
1143.941
1160.396
1900.134
679.916
1718.663
1883.000
1433.542
572.456
2107.000
982.885
1161.809
1978.301
1904.525
843.540
2002.243
839.498
1515.600
1884.134
1389.835
1538.062
836.030
1136.412
1414.933
559.745
837.897
2015.546
521.648
1899.000
715.917
1908.000
1883.000
818.993
1393.387
519.461
2091.619
1436.214
1919.502
571.963
708.684
1883.000
1793.361
1908.000
691.750
2107.000
2107.000
1884.134
687.353
1748.000
2107.000
2107.000
527.059
971.000
1770.813
1162.058
1884.134
1134.403
2093.955
1155.552
1019.380
842.441
1954.304
1391.451
512.498
1146.106
701.547
1723.000
2047.488
695.922
808.471
699.988
562.145
574.772
1785.848
538.400
2107.000
1145.772
573.500
1156.070
574.086
1353.351
1515.600
509.180
1515.000
572.014
539.828
819.786
519.446
516.262
539.000
1151.322
2107.000
715.000
1784.257
536.876
1163.000
2058.048
2012.272
577.621
692.195
1883.000
1899.000
958.544
1883.000
572.004
710.758
1884.134
820.127
2107.000
1762.153
505.919
1899.000
1884.134
685.547
2107.000
1134.298
1776.914
1772.918
1794.536
1883.000
527.796
1908.000
2028.960
1515.000
1881.243
688.562
690.022
809.194
840.197
707.618
1899.000
2068.000
690.201
971.000
510.942
539.000
987.680
534.233
2096.373
2107.600
533.567
1764.240
518.409
566.266
531.813
1712.773
526.008
1899.000
2091.655
706.224
2107.000
701.680
839.645
516.858
1791.909
520.743
1135.401
527.803
1141.566
1883.000
2107.000
1768.802
2007.696
539.000
1779.868
965.625
1781.073
539.000
1753.535
2095.498
1899.000
2107.000
1789.492
1759.887
1883.000
818.890
2107.000
527.548
996.819
1908.000
816.258
1163.000
841.685
819.026
2089.243
1797.143
539.600
520.719
519.277
707.648
1779.014
575.943
1908.000
2071.107
705.623
829.007
550.134
681.524
680.416
2107.000
2087.870
825.159
529.386
1770.416
703.437
519.777
2012.843
1133.680
519.418
1766.801
1900.134
839.645
1884.134
2107.000
569.387
1851.000
2107.000
1156.418
1908.000
2006.688
2107.000
843.600
1908.000
2107.000
820.139
706.767
986.380
2107.000
715.000
2105.049
971.000
699.392
1883.000
1830.469
1837.359
524.296
1883.000
1884.134
539.000
715.000
689.849
715.000
500.000
1772.317
1782.666
1969.109
524.802
1884.134
1946.293
826.627
1752.526
1162.400
1884.134
1900.134
2027.183
1128.346
1846.261
313.266
518.525
824.067
1877.550
1915.277
681.140
835.422
715.600
509.190
582.361
524.293
511.034
715.000
1773.354
1908.000
1908.000
840.097
1780.390
2084.642
811.419
1779.014
828.018
707.792
1868.403
505.112
713.800
1163.000
1883.000
1829.858
699.460
2086.891
1900.134
714.934
1138.848
826.758
808.496
2107.000
516.008
683.724
1884.134
1908.000
705.366
1883.000
683.109
692.151
1884.134
2071.344
1779.426
1161.766
1903.862
1789.258
2107.000
1748.000
1010.784
1774.859
1132.050
1884.134
2077.908
1124.600
714.400
1915.277
1899.000
1125.173
1476.828
834.155
1782.084
2097.449
575.731
1777.837
1884.134
573.397
1163.000
1883.000
1883.000
1883.000
1969.615
1753.001
1515.000
1743.291
1787.712
806.549
538.400
809.423
682.467
539.000
1513.866
1748.000
1769.030
1883.000
1748.000
1748.000
1130.631
1908.000
1883.000
1127.351
1130.631
1163.000
1883.000
1908.000
557.449
1775.478
522.071
1883.000
1759.311
1908.000
715.600
828.085
1884.134
822.233
805.171
509.091
1767.931
1163.600
714.934
1883.000
1813.937
1988.000
705.062
684.215
2059.063
1884.134
1779.582
1768.048
1787.000
2085.875
808.496
1883.000
509.295
1899.000
699.392
1748.000
808.496
1884.134
1714.020
1784.742
2107.000
1883.000
1797.027
1753.303
682.467
509.910
523.398
1884.266
685.921
514.997
1748.000
1884.134
1771.301
518.818
828.018
518.407
806.615
1771.641
1707.599
1899.000
2002.994
1162.400
517.364
1643.000
2052.920
843.000
1786.464
1803.000
1883.000
1437.750
1163.000
2067.569
1878.224
715.000
1883.000
1163.000
564.836
1765.757
1908.000
677.420
1884.134
1899.000
1163.000
1883.000
528.108
681.434
689.606
2107.000
1908.000
1751.945
1878.224
1129.600
1782.224
539.000
1133.168
1748.000
1748.000
1719.370
1783.242
2028.747
1781.339
1879.066
1884.134
1396.933
1899.000
538.400
1785.166
1765.757
829.305
1914.679
1883.000
1778.101
1163.000
1449.620
704.757
1884.134
2097.449
828.018
715.000
824.067
1163.000
511.034
1883.000
715.000
1163.000
2107.000
1743.473
1908.000
539.000
712.887
1129.295
1128.100
1884.134
1784.266
537.737
715.000
1883.000
961.370
315.000
1883.000
1134.688
1781.156
1515.000
1139.964
825.418
715.000
819.380
1636.000
676.000
538.359
715.000
1142.713
680.310
515.661
692.438
1912.473
1138.963
1884.134
843.326
512.255
715.197
1137.754
1659.977
832.460
680.663
826.627
1908.000
713.800
1458.505
1883.000
1672.090
1777.344
539.170
1792.185
1908.000
1899.000
681.715
514.905
1148.563
713.800
1532.889
713.800
1883.000
1899.000
1884.134
565.100
1752.776
1722.775
1883.000
1637.491
677.219
715.000
1809.613
1884.134
1450.786
315.267
535.226
715.000
708.905
1883.000
1572.780
1899.000
1884.134
1162.318
695.771
520.438
1759.116
1884.134
1883.000
1900.134
693.298
1798.115
1883.000
537.838
697.670
513.333
680.349
521.008
512.315
713.800
507.004
680.349
1378.703
1642.646
1752.776
1883.000
1883.000
708.905
1409.657
1883.000
824.988
715.000
1883.000
512.079
1908.000
534.640
516.272
1884.134
523.054
529.125
1908.000
1899.000
1733.910
695.442
510.126
1883.000
520.448
713.842
1748.000
1900.134
1457.242
1751.930
1762.545
1884.134
709.930
1884.134
1759.291
1883.000
555.432
713.800
1883.000
512.423
539.000
1026.639
837.942
680.849
713.800
512.462
816.759
1884.134
1784.077
1883.000
825.774
1899.000
679.484
515.955
1648.098
1908.000
1908.000
1908.000
1900.134
530.884
1908.000
521.839
1448.452
834.388
1899.000
1451.036
1643.000
1143.706
828.280
712.093
527.706
522.042
843.000
1883.000
511.627
513.339
703.219
713.800
1748.000
520.554
715.000
1883.000
1908.000
1908.000
841.651
1656.911
1908.000
711.532
1163.000
1161.055
1884.134
1884.134
1748.000
1758.227
1767.164
1884.134
703.226
1748.000
1126.921
821.820
1900.134
505.252
1883.000
1129.613
1136.435
683.014
1722.917
526.063
837.571
1128.361
1748.000
1719.794
826.627
508.850
691.168
1896.857
713.800
1883.000
1878.224
832.698
1162.233
503.669
539.000
512.598
1758.456
1753.074
1758.553
1908.000
1883.000
715.000
1157.867
1748.000
1755.057
681.558
1796.423
503.937
1877.550
1727.781
1884.134
505.475
556.540
676.844
1883.000
501.991
1753.375
1908.000
1899.000
1789.430
1908.000
1781.102
1707.355
1899.000
1163.138
1662.904
539.000
1717.550
1148.697
1644.134
1759.364
539.000
1695.652
558.316
1656.915
1513.866
688.474
513.533
539.000
826.627
1129.831
1883.000
1883.000
525.822
843.000
825.992
715.000
825.774
1677.368
827.463
559.393
826.627
1884.134
1908.000
1883.000
1636.000
1883.000
693.298
1899.000
1883.000
506.201
713.800
818.982
832.008
1724.046
512.804
1900.134
1163.000
715.000
1883.000
1748.000
822.564
539.000
1883.000
838.341
1915.000
1163.600
511.112
1884.134
827.969
820.881
1393.920
1782.224
1796.602
521.395
715.000
502.078
1737.041
1884.134
715.000
1692.816
713.800
1778.061
1883.000
827.368
1643.000
1681.467
1884.134
1636.000
1908.000
512.399
1883.000
1883.000
676.043
1900.134
713.800
1900.134
1883.000
1160.866
691.159
1157.729
526.989
1908.000
1785.495
841.266
562.257
1748.000
527.983
1918.939
1758.451
1146.806
713.800
1908.000
1748.000
539.000
1884.134
1899.000
1899.000
1126.628
715.000
1883.000
538.400
835.830
715.000
1154.548
520.542
712.893
1883.000
1908.000
1899.000
520.506
1887.498
713.800
1900.134
1137.744
842.400
829.075
822.329
690.741
512.499
1006.510
1779.324
1884.134
1006.262
566.051
826.627
841.651
1800.558
1163.000
1534.020
518.602
1877.550
1715.842
715.197
539.000
1515.000
830.647
1880.558
1887.776
1883.000
715.000
1795.197
1406.084
1908.000
1883.000
533.442
1831.343
1883.000
1652.389
577.297
512.499
1141.669
1908.000
513.182
1653.102
535.338
1883.000
1124.000
841.664
1740.108
1729.551
1636.235
1908.000
1883.000
1440.259
1883.000
710.068
1146.642
1788.048
688.501
711.657
1762.414
514.708
526.909
961.565
1883.000
1636.000
1796.117
1142.612
709.930
826.627
708.678
709.930
1748.000
1803.000
1636.000
843.000
1711.252
816.326
1653.816
556.795
695.187
1680.577
1708.797
512.431
1883.000
512.315
1883.000
1640.006
710.147
504.661
1884.134
1154.789
834.919
1883.000
1899.000
1565.280
807.099
1908.000
1761.046
1908.000
1137.303
680.450
684.110
1748.000
1883.000
1125.463
1757.933
1159.156
1515.000
817.183
690.972
843.000
537.082
693.298
1887.498
1161.335
1878.224
1847.532
1883.000
1771.446
1908.000
994.954
1786.823
556.950
1132.478
2085.628
315.600
1779.575
1883.000
1899.000
1899.000
1785.266
1899.000
511.912
1845.016
1883.000
835.132
1453.267
511.380
539.191
1156.190
841.800
1896.498
811.242
1883.000
1784.892
529.027
1884.134
1908.000
1143.550
1160.328
676.000
539.000
1128.460
1803.600
1789.866
1871.498
1384.336
1792.033
1752.776
715.600
1900.134
1449.595
512.274
1787.417
714.400
1883.000
818.751
1777.201
833.511
1160.330
1015.867
804.000
1506.807
1155.830
1769.037
1029.473
502.852
518.215
1909.065
1908.000
507.478
1908.000
2020.000
2077.551
1829.628
1778.806
1883.000
517.799
681.988
1124.000
714.400
841.800
1801.866
1010.229
518.218
709.411
823.284
819.476
1791.260
1796.289
507.713
676.000
1883.000
2061.288
1883.000
715.600
833.511
1787.000
684.648
1804.160
835.232
1883.000
1883.000
1900.134
971.000
539.000
1163.000
1432.202
1790.350
1884.134
557.510
1163.345
522.844
1899.000
1883.000
715.305
813.358
535.778
534.075
840.197
715.000
512.579
834.873
1883.000
1908.000
1900.134
709.930
715.000
1787.000
1883.000
1572.034
836.188
539.000
840.197
1785.049
1790.357
817.878
1748.000
2042.739
1883.000
1787.802
711.482
1775.579
842.267
839.532
1803.600
682.747
1137.649
516.013
1757.134
1707.648
1920.014
539.000
1900.134
510.103
1899.000
700.181
715.000
1884.134
1883.000
1884.134
539.000
1783.811
1883.000
1137.497
818.751
1780.149
815.180
518.218
1884.134
1639.030
812.926
1788.993
1831.343
1789.430
681.082
1880.857
715.351
1883.000
1758.698
1883.000
833.511
1883.000
843.043
1883.000
1139.392
817.078
1828.000
1515.000
1143.696
1151.014
713.800
1884.134
1899.000
1787.462
539.000
1924.000
813.358
2064.318
821.268
1883.000
1908.000
1771.646
1900.134
539.000
1897.098
836.175
1908.000
1899.000
1883.000
1449.595
1883.000
521.832
1779.745
1884.134
1774.506
507.478
1883.000
676.938
1884.134
516.269
1899.000
1884.134
1884.134
508.324
833.626
1883.000
1900.134
714.400
1768.874
688.375
1884.134
551.993
715.062
1158.127
1884.134
1883.000
1900.134
1396.014
509.322
1884.134
1538.020
509.274
1904.549
509.224
1398.999
1884.134
1148.667
1749.734
842.926
1883.000
539.000
1899.000
1513.158
815.180
1774.071
1407.693
1845.625
1802.329
1441.590
1162.400
1789.291
843.000
521.459
1908.000
1787.000
518.218
521.641
684.415
1641.068
1775.498
1803.000
1931.627
812.158
715.000
827.852
1899.000
1908.000
514.760
993.298
676.000
1535.947
513.860
1128.759
1900.134
1884.134
1908.000
534.960
511.830
1884.134
1009.987
1908.000
518.818
843.000
1953.449
1159.453
1908.000
1031.726
690.879
1828.000
1919.585
1884.134
809.734
2101.314
809.504
1924.000
714.934
714.934
1928.062
1718.500
830.647
1921.072
1796.449
1135.865
1899.000
1884.134
1900.134
1883.000
1136.620
1900.134
1963.000
1928.974
1903.224
841.266
527.827
539.000
1146.657
522.667
1900.134
1908.000
1900.134
2068.000
1774.439
1908.000
714.934
842.411
1163.000
687.628
1515.000
683.292
715.917
1801.995
1153.912
527.029
1899.000
1883.000
715.000
1900.134
509.274
1131.533
1461.370
715.000
1899.000
989.187
1900.134
1140.491
1883.000
1900.134
1900.134
1883.000
1917.431
1884.026
843.000
1124.000
1877.550
1883.000
1883.000
1883.000
521.793
509.276
715.000
1748.000
2093.757
714.934
1947.076
1752.516
1926.352
1899.000
1883.000
1884.134
509.279
2081.441
1883.000
505.744
714.281
816.258
1899.277
505.744
843.000
715.000
827.852
715.917
840.147
1143.026
519.438
691.592
2070.412
516.518
1810.423
1428.844
1899.000
715.000
1884.134
1908.000
514.538
711.657
533.564
713.800
500.000
715.000
812.158
500.000
508.368
1884.134
817.078
1960.182
830.128
715.000
1514.168
843.000
1132.773
1884.134
515.156
564.199
1899.000
1887.776
685.952
1884.134
503.768
812.158
555.332
715.000
1163.000
812.158
1131.710
808.398
2103.656
1883.000
514.208
1130.419
818.731
703.695
1924.000
1433.949
843.000
1908.000
715.000
555.432
1908.000
685.581
507.137
1900.134
839.532
691.168
1908.000
715.000
1900.134
528.635
1803.000
1899.000
1553.508
1513.158
842.093
1929.429
1936.329
1896.498
1758.411
693.643
1789.166
1149.070
1883.000
1884.134
2088.998
812.158
1884.134
701.626
1924.544
836.663
1900.134
808.148
1884.134
1897.098
688.947
1149.242
839.532
816.209
1899.000
2005.142
557.320
814.308
1515.066
1884.134
563.768
839.532
843.000
1883.000
682.095
507.240
715.000
683.827
839.532
1851.772
683.040
1908.000
715.000
843.000
1878.224
827.925
526.413
1884.134
1162.400
508.327
1125.909
1884.134
843.000
1903.776
840.220
815.854
834.905
566.486
2085.757
816.258
555.332
539.000
715.000
1900.134
1134.717
826.544
2107.000
809.375
1884.134
513.099
1883.000
1908.000
843.000
709.190
516.149
512.618
1908.000
1883.000
518.457
538.400
1913.027
681.608
697.083
1787.000
2107.000
699.695
1910.224
1851.000
1868.546
2098.792
1784.286
1785.243
808.441
533.516
1803.000
805.808
825.797
1721.315
681.793
692.949
843.000
1941.248
2107.000
519.415
843.000
1162.400
1988.000
810.584
1905.974
2082.421
681.082
1758.172
2096.698
1124.033
2072.746
841.910
2077.628
2095.498
2089.469
2106.400
2108.134
1915.000
1910.224
2061.538
500.280
2086.086
822.603
699.877
2107.000
841.266
2104.857
686.263
2088.412
2103.656
804.553
2083.249
2061.263
505.384
1132.658
1134.003
2084.277
843.585
2092.455
1019.539
710.079
843.000
1152.807
843.000
520.979
806.229
1763.814
534.779
710.068
830.638
1892.000
697.449
1142.837
1720.990
836.176
1896.073
2107.000
843.000
2102.224
813.011
842.913
1151.672
707.515
1771.494
506.378
1773.815
715.000
535.178
833.138
804.242
824.620
1129.502
843.585
1134.402
687.176
2107.000
715.000
1155.726
683.637
1143.391
810.412
2051.784
1129.525
705.675
1155.319
2107.600
529.343
2096.898
1242.935
1026.611
2107.600
681.822
2107.000
2010.790
1159.952
1803.000
693.119
715.000
2108.134
813.011
1515.000
506.883
715.000
539.600
2107.000
516.624
2107.000
1897.112
825.774
1803.000
703.980
843.000
2108.134
715.000
1330.502
1162.400
539.600
2107.000
825.797
702.242
708.258
519.593
1580.888
715.000
539.000
680.554
519.415
2108.134
701.743
537.031
686.791
1763.467
2102.224
707.751
2100.745
513.146
2108.134
715.000
519.054
824.337
715.000
2107.600
2107.000
530.256
2107.000
2107.000
715.000
1760.337
519.448
538.941
523.942
715.000
1129.488
507.475
825.873
2107.600
1803.000
843.000
1727.601
1984.474
715.000
805.734
2108.134
715.000
517.773
682.331
1126.510
535.343
2107.600
2107.000
1723.000
684.801
715.000
2107.600
714.706
506.251
529.411
693.427
525.656
539.000
681.082
1162.400
817.736
1148.579
810.912
1162.400
1841.953
1830.743
1848.892
533.287
1730.370
843.863
533.767
1862.716
535.059
510.504
699.645
1756.939
1853.711
1135.459
703.726
837.242
834.441
1851.600
1748.000
1835.655
1841.437
1006.810
524.412
687.176
805.762
1780.614
807.943
842.034
841.266
1831.344
1847.916
687.183
1134.039
681.323
1836.498
511.952
1135.797
812.746
1851.000
1783.443
715.817
1868.754
507.210
1790.536
1841.072
1158.181
841.266
1163.000
1636.000
1640.175
1807.776
1750.246
1636.000
1645.551
505.653
686.439
1132.170
1672.395
843.000
1127.800
1774.277
843.000
1676.212
680.811
539.000
715.000
1515.000
1704.949
519.311
843.000
804.000
843.000
1706.420
1676.674
1703.535
690.914
1636.000
532.951
509.503
1926.652
843.822
1704.053
1691.206
519.713
1136.206
1439.392
1130.606
1895.530
2484.000
805.145
1680.619
809.671
1782.443
700.500
1671.656
519.072
1714.898
1679.522
1803.000
1882.219
539.000
1932.473
836.854
1781.432
518.176
1159.279
527.248
715.000
1725.058
1134.877
1754.078
539.600
1693.767
1683.164
1753.747
506.073
715.000
1708.869
518.864
1702.976
524.469
715.000
1135.778
815.180
714.089
1713.376
1132.766
1940.928
1772.676
1939.790
1705.450
680.375
1846.730
1713.539
827.806
1704.823
843.822
1659.892
1685.010
1679.776
833.077
1719.694
1784.772
1682.385
1787.981
1687.786
843.822
539.425
1679.121
516.314
515.570
1731.920
514.538
695.479
1716.000
1796.928
1687.024
687.176
534.794
836.679
843.000
1700.000
1685.409
804.131
843.000
1701.309
1675.473
1788.437
555.913
843.585
816.846
804.116
1707.091
1131.099
702.242
525.974
715.000
1764.000
841.120
507.241
827.806
507.072
1682.213
683.121
1677.011
1953.091
538.400
1547.223
1700.280
1784.552
843.822
1667.016
843.822
1700.000
840.197
539.000
1957.740
574.433
693.623
1706.962
521.110
1811.051
509.725
1734.795
1695.360
702.242
1687.013
830.003
1694.661
1163.000
1655.100
1700.667
1722.381
809.375
712.893
1748.000
508.939
1748.000
1716.105
843.000
836.679
1704.234
715.000
1163.000
1697.022
1957.108
1726.832
535.245
1163.000
1425.344
518.559
1651.934
529.188
1788.136
1834.623
539.000
504.413
1701.266
1414.609
1697.926
812.746
1714.866
1712.357
1673.668
1702.207
1694.758
1711.448
1694.508
1163.000
509.481
1709.673
804.000
986.380
835.024
806.130
1643.000
1693.709
700.523
843.000
843.000
1686.419
843.000
1134.362
1708.013
841.266
1692.157
695.874
842.732
1790.523
837.879
843.822
1689.189
1146.290
1694.798
821.583
1697.096
1750.293
1706.289
512.088
836.176
1693.540
806.229
1803.204
676.000
955.590
1135.281
1127.378
686.260
1124.000
715.000
528.577
1163.000
539.000
843.000
813.011
1138.923
1740.269
1765.063
1709.426
1144.569
1946.572
1653.156
1160.762
1786.185
1457.877
1670.385
1162.756
1441.421
1731.123
1159.248
1966.821
1689.122
1163.000
1883.000
820.543
715.000
504.606
826.658
539.402
1883.000
1136.662
715.000
1663.470
1136.025
1883.000
823.364
1708.598
1883.000
506.324
1884.134
