-513.000
-513.000
-439.000
-513.000
-513.000
-555.000
-513.000
-513.000
-471.000
-449.000
-481.000
-513.000
-503.000
-189.000
-513.000
-439.000
-513.000
-513.000
-513.000
-513.000
-523.000
-503.000
-439.000
-503.000
-513.000
-513.000
-461.000
-513.000
-481.000
-455.000
-465.000
-503.000
-513.000
-555.000
-513.000
-513.000
-513.000
-471.000
-513.000
-513.000
-513.000
-513.000
-513.000
-439.000
-513.000
-429.000
-513.000
-513.000
-497.000
-513.000
-439.000
-439.000
-439.000
-359.000
-471.000
-513.000
-513.000
-517.000
-335.000
-523.000
-513.000
-449.000
-545.000
-513.000
-449.000
-513.000
-513.000
-481.000
-513.000
-439.000
-169.000
-513.000
-439.000
-353.000
-321.000
-285.000
-513.000
-439.000
-439.000
-439.000
-209.000
-481.000
-455.000
-189.000
-449.000
-449.000
-503.000
-487.000
-513.000
-429.000
-451.000
-103.000
-449.000
-259.000
-391.000
-381.000
-481.000
-513.000
-439.000
-173.000
-513.000
-487.000
-481.000
-505.000
-439.000
-439.000
-215.000
-449.000
-173.000
-555.000
-429.000
-449.000
-513.000
-513.000
-365.000
-237.000
-513.000
-575.000
-465.000
-513.000
-439.000
-513.000
-439.000
-555.000
-513.000
-513.000
-539.000
-471.000
-449.000
-449.000
87.000
-439.000
-513.000
-391.000
-555.000
-417.000
-455.000
-429.000
-439.000
-555.000
-173.000
-471.000
-513.000
-403.000
-423.000
-195.000
-513.000
-439.000
-503.000
-533.000
-513.000
-141.000
-555.000
-429.000
-513.000
-555.000
-513.000
-549.000
-439.000
-429.000
-227.000
-481.000
-471.000
-449.000
-565.000
-343.000
-279.000
-439.000
-513.000
-481.000
-343.000
-31.000
-439.000
-513.000
-247.000
-439.000
-513.000
-439.000
-575.000
-533.000
-327.000
-523.000
-429.000
-523.000
-503.000
-439.000
-279.000
-439.000
-439.000
-539.000
-513.000
-513.000
-481.000
-439.000
-449.000
-429.000
-513.000
-449.000
-549.000
-503.000
-455.000
-285.000
-513.000
-307.000
-513.000
-443.000
-461.000
-565.000
-439.000
-279.000
-369.000
-513.000
-311.000
-385.000
-513.000
-469.000
-439.000
-439.000
-481.000
-575.000
-391.000
-337.000
-513.000
-243.000
-471.000
-307.000
-513.000
-439.000
-523.000
-555.000
-297.000
-513.000
-477.000
-513.000
-575.000
-513.000
-555.000
-337.000
-565.000
-439.000
-295.000
-513.000
-481.000
-439.000
-109.000
-549.000
135.000
-439.000
-439.000
-279.000
-487.000
-565.000
-391.000
-279.000
-513.000
-401.000
-173.000
-465.000
-487.000
-407.000
-513.000
-449.000
-439.000
-439.000
-289.000
-305.000
-513.000
-517.000
-513.000
-359.000
-513.000
193.000
-513.000
-151.000
-513.000
-253.000
-429.000
-477.000
-471.000
-63.000
-449.000
-407.000
-513.000
-465.000
-513.000
-459.000
-449.000
-135.000
-555.000
-337.000
-77.000
-513.000
-555.000
-575.000
-311.000
-427.000
205.000
-481.000
-459.000
-429.000
-481.000
-545.000
-513.000
-169.000
-151.000
-439.000
-471.000
-475.000
-349.000
-429.000
-251.000
-125.000
-437.000
-439.000
-247.000
-291.000
-115.000
-507.000
-391.000
-503.000
-439.000
-307.000
-439.000
-555.000
-487.000
-243.000
-311.000
-427.000
-439.000
-503.000
-151.000
-503.000
-497.000
-513.000
-417.000
-257.000
-471.000
-289.000
-157.000
-237.000
-333.000
-439.000
-355.000
-503.000
-513.000
-427.000
-359.000
-507.000
-429.000
-281.000
-493.000
-529.000
-299.000
-365.000
-189.000
-545.000
-327.000
-311.000
-429.000
-491.000
-275.000
-439.000
-295.000
-565.000
-455.000
-449.000
-439.000
-529.000
-513.000
-393.000
-565.000
-343.000
-379.000
-433.000
-317.000
-327.000
-381.000
-231.000
83.000
-439.000
-533.000
-405.000
-343.000
-359.000
37.000
-555.000
-449.000
-555.000
-279.000
-483.000
45.000
-295.000
-471.000
-207.000
-439.000
-439.000
-469.000
-365.000
-513.000
-507.000
-321.000
-311.000
-93.000
-433.000
-23.000
-209.000
-425.000
115.000
-289.000
-243.000
-435.000
-439.000
167.000
-121.000
-273.000
-487.000
-103.000
-323.000
-449.000
-539.000
-421.000
-397.000
-439.000
-381.000
-99.000
-411.000
-95.000
45.000
-285.000
-453.000
-497.000
-555.000
-439.000
-507.000
-343.000
-433.000
-471.000
-513.000
-423.000
-253.000
-57.000
-423.000
-509.000
-99.000
-555.000
185.000
-121.000
-295.000
-173.000
-327.000
-39.000
-77.000
-423.000
-445.000
-449.000
-523.000
-3.000
-443.000
-47.000
-301.000
167.000
-349.000
-201.000
-173.000
-509.000
-565.000
-237.000
-359.000
-357.000
-327.000
-173.000
-485.000
-491.000
119.000
121.000
-397.000
-45.000
-481.000
-487.000
-487.000
-263.000
-565.000
-343.000
-493.000
-199.000
-575.000
-337.000
493.000
-133.000
-523.000
-39.000
-353.000
-63.000
-519.000
-519.000
-529.000
-317.000
-79.000
-109.000
-549.000
153.000
-25.000
-513.000
-83.000
19.000
-291.000
-457.000
-529.000
-323.000
-127.000
-83.000
-73.000
-523.000
-99.000
-443.000
-365.000
-61.000
-279.000
3.000
-173.000
-435.000
-111.000
-381.000
-555.000
-75.000
-215.000
13.000
-99.000
99.000
169.000
-115.000
-539.000
161.000
103.000
-15.000
-401.000
-391.000
-465.000
-455.000
-147.000
-173.000
-7.000
-307.000
-539.000
-185.000
-51.000
3.000
-441.000
-101.000
-295.000
-237.000
-517.000
-443.000
-197.000
-483.000
29.000
-545.000
-497.000
23.000
-33.000
55.000
-443.000
-555.000
-555.000
-117.000
-369.000
-257.000
-247.000
-565.000
-99.000
-539.000
-453.000
-407.000
-359.000
-391.000
-555.000
-123.000
-7.000
-119.000
-429.000
-295.000
-565.000
-443.000
57.000
437.000
-533.000
-447.000
221.000
-369.000
-539.000
-529.000
-565.000
-39.000
-465.000
-545.000
-555.000
-513.000
-565.000
-107.000
-427.000
-549.000
-261.000
-407.000
-285.000
-99.000
-477.000
-565.000
-533.000
-503.000
-127.000
87.000
-497.000
-513.000
-311.000
-165.000
-467.000
-503.000
-259.000
-513.000
-439.000
67.000
-429.000
-491.000
-423.000
-173.000
-347.000
-109.000
-439.000
-231.000
-471.000
-549.000
-471.000
-35.000
-163.000
-347.000
-485.000
-173.000
-455.000
-449.000
-361.000
-491.000
131.000
-523.000
-163.000
-575.000
-157.000
-543.000
-277.000
-195.000
-247.000
-417.000
-459.000
-59.000
-343.000
-513.000
-393.000
87.000
-397.000
-299.000
-565.000
3.000
-433.000
-545.000
-471.000
-141.000
-257.000
-231.000
39.000
-503.000
37.000
275.000
-523.000
-249.000
-487.000
101.000
-273.000
-147.000
-493.000
-131.000
-497.000
-467.000
-523.000
-549.000
-513.000
-497.000
-517.000
-385.000
77.000
-529.000
-159.000
-469.000
-239.000
-549.000
-513.000
-439.000
-549.000
-449.000
-363.000
-443.000
-555.000
-555.000
-477.000
-499.000
-277.000
-509.000
-523.000
199.000
35.000
-555.000
-565.000
-565.000
-331.000
-257.000
-285.000
-469.000
-13.000
-351.000
-229.000
-517.000
3.000
-401.000
-223.000
-163.000
-453.000
-19.000
-487.000
-211.000
-529.000
-421.000
-389.000
-141.000
9.000
-257.000
-555.000
-477.000
153.000
-413.000
-71.000
-231.000
-459.000
-443.000
-35.000
-171.000
-57.000
-297.000
-449.000
-253.000
-147.000
-501.000
-357.000
-25.000
-67.000
-243.000
-439.000
-291.000
-205.000
-135.000
-519.000
-311.000
-475.000
-415.000
5.000
-503.000
51.000
-77.000
-325.000
-549.000
-119.000
-523.000
-493.000
-307.000
-507.000
-381.000
-209.000
-15.000
-295.000
-427.000
-187.000
-507.000
-9.000
-509.000
-19.000
-141.000
-179.000
-221.000
-389.000
-299.000
-529.000
-491.000
-295.000
-401.000
-461.000
-177.000
-423.000
-507.000
-549.000
-513.000
-539.000
-119.000
-439.000
-449.000
-143.000
-347.000
-391.000
-575.000
-35.000
-263.000
-555.000
-337.000
-141.000
-379.000
127.000
-233.000
-351.000
97.000
-401.000
-535.000
-55.000
-485.000
-555.000
-277.000
-343.000
-439.000
-205.000
-73.000
-147.000
-317.000
209.000
-497.000
-565.000
-301.000
-357.000
-479.000
-333.000
-429.000
167.000
-51.000
-533.000
-429.000
-527.000
-285.000
77.000
-219.000
-105.000
-295.000
23.000
-555.000
-381.000
-285.000
-549.000
-509.000
29.000
5.000
-471.000
-555.000
-125.000
-343.000
1.000
-575.000
-57.000
-131.000
57.000
-169.000
-449.000
55.000
-407.000
-545.000
-493.000
-213.000
-365.000
-225.000
-289.000
-353.000
-267.000
-503.000
-411.000
-253.000
-121.000
11.000
-187.000
-211.000
-555.000
-343.000
-519.000
-35.000
-507.000
-507.000
-121.000
-517.000
-481.000
359.000
-317.000
-545.000
-261.000
-501.000
-529.000
-237.000
-491.000
-179.000
-523.000
-35.000
-415.000
-559.000
-471.000
-131.000
-401.000
-175.000
-3.000
65.000
-85.000
-423.000
-575.000
-29.000
161.000
-481.000
-209.000
-565.000
-487.000
-465.000
-305.000
-115.000
-555.000
-307.000
-355.000
-375.000
-549.000
-139.000
-491.000
-411.000
-499.000
-233.000
-29.000
-469.000
-199.000
69.000
-539.000
-549.000
-407.000
79.000
3.000
-411.000
7.000
-433.000
-511.000
-381.000
-487.000
-507.000
-137.000
-115.000
-121.000
-43.000
-397.000
-445.000
-127.000
-163.000
-145.000
-471.000
-91.000
9.000
-145.000
-487.000
-543.000
117.000
-69.000
-167.000
-137.000
-73.000
-159.000
-311.000
-503.000
-473.000
-133.000
-113.000
-449.000
41.000
-31.000
-297.000
111.000
115.000
-539.000
-35.000
-519.000
-535.000
-489.000
-15.000
-497.000
-483.000
-421.000
-529.000
41.000
-535.000
-113.000
161.000
-523.000
-253.000
-529.000
-103.000
-497.000
-417.000
-63.000
19.000
-333.000
-295.000
-549.000
-471.000
-607.000
-493.000
7.000
-317.000
-395.000
83.000
-337.000
-439.000
-69.000
-427.000
-519.000
-185.000
-105.000
-41.000
-83.000
-23.000
-109.000
-565.000
-523.000
-317.000
-389.000
-273.000
-285.000
-311.000
-333.000
-503.000
-311.000
-147.000
-357.000
-477.000
-27.000
-555.000
-309.000
-565.000
-121.000
-205.000
-61.000
3.000
-459.000
115.000
-529.000
-401.000
133.000
-507.000
-41.000
-65.000
-73.000
-73.000
-497.000
-487.000
-503.000
-169.000
87.000
-351.000
-71.000
-31.000
23.000
-413.000
17.000
-461.000
-73.000
-549.000
-509.000
-115.000
147.000
-455.000
-121.000
-439.000
-523.000
-155.000
-273.000
-507.000
-95.000
7.000
-121.000
-473.000
-9.000
23.000
-131.000
-405.000
-571.000
-77.000
-465.000
-121.000
-503.000
-193.000
-453.000
-477.000
-35.000
177.000
-179.000
-55.000
-457.000
7.000
101.000
-555.000
-483.000
99.000
-555.000
-565.000
-323.000
-543.000
-523.000
-565.000
-417.000
-129.000
-159.000
-491.000
-459.000
-555.000
-559.000
5.000
-165.000
-45.000
-575.000
183.000
23.000
-449.000
-5.000
-565.000
-149.000
-555.000
-545.000
-187.000
-529.000
-407.000
135.000
-243.000
-555.000
-483.000
193.000
-475.000
-449.000
-545.000
-407.000
-503.000
9.000
127.000
-433.000
-471.000
-507.000
-107.000
-529.000
-59.000
-539.000
-533.000
-475.000
-391.000
-405.000
-545.000
-565.000
7.000
-565.000
-481.000
-5.000
-121.000
-57.000
-565.000
-469.000
-211.000
-97.000
-533.000
-335.000
43.000
-283.000
-265.000
-555.000
-53.000
-193.000
-497.000
-513.000
165.000
-91.000
-39.000
-345.000
-173.000
-17.000
-513.000
-539.000
-421.000
-565.000
-481.000
-443.000
-301.000
-385.000
-475.000
-475.000
-509.000
-153.000
-43.000
-519.000
-79.000
-349.000
241.000
-87.000
-89.000
-9.000
-157.000
-43.000
-385.000
-387.000
-519.000
-533.000
-529.000
-483.000
7.000
-481.000
-475.000
-471.000
-49.000
-545.000
-575.000
-529.000
-211.000
-129.000
-497.000
-489.000
-379.000
461.000
97.000
-9.000
189.000
-127.000
-169.000
-391.000
-555.000
-13.000
-169.000
-477.000
45.000
-195.000
-469.000
-439.000
-13.000
-443.000
-459.000
-403.000
19.000
-565.000
-417.000
-545.000
-471.000
-507.000
-69.000
-363.000
-373.000
39.000
-565.000
-107.000
125.000
-191.000
-507.000
-539.000
-109.000
-535.000
-57.000
147.000
-75.000
-79.000
-391.000
163.000
-507.000
-71.000
-41.000
-565.000
-555.000
279.000
-543.000
-83.000
-565.000
-177.000
-415.000
-183.000
-559.000
-539.000
-401.000
-83.000
29.000
-67.000
-169.000
-397.000
-549.000
-115.000
29.000
-565.000
61.000
-513.000
135.000
207.000
-115.000
-125.000
-517.000
-529.000
-549.000
33.000
-513.000
-471.000
-529.000
189.000
-343.000
-129.000
-301.000
-275.000
-457.000
143.000
-241.000
-163.000
-549.000
-349.000
-55.000
-465.000
-157.000
-247.000
-343.000
-21.000
99.000
-237.000
-423.000
-63.000
1.000
-355.000
-525.000
-85.000
147.000
-543.000
-5.000
45.000
-507.000
-455.000
-481.000
-383.000
-179.000
-513.000
-379.000
-275.000
-135.000
-453.000
-161.000
-301.000
-241.000
1.000
-491.000
65.000
177.000
-461.000
91.000
-497.000
-183.000
-487.000
189.000
-465.000
-395.000
-493.000
427.000
-259.000
-39.000
-513.000
-443.000
-443.000
-121.000
-509.000
-477.000
-565.000
-461.000
-95.000
-493.000
157.000
-517.000
-555.000
-257.000
-57.000
-281.000
157.000
17.000
11.000
53.000
-539.000
-523.000
-449.000
171.000
-421.000
-509.000
-439.000
-513.000
-253.000
-105.000
5.000
-285.000
-405.000
-607.000
-475.000
-193.000
-99.000
-241.000
-485.000
-199.000
-539.000
-453.000
-121.000
-1.000
-383.000
-545.000
-277.000
-427.000
-463.000
-565.000
-393.000
51.000
-29.000
-565.000
91.000
-35.000
-523.000
-533.000
-99.000
-565.000
-445.000
-119.000
-243.000
-491.000
107.000
-163.000
-501.000
-565.000
-127.000
-549.000
-167.000
-471.000
-427.000
-65.000
-223.000
-337.000
-35.000
-131.000
-555.000
-517.000
-343.000
-487.000
-379.000
-355.000
-549.000
-337.000
-407.000
-513.000
-411.000
-535.000
129.000
-149.000
-455.000
-259.000
-109.000
-379.000
-555.000
-507.000
-501.000
-91.000
183.000
-539.000
123.000
-483.000
-369.000
-149.000
-559.000
-85.000
-533.000
11.000
-291.000
-565.000
-33.000
-191.000
-539.000
-507.000
-209.000
-29.000
-313.000
-311.000
-157.000
-301.000
135.000
-517.000
-51.000
107.000
-503.000
-575.000
-523.000
-421.000
17.000
-105.000
-479.000
51.000
-157.000
-17.000
-449.000
-61.000
-3.000
-119.000
-303.000
-89.000
-407.000
-555.000
-233.000
-379.000
-3.000
-565.000
-359.000
-39.000
-427.000
-317.000
-267.000
-245.000
-13.000
-135.000
-575.000
-49.000
-45.000
-349.000
-481.000
-247.000
-565.000
-223.000
-291.000
-477.000
-487.000
-545.000
-97.000
-221.000
-539.000
-441.000
-539.000
-549.000
-529.000
-507.000
-545.000
-481.000
-565.000
-539.000
-503.000
-139.000
-437.000
21.000
-193.000
-23.000
-411.000
-381.000
-163.000
-555.000
45.000
-237.000
-477.000
291.000
-549.000
-449.000
139.000
-439.000
-575.000
139.000
-477.000
-559.000
-311.000
-471.000
-437.000
-433.000
-465.000
-35.000
-221.000
-493.000
-231.000
37.000
-197.000
-475.000
-115.000
-545.000
39.000
243.000
-545.000
-535.000
23.000
-529.000
-303.000
-555.000
-539.000
-565.000
-301.000
205.000
-139.000
-355.000
-555.000
-497.000
-385.000
-575.000
-445.000
-575.000
-523.000
-487.000
-329.000
-529.000
-549.000
-535.000
-465.000
-271.000
-525.000
-575.000
-317.000
-549.000
-483.000
-575.000
-507.000
-575.000
-407.000
-565.000
-497.000
-575.000
-565.000
-575.000
-575.000
-555.000
-555.000
-503.000
-565.000
-575.000
-565.000
-555.000
-529.000
-555.000
-455.000
-555.000
-555.000
-555.000
-491.000
-497.000
-575.000
-517.000
-487.000
-355.000
249.000
-507.000
-353.000
-529.000
-543.000
-287.000
-465.000
-203.000
-565.000
-565.000
-509.000
-535.000
-507.000
-565.000
-513.000
-555.000
-613.000
-383.000
-519.000
-565.000
-565.000
-555.000
-487.000
-497.000
-359.000
-477.000
-323.000
-565.000
-263.000
-555.000
-545.000
-545.000
-543.000
-555.000
-507.000
-475.000
-397.000
-555.000
-471.000
-477.000
-461.000
-455.000
-381.000
-477.000
-507.000
-565.000
-499.000
-359.000
-391.000
-565.000
-461.000
-447.000
-507.000
-555.000
545.000
-565.000
-139.000
-545.000
-271.000
-413.000
-565.000
-559.000
-455.000
-451.000
-497.000
-201.000
-539.000
-529.000
-523.000
-375.000
-513.000
-517.000
-379.000
-565.000
-519.000
-23.000
-519.000
-593.000
-429.000
-429.000
-503.000
-313.000
-565.000
-529.000
-487.000
-507.000
-519.000
-243.000
-257.000
-471.000
-389.000
-549.000
-395.000
-555.000
-439.000
-337.000
-309.000
-345.000
-535.000
-343.000
-419.000
-413.000
-389.000
-575.000
-549.000
-475.000
-491.000
-481.000
517.000
-481.000
-497.000
-449.000
-565.000
-269.000
-229.000
-447.000
-575.000
-575.000
-343.000
-575.000
-549.000
-555.000
-307.000
-565.000
-555.000
-413.000
-497.000
-509.000
-423.000
-449.000
-565.000
-289.000
-471.000
-549.000
-507.000
-565.000
-337.000
-529.000
-555.000
-397.000
-545.000
-565.000
-249.000
-369.000
-343.000
-307.000
-303.000
-575.000
-481.000
-565.000
-329.000
-555.000
-575.000
-545.000
-519.000
-497.000
-565.000
-423.000
-477.000
-555.000
-491.000
-565.000
-555.000
-471.000
-529.000
-545.000
-417.000
-545.000
-565.000
-539.000
-383.000
-401.000
-433.000
-555.000
-549.000
-565.000
-379.000
-539.000
-455.000
-497.000
-565.000
-271.000
-497.000
-555.000
-565.000
-529.000
-497.000
-485.000
-497.000
-487.000
-529.000
-555.000
-539.000
-555.000
-497.000
-565.000
-559.000
-507.000
-565.000
-565.000
-535.000
-389.000
-355.000
-545.000
-281.000
-613.000
-565.000
-575.000
-565.000
-565.000
-471.000
-549.000
-565.000
-539.000
-481.000
-525.000
-555.000
-555.000
-497.000
-449.000
-565.000
-519.000
-545.000
-565.000
-497.000
-575.000
-565.000
-545.000
-565.000
-565.000
-455.000
-555.000
-487.000
-459.000
-327.000
-381.000
-555.000
-555.000
-555.000
-565.000
-503.000
-555.000
-217.000
-603.000
-565.000
-397.000
-423.000
-513.000
-439.000
-555.000
-271.000
-429.000
-555.000
-545.000
-565.000
-575.000
-291.000
-391.000
33.000
-565.000
-333.000
-545.000
-137.000
-565.000
-565.000
-545.000
-623.000
-555.000
-355.000
-565.000
-565.000
-565.000
-565.000
-407.000
-565.000
-555.000
-565.000
-565.000
-565.000
-565.000
-565.000
-259.000
-543.000
-565.000
-529.000
-381.000
-565.000
-565.000
-565.000
-491.000
-539.000
-545.000
-545.000
-371.000
-365.000
-249.000
-555.000
-565.000
-327.000
-397.000
-575.000
-323.000
-435.000
-507.000
-539.000
-491.000
-327.000
-427.000
-465.000
-333.000
-407.000
-575.000
-555.000
-359.000
-539.000
-477.000
-297.000
-323.000
-73.000
-497.000
-295.000
-273.000
-237.000
-475.000
-497.000
-337.000
-387.000
-501.000
-297.000
-127.000
-327.000
-501.000
-287.000
-283.000
-473.000
-225.000
-197.000
-555.000
-515.000
-447.000
-211.000
-497.000
-535.000
-289.000
-225.000
-251.000
-55.000
-241.000
-269.000
-167.000
-295.000
-65.000
-497.000
-527.000
2373.000
-397.000
-215.000
-387.000
-273.000
-137.000
-275.000
-491.000
-117.000
-555.000
-565.000
-535.000
-497.000
-503.000
-471.000
-245.000
-517.000
-189.000
-539.000
-549.000
-297.000
-495.000
-445.000
-515.000
2371.000
-539.000
-471.000
-309.000
-507.000
-545.000
349.000
-343.000
-383.000
-507.000
-243.000
-379.000
-177.000
-449.000
-269.000
-507.000
-301.000
-507.000
2449.000
-391.000
-513.000
-507.000
-545.000
-365.000
-481.000
-517.000
-335.000
-397.000
-491.000
-491.000
-365.000
-299.000
-375.000
-455.000
-487.000
-267.000
35.000
-455.000
-497.000
-211.000
-437.000
-565.000
-507.000
-483.000
-317.000
-503.000
-461.000
353.000
-495.000
-513.000
-555.000
-295.000
-223.000
-295.000
-455.000
615.000
-517.000
-469.000
-455.000
-371.000
-235.000
-351.000
-517.000
-499.000
-449.000
-497.000
-511.000
-455.000
-203.000
-229.000
-465.000
2473.000
-439.000
-251.000
-105.000
-461.000
-377.000
-423.000
-555.000
-487.000
2395.000
-243.000
-507.000
-517.000
-565.000
-449.000
-507.000
-555.000
-185.000
-397.000
-487.000
-487.000
-461.000
-467.000
-375.000
-437.000
-291.000
-25.000
-311.000
-353.000
-565.000
-271.000
-241.000
237.000
-475.000
-381.000
-375.000
-491.000
-501.000
2421.000
-339.000
-401.000
-523.000
-517.000
-287.000
-333.000
-539.000
-433.000
-491.000
-179.000
-179.000
-487.000
-433.000
-523.000
-501.000
-9.000
-401.000
307.000
-233.000
-491.000
-517.000
-501.000
-487.000
-497.000
-501.000
-487.000
-517.000
-167.000
-529.000
-465.000
-409.000
-517.000
111.000
-321.000
-143.000
211.000
3.000
169.000
-297.000
-433.000
-439.000
-67.000
-523.000
-369.000
-403.000
-539.000
-433.000
499.000
-471.000
-529.000
-379.000
-445.000
-549.000
-549.000
-481.000
-539.000
-529.000
-411.000
-363.000
-549.000
-527.000
-391.000
-565.000
-549.000
-549.000
-549.000
-549.000
-549.000
-549.000
-179.000
-549.000
-493.000
-481.000
-555.000
-375.000
-549.000
-549.000
-487.000
-323.000
-549.000
-359.000
-169.000
-321.000
-507.000
-441.000
-507.000
-481.000
-497.000
-387.000
-507.000
-457.000
-405.000
-507.000
-359.000
-397.000
-507.000
355.000
-279.000
-519.000
-475.000
-545.000
-497.000
-549.000
-403.000
-327.000
-281.000
-267.000
-327.000
-217.000
-321.000
2223.000
-443.000
-451.000
-507.000
-371.000
-549.000
-497.000
297.000
-549.000
-377.000
-439.000
-497.000
-549.000
-519.000
-241.000
-451.000
-327.000
-549.000
-549.000
-291.000
-147.000
-535.000
-381.000
-519.000
-513.000
-549.000
-337.000
-477.000
-549.000
-529.000
-395.000
-423.000
673.000
-233.000
-493.000
-507.000
883.000
-307.000
67.000
-507.000
215.000
-575.000
-497.000
-549.000
-333.000
-185.000
-387.000
-481.000
-549.000
-535.000
-267.000
-461.000
-471.000
-435.000
-549.000
-497.000
-471.000
-259.000
-549.000
-549.000
-115.000
-549.000
-403.000
2197.000
-507.000
-481.000
-439.000
-387.000
-423.000
-565.000
-233.000
-471.000
-465.000
-399.000
-29.000
-507.000
-471.000
-285.000
-517.000
-467.000
-565.000
-271.000
-227.000
-433.000
391.000
-549.000
-401.000
-353.000
-497.000
-443.000
-417.000
-565.000
-461.000
-337.000
-169.000
-79.000
-497.000
-481.000
-487.000
-239.000
-529.000
-435.000
-565.000
-353.000
-283.000
-523.000
-507.000
-195.000
-153.000
-363.000
-491.000
-565.000
-477.000
-433.000
-497.000
-365.000
-75.000
-545.000
-539.000
-373.000
-475.000
-507.000
-565.000
-417.000
-373.000
-513.000
181.000
-419.000
83.000
-549.000
-279.000
-453.000
-475.000
-207.000
-549.000
-445.000
-491.000
-345.000
-275.000
-491.000
-597.000
205.000
-503.000
-427.000
-423.000
-497.000
-503.000
-497.000
2247.000
-421.000
725.000
-25.000
-449.000
-227.000
-491.000
-323.000
-297.000
-387.000
-497.000
-503.000
-343.000
-471.000
-523.000
-507.000
-465.000
-411.000
-277.000
-481.000
-565.000
-321.000
-545.000
-497.000
-575.000
-481.000
-517.000
-423.000
2445.000
409.000
-449.000
-473.000
-597.000
343.000
-245.000
109.000
-323.000
-183.000
-481.000
-465.000
-523.000
-487.000
-481.000
-477.000
-467.000
-487.000
-507.000
-189.000
-549.000
-507.000
-517.000
397.000
323.000
-539.000
-507.000
-451.000
-497.000
-201.000
-311.000
2277.000
-353.000
-307.000
-507.000
-359.000
-565.000
-565.000
-281.000
-307.000
-471.000
-303.000
-219.000
-453.000
-477.000
-455.000
-507.000
-351.000
-507.000
-343.000
2251.000
-549.000
-507.000
-323.000
-421.000
-523.000
-545.000
-549.000
-407.000
-523.000
-497.000
-497.000
-345.000
-517.000
-517.000
-461.000
-487.000
-163.000
-63.000
-171.000
-391.000
-375.000
-475.000
-519.000
-497.000
-465.000
-433.000
345.000
-417.000
-211.000
-549.000
-337.000
-81.000
-597.000
-211.000
-257.000
-271.000
-439.000
-507.000
-491.000
-343.000
-439.000
-555.000
-433.000
-323.000
-321.000
35.000
-383.000
-401.000
-517.000
-391.000
-555.000
-323.000
263.000
-545.000
-565.000
-443.000
-507.000
-551.000
-353.000
-305.000
-419.000
-327.000
83.000
-549.000
339.000
-459.000
-497.000
-507.000
-405.000
1.000
-577.000
-481.000
2167.000
-121.000
-485.000
-439.000
-67.000
-501.000
-245.000
-517.000
-407.000
-449.000
-517.000
-459.000
125.000
-401.000
-481.000
-565.000
2357.000
-275.000
-507.000
-273.000
103.000
37.000
-507.000
-487.000
-477.000
-517.000
-307.000
-307.000
-255.000
323.000
-445.000
-477.000
-321.000
-421.000
2379.000
-273.000
2357.000
-549.000
-507.000
-317.000
-19.000
-389.000
-497.000
-507.000
-333.000
-439.000
-365.000
-565.000
-433.000
-33.000
2613.000
-487.000
-359.000
-337.000
299.000
-295.000
-263.000
-257.000
-357.000
395.000
-11.000
-297.000
-481.000
-575.000
-471.000
-487.000
-507.000
-421.000
-527.000
-549.000
-481.000
-393.000
-331.000
-477.000
-385.000
-469.000
-87.000
-365.000
-243.000
-51.000
-497.000
-343.000
-321.000
-555.000
339.000
2197.000
-163.000
-435.000
-487.000
-507.000
-215.000
-199.000
-491.000
-403.000
-427.000
-471.000
-465.000
-263.000
-493.000
-307.000
-427.000
-477.000
401.000
-197.000
-487.000
-335.000
-465.000
-189.000
-549.000
-333.000
-307.000
-175.000
-497.000
-507.000
-233.000
-507.000
-343.000
-237.000
-349.000
-497.000
-565.000
-165.000
-549.000
-539.000
231.000
-451.000
2007.000
-549.000
-47.000
-403.000
-487.000
2359.000
477.000
-565.000
-481.000
-253.000
2089.000
-575.000
-233.000
-175.000
-259.000
-167.000
-257.000
-399.000
-189.000
-497.000
-337.000
-179.000
-549.000
-475.000
-195.000
-365.000
-413.000
-347.000
-443.000
-137.000
-341.000
-549.000
-523.000
-491.000
-317.000
-277.000
-507.000
-53.000
-445.000
-99.000
-335.000
-565.000
-89.000
-549.000
-549.000
-285.000
-339.000
2385.000
-549.000
-475.000
-235.000
-285.000
-487.000
-549.000
-465.000
-427.000
-549.000
-185.000
-575.000
-337.000
-487.000
-549.000
-549.000
-509.000
-565.000
-549.000
-539.000
-297.000
-349.000
-445.000
-343.000
2541.000
-427.000
-549.000
-401.000
2453.000
-227.000
-493.000
-517.000
-549.000
-161.000
-549.000
55.000
-491.000
-549.000
-401.000
-523.000
-549.000
-517.000
-359.000
-333.000
-517.000
-491.000
-461.000
-497.000
-519.000
-549.000
-507.000
-385.000
-549.000
-417.000
-259.000
-137.000
-417.000
-549.000
-361.000
-565.000
-315.000
-549.000
-517.000
-545.000
-497.000
161.000
-487.000
-507.000
2505.000
-285.000
-423.000
-407.000
-549.000
-549.000
-555.000
-153.000
-549.000
-549.000
-549.000
-317.000
-485.000
-471.000
-329.000
-139.000
-549.000
209.000
-507.000
-453.000
-555.000
211.000
-243.000
-507.000
-549.000
-549.000
-523.000
-445.000
335.000
-517.000
-501.000
-457.000
-275.000
-567.000
-481.000
-549.000
-337.000
-497.000
-343.000
-295.000
-549.000
-549.000
-549.000
-549.000
-475.000
-471.000
-517.000
2397.000
-461.000
-313.000
-381.000
-365.000
153.000
-363.000
-303.000
-507.000
-549.000
-517.000
-549.000
-207.000
127.000
-549.000
-555.000
-511.000
-481.000
-603.000
-173.000
-267.000
-477.000
-549.000
-487.000
-157.000
-549.000
-477.000
-481.000
-493.000
-487.000
-507.000
-343.000
2193.000
-517.000
-427.000
-507.000
-405.000
-549.000
-417.000
-481.000
-213.000
-387.000
-507.000
-471.000
-539.000
-549.000
-483.000
-123.000
-529.000
-575.000
-507.000
-503.000
-283.000
-539.000
-277.000
-433.000
-169.000
323.000
-483.000
-345.000
-253.000
-549.000
-549.000
-25.000
-549.000
-445.000
-297.000
47.000
-337.000
-357.000
-549.000
-549.000
2327.000
-487.000
-477.000
-487.000
-497.000
-511.000
757.000
-539.000
-481.000
-549.000
-125.000
411.000
-445.000
-549.000
-549.000
-575.000
-161.000
-137.000
-241.000
2309.000
-487.000
-507.000
-523.000
-549.000
-497.000
-549.000
-443.000
-373.000
-565.000
-565.000
-175.000
-549.000
-491.000
-353.000
-549.000
-517.000
-471.000
-507.000
-523.000
-575.000
-549.000
403.000
-307.000
-389.000
2285.000
-497.000
-313.000
-199.000
-549.000
-417.000
-243.000
-477.000
-491.000
-277.000
-555.000
-261.000
-565.000
-507.000
-259.000
-113.000
-495.000
-337.000
-501.000
-419.000
-237.000
-97.000
2181.000
-475.000
-361.000
2373.000
-549.000
-229.000
229.000
-407.000
-337.000
-549.000
2303.000
-349.000
-523.000
-105.000
171.000
-535.000
-549.000
-507.000
-409.000
-491.000
361.000
-565.000
-319.000
-471.000
-565.000
-507.000
2357.000
-471.000
405.000
-359.000
-535.000
321.000
-491.000
-323.000
-137.000
61.000
-549.000
-429.000
-281.000
-139.000
-151.000
-481.000
-343.000
-395.000
-265.000
-487.000
-529.000
-511.000
-523.000
-513.000
-517.000
-349.000
-549.000
-221.000
-393.000
-507.000
219.000
-249.000
127.000
-497.000
-513.000
-25.000
-471.000
-523.000
-303.000
-507.000
-485.000
-469.000
-487.000
-539.000
-147.000
-511.000
-535.000
-449.000
-155.000
-493.000
-461.000
-455.000
-397.000
-575.000
-391.000
-549.000
-327.000
-523.000
-357.000
-467.000
-449.000
-549.000
-487.000
-481.000
-535.000
-485.000
-141.000
-513.000
-333.000
-467.000
-481.000
-361.000
-397.000
-523.000
-467.000
-477.000
-539.000
-501.000
-511.000
-491.000
-507.000
-467.000
-549.000
-315.000
-259.000
-481.000
-497.000
-339.000
-353.000
-517.000
-531.000
-371.000
-491.000
-245.000
-459.000
-429.000
389.000
-565.000
-379.000
-491.000
-355.000
-503.000
-517.000
-485.000
-409.000
-173.000
-189.000
-371.000
-507.000
-483.000
-363.000
-481.000
-291.000
-465.000
-575.000
-443.000
-405.000
-491.000
-507.000
-475.000
415.000
101.000
2411.000
-413.000
2387.000
-549.000
-167.000
-487.000
-509.000
-371.000
-219.000
2123.000
1895.000
-487.000
-297.000
-523.000
-445.000
-171.000
-497.000
227.000
157.000
-389.000
-395.000
-321.000
-549.000
-333.000
-517.000
-539.000
-423.000
-351.000
-437.000
-507.000
-549.000
2321.000
-315.000
-507.000
-465.000
-371.000
-329.000
-523.000
2401.000
-429.000
-505.000
-555.000
-519.000
307.000
173.000
-527.000
-331.000
2305.000
-229.000
-227.000
-565.000
-297.000
-497.000
-503.000
-439.000
2379.000
-465.000
-103.000
-367.000
203.000
-173.000
-507.000
-561.000
-221.000
-523.000
-403.000
-539.000
-277.000
-507.000
-329.000
275.000
-465.000
-471.000
339.000
-259.000
-213.000
-539.000
-177.000
-207.000
-423.000
-477.000
2325.000
-481.000
-407.000
-555.000
-497.000
-217.000
-487.000
-159.000
-221.000
-519.000
-393.000
259.000
-501.000
-487.000
-63.000
-539.000
-507.000
-277.000
-371.000
-503.000
-469.000
-551.000
-195.000
-519.000
-255.000
-343.000
-327.000
313.000
-493.000
-317.000
-345.000
-483.000
-491.000
-527.000
-285.000
-331.000
-507.000
2335.000
-283.000
-519.000
167.000
-227.000
-533.000
-485.000
-477.000
-409.000
-519.000
-491.000
-123.000
-497.000
-349.000
-119.000
-529.000
-419.000
2409.000
-29.000
-545.000
2061.000
-433.000
-251.000
-223.000
-497.000
-449.000
-223.000
-517.000
-507.000
-487.000
-427.000
-357.000
-121.000
2427.000
-523.000
-371.000
207.000
-507.000
-445.000
-393.000
-185.000
-497.000
-497.000
-445.000
-369.000
-413.000
-423.000
-501.000
-443.000
-193.000
-411.000
-517.000
-413.000
-507.000
-353.000
-565.000
-433.000
-481.000
-197.000
-507.000
-491.000
-131.000
-545.000
-183.000
-395.000
-361.000
-491.000
-513.000
-493.000
-565.000
-499.000
-497.000
-507.000
261.000
-543.000
-477.000
-497.000
441.000
2259.000
-581.000
-497.000
-517.000
-439.000
-477.000
-299.000
2129.000
1985.000
2395.000
2203.000
-437.000
-487.000
-429.000
-491.000
-501.000
-355.000
-527.000
359.000
-471.000
-153.000
-301.000
-545.000
2315.000
407.000
-333.000
-381.000
-455.000
-497.000
-529.000
-391.000
-529.000
-217.000
-307.000
-355.000
-461.000
-395.000
-69.000
-429.000
153.000
-469.000
-39.000
-243.000
185.000
-407.000
-393.000
-509.000
-319.000
-343.000
-349.000
-481.000
-171.000
-539.000
-313.000
-559.000
-565.000
-517.000
205.000
-217.000
-503.000
-549.000
-215.000
177.000
-545.000
-577.000
-477.000
-497.000
77.000
-487.000
-71.000
2069.000
-503.000
-163.000
285.000
-221.000
-393.000
-481.000
-317.000
-549.000
331.000
461.000
-207.000
-503.000
-225.000
-497.000
-291.000
-565.000
177.000
-471.000
-323.000
-555.000
-549.000
-367.000
2245.000
-503.000
-565.000
-533.000
-353.000
-253.000
255.000
-503.000
-513.000
-345.000
-247.000
-517.000
-497.000
-565.000
-471.000
-497.000
-523.000
-509.000
-471.000
-451.000
-487.000
-109.000
-545.000
-477.000
-389.000
-471.000
-439.000
-481.000
-205.000
-355.000
-471.000
-413.000
-507.000
-501.000
-381.000
-487.000
-253.000
-575.000
551.000
3.000
-533.000
-243.000
-241.000
-477.000
-485.000
-519.000
-277.000
-491.000
-471.000
-403.000
-411.000
-575.000
-293.000
-477.000
-407.000
-549.000
-335.000
-493.000
-387.000
-497.000
-193.000
-491.000
-345.000
-483.000
-259.000
-251.000
-481.000
-413.000
-233.000
-133.000
-401.000
-359.000
-73.000
-269.000
-419.000
-297.000
535.000
-259.000
-503.000
-297.000
-461.000
-371.000
-237.000
-483.000
-533.000
-497.000
-501.000
-497.000
-265.000
-507.000
-497.000
-291.000
-497.000
-497.000
-449.000
-445.000
-503.000
-311.000
-487.000
-533.000
-249.000
-415.000
-517.000
-491.000
-487.000
2105.000
-487.000
-179.000
2341.000
-327.000
-517.000
-389.000
-491.000
-501.000
2155.000
245.000
-529.000
-279.000
-323.000
-333.000
-345.000
-471.000
-361.000
-93.000
-487.000
2275.000
-333.000
-309.000
-507.000
-491.000
185.000
-303.000
287.000
2359.000
-539.000
-487.000
-217.000
-497.000
-285.000
-365.000
-307.000
-517.000
-507.000
-375.000
-545.000
-539.000
-459.000
-59.000
-517.000
-501.000
-227.000
-31.000
-481.000
-287.000
-371.000
-487.000
-219.000
-263.000
-339.000
-405.000
-121.000
-401.000
-375.000
-221.000
-159.000
-301.000
307.000
297.000
-389.000
-539.000
2345.000
115.000
-359.000
-185.000
-575.000
-73.000
-23.000
2301.000
-501.000
-497.000
-401.000
-507.000
-211.000
-363.000
-491.000
-355.000
155.000
-497.000
471.000
-373.000
-107.000
-245.000
-481.000
-565.000
-517.000
-301.000
-227.000
-443.000
429.000
-385.000
-311.000
-285.000
-349.000
-491.000
-565.000
-201.000
-145.000
-453.000
-501.000
-507.000
2367.000
-501.000
-503.000
-465.000
-507.000
-401.000
-513.000
-491.000
-427.000
-233.000
-147.000
837.000
257.000
-549.000
-517.000
181.000
-233.000
-475.000
-383.000
-549.000
-491.000
-243.000
-533.000
-461.000
-439.000
71.000
-481.000
-407.000
-271.000
-481.000
-471.000
-503.000
-517.000
-377.000
-507.000
-345.000
-377.000
-513.000
-485.000
-497.000
-419.000
-501.000
-253.000
-111.000
-481.000
489.000
401.000
-97.000
-405.000
-409.000
-269.000
-321.000
-495.000
573.000
-507.000
351.000
-315.000
-517.000
-545.000
-517.000
213.000
-497.000
-507.000
-455.000
-321.000
-497.000
-317.000
2365.000
-383.000
-497.000
-497.000
-399.000
113.000
151.000
-253.000
-491.000
-345.000
-497.000
-137.000
-387.000
-221.000
-549.000
-143.000
-545.000
-187.000
-121.000
-315.000
-497.000
-465.000
-549.000
-487.000
-471.000
-371.000
-517.000
-237.000
-497.000
249.000
-497.000
-503.000
-373.000
2021.000
-517.000
-549.000
-429.000
-417.000
-487.000
-343.000
-429.000
2217.000
-527.000
-497.000
-429.000
-481.000
-317.000
-485.000
-545.000
-527.000
-565.000
-419.000
-565.000
-363.000
-365.000
2075.000
-367.000
-597.000
-507.000
-415.000
-323.000
-499.000
303.000
-381.000
-237.000
-397.000
-233.000
-251.000
297.000
-391.000
75.000
-485.000
-465.000
-487.000
-487.000
-199.000
225.000
-15.000
-491.000
-487.000
297.000
-265.000
-467.000
-395.000
-281.000
-197.000
1975.000
-511.000
-405.000
1937.000
-325.000
-549.000
-487.000
-191.000
-491.000
-487.000
193.000
-545.000
-375.000
-507.000
-381.000
-405.000
-517.000
-481.000
-543.000
-497.000
-265.000
307.000
3.000
11.000
-343.000
-155.000
-339.000
-317.000
-497.000
-497.000
-227.000
-221.000
-545.000
-497.000
-443.000
-481.000
-227.000
-297.000
-507.000
-469.000
-501.000
-239.000
-465.000
347.000
-517.000
-475.000
-361.000
-445.000
-293.000
-491.000
-409.000
-493.000
-423.000
-497.000
-359.000
-403.000
85.000
-491.000
-129.000
-477.000
-527.000
-191.000
-357.000
-549.000
-127.000
2133.000
-317.000
-245.000
-247.000
-467.000
-233.000
-83.000
-355.000
-497.000
547.000
-339.000
-517.000
-555.000
-185.000
-271.000
-503.000
2415.000
-371.000
-469.000
-491.000
-555.000
-419.000
-387.000
-549.000
-439.000
-417.000
-487.000
-271.000
-243.000
-417.000
-487.000
137.000
2531.000
129.000
-163.000
-555.000
-409.000
-245.000
-481.000
-549.000
-421.000
2171.000
-17.000
303.000
-487.000
-297.000
-329.000
-249.000
281.000
-439.000
-355.000
-527.000
-497.000
-327.000
85.000
-351.000
-197.000
-497.000
-243.000
-323.000
-419.000
-239.000
-199.000
-389.000
-153.000
289.000
-291.000
-105.000
2435.000
-507.000
-501.000
-497.000
-497.000
-301.000
-503.000
2395.000
-311.000
-507.000
-287.000
-527.000
-133.000
-397.000
-487.000
-101.000
139.000
-519.000
2537.000
-513.000
-191.000
-419.000
-507.000
-353.000
-321.000
-497.000
-467.000
-465.000
-237.000
-423.000
-125.000
-477.000
-439.000
-487.000
-19.000
-513.000
-555.000
137.000
-293.000
-279.000
-167.000
-237.000
-429.000
-517.000
279.000
-307.000
-335.000
-409.000
-501.000
-459.000
-407.000
227.000
2437.000
-443.000
-253.000
-263.000
-265.000
-535.000
-565.000
-113.000
149.000
-255.000
-507.000
-497.000
-365.000
-343.000
225.000
247.000
-475.000
-603.000
-375.000
-313.000
-257.000
-331.000
-149.000
-77.000
231.000
2331.000
2321.000
-515.000
135.000
-465.000
-355.000
-457.000
2427.000
-545.000
-273.000
-565.000
247.000
-143.000
-507.000
-143.000
135.000
-189.000
-393.000
-487.000
2017.000
-517.000
-471.000
-265.000
-465.000
-355.000
-401.000
-19.000
2135.000
-449.000
-341.000
-497.000
-287.000
-491.000
293.000
-449.000
-443.000
-269.000
-205.000
269.000
-371.000
-501.000
-381.000
-59.000
-209.000
-281.000
259.000
-251.000
-497.000
265.000
-481.000
213.000
-545.000
165.000
2281.000
2347.000
21.000
-259.000
-349.000
-469.000
-27.000
-361.000
-497.000
239.000
-507.000
155.000
-565.000
-285.000
-143.000
-429.000
-507.000
-603.000
-287.000
-289.000
-413.000
-213.000
-283.000
-413.000
-497.000
-47.000
-365.000
-237.000
-379.000
999.000
-195.000
-417.000
-439.000
-517.000
-397.000
-233.000
-405.000
-493.000
-555.000
-207.000
-475.000
-461.000
-549.000
291.000
-259.000
-223.000
355.000
-487.000
-145.000
-497.000
-301.000
-517.000
-275.000
-369.000
-249.000
-477.000
-377.000
3.000
-301.000
-301.000
-487.000
-265.000
-501.000
-497.000
-461.000
-393.000
-217.000
-445.000
-503.000
-175.000
-371.000
2327.000
-335.000
-459.000
-379.000
2405.000
-399.000
-327.000
847.000
-323.000
-507.000
-565.000
423.000
-497.000
-517.000
-201.000
-453.000
-497.000
-413.000
-429.000
-465.000
-99.000
-419.000
-469.000
-319.000
2183.000
-357.000
-267.000
-391.000
-549.000
-497.000
-201.000
289.000
-527.000
-329.000
-343.000
-449.000
-23.000
255.000
-377.000
2277.000
-565.000
-187.000
-115.000
205.000
529.000
-33.000
-519.000
-143.000
-449.000
-501.000
-209.000
-491.000
-175.000
2301.000
-139.000
-307.000
-317.000
2239.000
-329.000
-171.000
-417.000
-353.000
-87.000
-361.000
889.000
-497.000
-321.000
-623.000
-377.000
-217.000
-475.000
-91.000
-191.000
-529.000
-417.000
-251.000
-471.000
-243.000
-133.000
-475.000
-565.000
-355.000
-253.000
-439.000
-453.000
-333.000
-367.000
-333.000
-487.000
-539.000
291.000
-517.000
-375.000
-477.000
-293.000
-195.000
-565.000
2079.000
-231.000
-429.000
-507.000
-403.000
-407.000
553.000
2375.000
-145.000
-467.000
399.000
-177.000
-477.000
-185.000
-449.000
-291.000
-555.000
-491.000
-545.000
-319.000
-377.000
-169.000
-455.000
-399.000
-265.000
-477.000
-555.000
-623.000
-549.000
-457.000
-481.000
95.000
-517.000
-501.000
-455.000
299.000
-523.000
-517.000
259.000
2179.000
181.000
-73.000
-361.000
-471.000
-491.000
-413.000
-517.000
-423.000
-183.000
-475.000
-555.000
-381.000
-319.000
-517.000
-371.000
-337.000
2207.000
-507.000
151.000
-147.000
-527.000
-443.000
-89.000
-223.000
-527.000
-455.000
2063.000
-393.000
-491.000
-337.000
-413.000
-487.000
-405.000
2189.000
-455.000
-365.000
-455.000
-477.000
-499.000
-475.000
315.000
-491.000
-429.000
555.000
-487.000
-475.000
2271.000
-399.000
285.000
-387.000
-197.000
299.000
-345.000
-375.000
-459.000
-517.000
-365.000
79.000
-507.000
-513.000
-517.000
-439.000
-487.000
-185.000
-303.000
-169.000
-385.000
-549.000
-323.000
-529.000
2339.000
2493.000
-397.000
-433.000
-567.000
-467.000
199.000
-575.000
-49.000
-321.000
-349.000
-477.000
-523.000
-239.000
177.000
-465.000
-281.000
-377.000
177.000
-517.000
-475.000
-139.000
-459.000
-517.000
291.000
2379.000
-333.000
169.000
33.000
-301.000
-491.000
111.000
-241.000
557.000
-539.000
-353.000
-507.000
-219.000
-471.000
-415.000
-345.000
-497.000
-481.000
-565.000
-453.000
-207.000
-527.000
-517.000
-333.000
-433.000
-441.000
-535.000
-491.000
-487.000
-59.000
1855.000
-211.000
-351.000
-487.000
-383.000
-549.000
-95.000
2495.000
-245.000
329.000
-501.000
-375.000
-409.000
-507.000
-405.000
-391.000
-331.000
-237.000
-201.000
-357.000
2385.000
-497.000
147.000
-185.000
-517.000
-555.000
-279.000
2325.000
671.000
-481.000
-333.000
2103.000
-365.000
-91.000
-371.000
-175.000
-333.000
-403.000
-455.000
-339.000
-323.000
2355.000
-73.000
189.000
-121.000
199.000
-165.000
-229.000
-357.000
-461.000
-465.000
-355.000
-477.000
-549.000
-455.000
-377.000
-367.000
-101.000
-291.000
-517.000
-417.000
-175.000
-465.000
-299.000
-487.000
-465.000
-135.000
-241.000
-507.000
-323.000
815.000
-419.000
-535.000
-507.000
-485.000
-403.000
-487.000
-65.000
-527.000
-565.000
-497.000
2203.000
2059.000
2463.000
-517.000
-491.000
279.000
-213.000
-319.000
1.000
-313.000
-363.000
-507.000
-565.000
-359.000
-385.000
-217.000
-471.000
2321.000
211.000
-549.000
-325.000
-403.000
-423.000
-147.000
-395.000
-359.000
-373.000
343.000
2447.000
-23.000
-277.000
-355.000
-449.000
-527.000
-229.000
-487.000
-343.000
2161.000
-93.000
-41.000
-517.000
-419.000
257.000
-175.000
-493.000
-295.000
-581.000
-475.000
279.000
-107.000
-253.000
-475.000
-455.000
-243.000
-301.000
-371.000
-179.000
-503.000
2209.000
-323.000
2325.000
-269.000
-171.000
393.000
-493.000
-355.000
-491.000
2443.000
-259.000
253.000
-507.000
-427.000
-317.000
-113.000
-423.000
-495.000
-535.000
-507.000
-259.000
-255.000
-387.000
-517.000
-295.000
463.000
-195.000
-423.000
-343.000
-453.000
-353.000
-487.000
-461.000
-27.000
-183.000
-301.000
-475.000
539.000
-287.000
-259.000
-501.000
-575.000
-339.000
-411.000
-501.000
-367.000
-137.000
-229.000
-303.000
-477.000
-173.000
-363.000
-539.000
-375.000
-503.000
-381.000
-313.000
775.000
-439.000
-497.000
2455.000
-155.000
-507.000
-443.000
-507.000
-457.000
-407.000
135.000
-207.000
-471.000
-487.000
-343.000
-289.000
-381.000
2559.000
-497.000
-575.000
-497.000
-255.000
2187.000
-141.000
-305.000
-497.000
-69.000
2317.000
-497.000
-395.000
-95.000
-313.000
-215.000
1.000
231.000
-339.000
243.000
-89.000
-343.000
-201.000
-371.000
207.000
199.000
-375.000
-287.000
-433.000
-307.000
-231.000
-191.000
-391.000
2277.000
-291.000
-465.000
-507.000
-407.000
-481.000
-475.000
-217.000
-487.000
2345.000
-497.000
-237.000
-59.000
-217.000
-555.000
-329.000
-501.000
-497.000
-317.000
-81.000
-517.000
277.000
-529.000
-401.000
2269.000
-411.000
2273.000
-459.000
-475.000
-395.000
-347.000
-375.000
-347.000
-465.000
-287.000
-281.000
-509.000
-427.000
-491.000
-319.000
-115.000
-455.000
-513.000
-497.000
-131.000
-535.000
-251.000
2399.000
-397.000
-491.000
-539.000
-199.000
-495.000
-471.000
-481.000
-555.000
-581.000
-243.000
-229.000
2345.000
-155.000
-201.000
-497.000
-223.000
-385.000
-461.000
-407.000
-389.000
-329.000
-127.000
-181.000
-221.000
-345.000
-549.000
-229.000
-419.000
-539.000
-475.000
-73.000
-407.000
-317.000
2505.000
-497.000
-517.000
-195.000
-475.000
-175.000
229.000
-319.000
-311.000
-471.000
-517.000
-513.000
-533.000
-333.000
-459.000
-247.000
-445.000
305.000
-461.000
-185.000
-289.000
-195.000
-507.000
-487.000
-159.000
-137.000
-49.000
-247.000
-487.000
-411.000
-533.000
-403.000
-299.000
-419.000
-497.000
-347.000
-243.000
-343.000
-275.000
-391.000
-499.000
-477.000
201.000
-215.000
-355.000
-491.000
-159.000
-375.000
-339.000
-339.000
-261.000
-333.000
177.000
-433.000
-545.000
-411.000
-555.000
251.000
-487.000
-243.000
-497.000
-445.000
-565.000
-323.000
-183.000
-255.000
-319.000
-485.000
-197.000
-285.000
-393.000
289.000
-457.000
-371.000
409.000
123.000
-549.000
-197.000
-63.000
-221.000
-99.000
-215.000
-507.000
-443.000
923.000
-533.000
-375.000
-293.000
-39.000
-501.000
-471.000
-475.000
-483.000
-53.000
-507.000
261.000
2443.000
-513.000
-71.000
-539.000
-285.000
267.000
2359.000
-319.000
-279.000
-109.000
-499.000
-549.000
-507.000
201.000
-497.000
221.000
-33.000
-193.000
-497.000
-433.000
-513.000
-307.000
2327.000
-419.000
-477.000
-207.000
-153.000
2387.000
-281.000
-355.000
2173.000
-155.000
3.000
-267.000
-159.000
-555.000
-227.000
-179.000
181.000
2461.000
-435.000
-79.000
-397.000
-179.000
-243.000
-271.000
-501.000
-369.000
-275.000
-403.000
-307.000
367.000
2155.000
-543.000
335.000
-349.000
17.000
-539.000
867.000
-365.000
-295.000
-159.000
-491.000
-345.000
-551.000
-497.000
-345.000
-359.000
-493.000
-391.000
-281.000
-477.000
-89.000
-549.000
-487.000
-293.000
-477.000
-261.000
-101.000
-369.000
-243.000
-539.000
2075.000
51.000
-517.000
-339.000
-347.000
-269.000
-253.000
-239.000
-527.000
235.000
-287.000
-271.000
-507.000
-417.000
-485.000
-277.000
265.000
-159.000
-317.000
-131.000
-483.000
-141.000
-319.000
-271.000
-439.000
-455.000
-549.000
-295.000
-165.000
-359.000
-491.000
-313.000
-249.000
2097.000
-393.000
221.000
-45.000
-195.000
-429.000
-283.000
-201.000
-487.000
-33.000
-207.000
247.000
-317.000
-533.000
-465.000
2447.000
-353.000
-163.000
407.000
-433.000
-503.000
-459.000
2073.000
-391.000
-101.000
853.000
-227.000
-375.000
2201.000
361.000
-329.000
-295.000
-129.000
-433.000
-419.000
-539.000
-387.000
-485.000
371.000
-265.000
-353.000
-517.000
-223.000
-509.000
-549.000
-353.000
-527.000
-113.000
-167.000
-211.000
207.000
-471.000
-309.000
-291.000
-543.000
-241.000
-121.000
-263.000
-311.000
-289.000
-281.000
-473.000
199.000
-37.000
-353.000
-409.000
-501.000
-121.000
-217.000
-459.000
-203.000
-365.000
-231.000
-497.000
-91.000
-465.000
-355.000
-477.000
-83.000
-87.000
303.000
-379.000
-211.000
2499.000
-545.000
-513.000
-245.000
-381.000
-359.000
-229.000
-323.000
39.000
2417.000
-243.000
-419.000
2415.000
-475.000
-201.000
-179.000
-357.000
-311.000
-407.000
-513.000
-187.000
-285.000
-471.000
-323.000
2149.000
-235.000
-461.000
-481.000
-485.000
2149.000
203.000
173.000
-333.000
-397.000
-201.000
-581.000
2053.000
-375.000
-517.000
-517.000
-497.000
-565.000
-347.000
-487.000
-345.000
-227.000
-487.000
-555.000
-311.000
-485.000
-119.000
-279.000
-335.000
-487.000
-295.000
-597.000
-221.000
-385.000
-499.000
-121.000
-497.000
-269.000
-349.000
-507.000
745.000
-487.000
-445.000
-339.000
-517.000
-169.000
461.000
213.000
-317.000
-297.000
-477.000
-345.000
-291.000
-623.000
-207.000
91.000
2319.000
-355.000
-475.000
-189.000
227.000
-477.000
2227.000
201.000
-565.000
-299.000
201.000
127.000
-243.000
-545.000
-201.000
-501.000
-343.000
2429.000
-177.000
11.000
193.000
-497.000
43.000
-491.000
-307.000
-89.000
2385.000
-491.000
-545.000
-323.000
-11.000
-121.000
-507.000
-349.000
-333.000
-141.000
-287.000
-207.000
99.000
-355.000
-303.000
-47.000
-121.000
-487.000
333.000
845.000
473.000
-323.000
-487.000
-385.000
-335.000
505.000
-239.000
-497.000
-493.000
-341.000
-211.000
-465.000
-517.000
-333.000
317.000
-313.000
7.000
461.000
-477.000
-203.000
-465.000
-389.000
-535.000
-223.000
-363.000
-211.000
-427.000
2041.000
-187.000
-51.000
-467.000
-487.000
-381.000
-179.000
-345.000
-95.000
2139.000
-277.000
-167.000
2377.000
-421.000
2483.000
-259.000
-517.000
-121.000
-301.000
2247.000
-441.000
2479.000
-517.000
2189.000
983.000
-475.000
-447.000
-211.000
-185.000
-503.000
-133.000
-175.000
-353.000
-287.000
2077.000
-107.000
-201.000
-477.000
-167.000
-477.000
-343.000
-239.000
-485.000
-507.000
-373.000
-411.000
2323.000
-471.000
-523.000
-527.000
-279.000
2137.000
-21.000
-339.000
-507.000
-623.000
-285.000
-481.000
-221.000
-465.000
-137.000
2331.000
-305.000
-227.000
-477.000
-519.000
-447.000
-565.000
-491.000
-549.000
2331.000
2095.000
-97.000
-523.000
-457.000
-325.000
-481.000
-445.000
-483.000
-497.000
2385.000
-369.000
-343.000
2225.000
17.000
-387.000
-491.000
-153.000
-507.000
-433.000
-161.000
-353.000
2367.000
2485.000
-471.000
-465.000
-503.000
-433.000
-481.000
-195.000
509.000
-509.000
-195.000
213.000
-497.000
-339.000
-495.000
-481.000
-243.000
215.000
-185.000
2355.000
-539.000
109.000
-575.000
-491.000
2373.000
-487.000
93.000
-141.000
-243.000
-487.000
-185.000
-353.000
-237.000
-475.000
-265.000
-343.000
-499.000
-529.000
-199.000
-359.000
-341.000
-549.000
-481.000
-211.000
-205.000
-445.000
-237.000
-493.000
-337.000
-481.000
187.000
-373.000
-109.000
-517.000
-215.000
-183.000
2417.000
2415.000
-353.000
-253.000
-271.000
-389.000
-507.000
-311.000
-411.000
-533.000
-125.000
191.000
-565.000
813.000
255.000
-289.000
-433.000
2387.000
-245.000
-223.000
285.000
-201.000
-275.000
-339.000
821.000
-395.000
2387.000
-417.000
-241.000
-237.000
-301.000
2529.000
339.000
-427.000
-341.000
-359.000
273.000
-423.000
-477.000
-203.000
-387.000
-339.000
-499.000
-321.000
-485.000
-519.000
-397.000
-317.000
-95.000
-41.000
97.000
-159.000
227.000
-379.000
-529.000
-313.000
-355.000
-527.000
-397.000
-495.000
-175.000
-527.000
-227.000
-533.000
-423.000
705.000
-445.000
-517.000
-545.000
-307.000
-57.000
-129.000
-299.000
-177.000
-517.000
-219.000
-29.000
793.000
-371.000
-549.000
-335.000
-359.000
265.000
-449.000
-513.000
-381.000
-333.000
95.000
-221.000
-209.000
-471.000
-497.000
-259.000
-379.000
-549.000
-163.000
-507.000
-369.000
-157.000
-519.000
-453.000
-565.000
-279.000
2225.000
279.000
283.000
-119.000
-549.000
-165.000
-141.000
2425.000
331.000
2437.000
575.000
-375.000
-39.000
-379.000
-277.000
-215.000
-179.000
1969.000
-187.000
-315.000
-555.000
-487.000
-303.000
-367.000
-127.000
-385.000
-337.000
-349.000
-327.000
-343.000
-349.000
-311.000
-497.000
2253.000
-263.000
-487.000
135.000
-385.000
-517.000
-535.000
-575.000
-303.000
-349.000
-527.000
2035.000
-465.000
-55.000
-507.000
-319.000
-545.000
-379.000
-355.000
321.000
-257.000
-259.000
-491.000
-375.000
-131.000
-545.000
-487.000
-497.000
-533.000
301.000
-507.000
-339.000
-517.000
-481.000
-229.000
-291.000
-301.000
2235.000
-497.000
489.000
2149.000
-477.000
-353.000
-487.000
-281.000
-349.000
-465.000
55.000
-239.000
-517.000
-291.000
-323.000
-493.000
2473.000
249.000
-363.000
-481.000
-507.000
-359.000
-215.000
-493.000
-565.000
-489.000
-539.000
-501.000
-159.000
-163.000
-371.000
-479.000
-413.000
-343.000
-271.000
-339.000
-565.000
-365.000
-223.000
-507.000
-131.000
-417.000
-287.000
-121.000
-369.000
-387.000
-481.000
2451.000
-355.000
-507.000
-487.000
-185.000
-371.000
255.000
-271.000
-269.000
-273.000
-513.000
-455.000
-19.000
31.000
-481.000
-267.000
-255.000
-271.000
2035.000
-269.000
2439.000
-301.000
-95.000
-179.000
-349.000
-549.000
-461.000
-485.000
-523.000
-181.000
1045.000
2261.000
-565.000
2471.000
-485.000
879.000
-337.000
-497.000
-497.000
-465.000
-507.000
197.000
113.000
-313.000
-173.000
-143.000
-275.000
-171.000
211.000
-495.000
-379.000
-493.000
-359.000
2375.000
-233.000
-507.000
-477.000
-369.000
-545.000
-471.000
-321.000
-237.000
-307.000
-481.000
-371.000
549.000
-487.000
-271.000
-565.000
-223.000
2353.000
-497.000
-437.000
-279.000
-529.000
2225.000
-283.000
-313.000
-481.000
-481.000
-253.000
-513.000
-209.000
-507.000
-507.000
-287.000
-357.000
-255.000
2401.000
-509.000
-363.000
229.000
-239.000
-237.000
-191.000
-455.000
-485.000
539.000
-491.000
333.000
-201.000
-485.000
-565.000
-225.000
-437.000
917.000
169.000
-277.000
-501.000
-331.000
-265.000
2351.000
-491.000
-313.000
-467.000
361.000
2137.000
285.000
-477.000
-391.000
-475.000
-517.000
-243.000
-485.000
-335.000
-517.000
-347.000
-383.000
-269.000
-179.000
-343.000
-471.000
-487.000
2211.000
17.000
-507.000
-201.000
-507.000
2239.000
-113.000
-381.000
-285.000
-143.000
309.000
-491.000
-211.000
-57.000
-173.000
-507.000
-233.000
-511.000
-381.000
-475.000
2267.000
-465.000
-333.000
-315.000
-343.000
-189.000
-517.000
-183.000
41.000
-93.000
-539.000
-327.000
-507.000
-545.000
-375.000
-271.000
317.000
2531.000
-471.000
-373.000
-523.000
-323.000
-293.000
-481.000
-497.000
-333.000
2343.000
2375.000
-607.000
-291.000
311.000
-349.000
-281.000
323.000
-461.000
-443.000
-539.000
-185.000
291.000
-519.000
-333.000
869.000
-311.000
2363.000
-313.000
-287.000
-535.000
221.000
-385.000
-497.000
-487.000
-259.000
-457.000
-249.000
3.000
-565.000
-519.000
-355.000
-487.000
297.000
193.000
-173.000
-501.000
-455.000
-403.000
-227.000
-117.000
435.000
-359.000
303.000
-361.000
1083.000
-481.000
-523.000
-401.000
-339.000
-359.000
-109.000
-507.000
2267.000
-221.000
2491.000
-335.000
121.000
-539.000
-323.000
-339.000
-545.000
-285.000
-343.000
2225.000
-223.000
-115.000
-497.000
-109.000
-121.000
-313.000
2291.000
-487.000
-59.000
-327.000
2329.000
-357.000
-365.000
-379.000
-397.000
-503.000
-187.000
-365.000
-297.000
-221.000
-153.000
285.000
-565.000
-497.000
-535.000
-343.000
-369.000
-507.000
-497.000
-337.000
-529.000
-191.000
-407.000
-285.000
-301.000
-507.000
-555.000
-483.000
-203.000
-297.000
-101.000
-507.000
-487.000
-517.000
-507.000
-87.000
-401.000
-253.000
-483.000
-373.000
-265.000
-315.000
-555.000
-327.000
-475.000
-481.000
-455.000
933.000
-495.000
-365.000
-343.000
-89.000
-277.000
-257.000
-333.000
-89.000
281.000
151.000
-491.000
-455.000
-317.000
99.000
57.000
-105.000
-193.000
-349.000
2365.000
-259.000
-205.000
2245.000
-565.000
-575.000
-433.000
-465.000
-333.000
-349.000
-321.000
-253.000
189.000
-487.000
-497.000
-345.000
-555.000
-575.000
-507.000
-239.000
65.000
-535.000
-481.000
-411.000
-549.000
-207.000
-465.000
-297.000
-555.000
-331.000
-475.000
-189.000
-465.000
-269.000
-549.000
-301.000
-217.000
-445.000
-305.000
-311.000
-319.000
-311.000
-481.000
-303.000
247.000
-575.000
51.000
-265.000
-353.000
-375.000
-329.000
615.000
-151.000
2453.000
-555.000
-337.000
-497.000
-205.000
-313.000
-341.000
-471.000
-181.000
2395.000
-295.000
-485.000
-323.000
-507.000
-353.000
-555.000
-307.000
173.000
-481.000
-487.000
29.000
-259.000
-87.000
-387.000
-519.000
-575.000
-517.000
-201.000
63.000
-375.000
2197.000
-223.000
-381.000
-309.000
-275.000
-55.000
-249.000
2173.000
-477.000
-471.000
-461.000
-347.000
-329.000
-255.000
-507.000
-339.000
193.000
-333.000
2333.000
245.000
-273.000
-165.000
-379.000
-141.000
335.000
-497.000
-539.000
-477.000
-43.000
-487.000
-189.000
-509.000
345.000
-549.000
211.000
-507.000
-247.000
127.000
-475.000
-455.000
-365.000
-503.000
-369.000
-311.000
-327.000
-497.000
-475.000
-499.000
147.000
2325.000
-393.000
2383.000
-517.000
-311.000
-297.000
-63.000
-487.000
-391.000
-517.000
-327.000
-265.000
-237.000
-255.000
-507.000
-471.000
-181.000
-291.000
-379.000
-253.000
891.000
-433.000
-327.000
-485.000
-253.000
13.000
-265.000
-313.000
409.000
-555.000
-507.000
-319.000
-549.000
-295.000
2339.000
-487.000
-169.000
-359.000
-119.000
-497.000
2143.000
131.000
-389.000
-101.000
-491.000
-433.000
-507.000
2315.000
-291.000
-481.000
-281.000
-41.000
-281.000
-465.000
-497.000
-461.000
2383.000
-487.000
-509.000
473.000
-333.000
-277.000
-345.000
-487.000
-327.000
-125.000
-491.000
-259.000
-127.000
-195.000
117.000
2069.000
-349.000
165.000
-507.000
-291.000
-339.000
-345.000
-375.000
-257.000
341.000
519.000
-513.000
-523.000
-507.000
2389.000
-549.000
-313.000
-545.000
-121.000
-359.000
-497.000
-317.000
319.000
-195.000
-333.000
-517.000
-211.000
-81.000
2273.000
827.000
-259.000
-301.000
-351.000
-497.000
-481.000
2317.000
-497.000
-363.000
-277.000
-183.000
-487.000
-543.000
-477.000
-517.000
-497.000
-281.000
-229.000
-33.000
2451.000
-317.000
-477.000
-165.000
-339.000
-497.000
-359.000
-255.000
-575.000
-317.000
-251.000
-497.000
-165.000
-375.000
-221.000
-333.000
-229.000
-481.000
-369.000
583.000
-359.000
-271.000
-503.000
303.000
2215.000
-265.000
-355.000
-293.000
-265.000
-229.000
2397.000
-549.000
-289.000
-551.000
-185.000
-501.000
-421.000
2231.000
-221.000
393.000
-501.000
-211.000
-369.000
-499.000
2465.000
-307.000
-375.000
241.000
-149.000
309.000
-517.000
1991.000
-487.000
-395.000
-211.000
-305.000
179.000
-191.000
-313.000
-279.000
-271.000
-185.000
-421.000
-483.000
-201.000
-329.000
767.000
-367.000
-415.000
-491.000
-431.000
-191.000
1901.000
-175.000
-389.000
-507.000
-185.000
-219.000
-487.000
423.000
-355.000
2141.000
-375.000
-191.000
-257.000
-227.000
-329.000
-477.000
-321.000
-303.000
2411.000
-191.000
-481.000
-295.000
307.000
-255.000
-483.000
871.000
-245.000
-527.000
-575.000
-271.000
433.000
-481.000
-243.000
2223.000
363.000
-497.000
-195.000
-227.000
203.000
173.000
-357.000
-461.000
-395.000
-243.000
-469.000
-169.000
421.000
-277.000
-355.000
-207.000
-291.000
-333.000
471.000
-401.000
291.000
-305.000
-481.000
-493.000
2221.000
-11.000
-517.000
-459.000
-315.000
2363.000
-487.000
-333.000
-439.000
2137.000
-485.000
-327.000
2465.000
2303.000
-121.000
-497.000
387.000
-337.000
2163.000
281.000
-191.000
267.000
-523.000
-283.000
-363.000
-23.000
2455.000
-491.000
-277.000
2167.000
-427.000
2091.000
-475.000
-401.000
-449.000
-297.000
-221.000
-445.000
-331.000
-187.000
-277.000
2265.000
-473.000
-267.000
-391.000
-205.000
-327.000
-465.000
-497.000
-539.000
-275.000
185.000
-347.000
-375.000
-371.000
-323.000
-275.000
-369.000
-355.000
-365.000
293.000
-529.000
-191.000
-313.000
215.000
-217.000
-301.000
-481.000
-115.000
-337.000
-201.000
2145.000
-271.000
-171.000
-321.000
-487.000
-223.000
-411.000
2357.000
2257.000
-189.000
-339.000
-187.000
-339.000
-523.000
-349.000
-455.000
-423.000
-343.000
-301.000
-331.000
-385.000
2127.000
-317.000
-555.000
301.000
2313.000
-39.000
-227.000
-171.000
-329.000
-215.000
2243.000
-549.000
-289.000
-497.000
-359.000
-507.000
-345.000
2133.000
-271.000
-239.000
-259.000
2399.000
-375.000
-301.000
-379.000
-289.000
-497.000
-253.000
-487.000
-233.000
-329.000
-429.000
-465.000
-507.000
-555.000
63.000
2423.000
-437.000
-413.000
-519.000
-487.000
-237.000
-525.000
-269.000
-263.000
-335.000
-487.000
-191.000
-407.000
-243.000
-487.000
-507.000
-555.000
-217.000
-159.000
219.000
-491.000
-243.000
-485.000
-273.000
69.000
-487.000
71.000
-281.000
-329.000
-345.000
2297.000
-365.000
-477.000
-477.000
313.000
-281.000
-353.000
-259.000
-191.000
-197.000
-499.000
-501.000
-153.000
-281.000
-359.000
-417.000
-475.000
-75.000
-535.000
-527.000
-221.000
-375.000
-329.000
-137.000
-325.000
257.000
-507.000
-221.000
-229.000
-323.000
2243.000
2243.000
2419.000
-483.000
-369.000
-247.000
-517.000
1001.000
-519.000
-117.000
2199.000
353.000
2461.000
-307.000
2417.000
-123.000
-75.000
-477.000
-119.000
-403.000
-427.000
-53.000
-177.000
223.000
-455.000
-149.000
-231.000
-171.000
-481.000
245.000
-507.000
179.000
-549.000
-473.000
-341.000
-321.000
-417.000
-485.000
-301.000
-345.000
-207.000
-217.000
-293.000
-343.000
-337.000
-237.000
81.000
-353.000
-165.000
-497.000
-527.000
-231.000
-303.000
2439.000
357.000
-29.000
-417.000
-111.000
-349.000
265.000
-333.000
2331.000
-535.000
2491.000
-353.000
-481.000
2175.000
-523.000
-343.000
-301.000
-313.000
-187.000
-323.000
-267.000
-477.000
-507.000
-345.000
-307.000
-471.000
-265.000
-101.000
17.000
-297.000
-325.000
-539.000
-359.000
-123.000
-195.000
-171.000
-209.000
-247.000
-375.000
-353.000
-365.000
-487.000
-369.000
33.000
-481.000
-349.000
-375.000
-183.000
923.000
-497.000
-451.000
-183.000
-481.000
169.000
-345.000
-353.000
-435.000
199.000
-487.000
2353.000
617.000
-135.000
245.000
-343.000
-491.000
2353.000
-475.000
-507.000
2363.000
2227.000
-197.000
-507.000
-527.000
-335.000
-295.000
-465.000
-529.000
-355.000
-539.000
-527.000
-555.000
-487.000
-231.000
-375.000
-447.000
-385.000
-513.000
-43.000
-475.000
-607.000
-465.000
-359.000
-89.000
-507.000
-185.000
2319.000
-297.000
-549.000
241.000
-533.000
-465.000
-299.000
2451.000
-501.000
2515.000
-331.000
-39.000
-1.000
-227.000
291.000
-497.000
2473.000
419.000
-209.000
-207.000
-249.000
-239.000
-493.000
-255.000
381.000
-487.000
-117.000
-265.000
-457.000
-439.000
-355.000
-267.000
-311.000
2085.000
-445.000
-363.000
-427.000
377.000
-533.000
-275.000
-513.000
-237.000
-477.000
-523.000
-513.000
-517.000
-377.000
-385.000
-487.000
-555.000
-507.000
-497.000
-301.000
95.000
457.000
-201.000
-497.000
-559.000
-303.000
405.000
-467.000
-93.000
-271.000
-217.000
-351.000
-381.000
-379.000
-187.000
-317.000
-137.000
-323.000
-381.000
347.000
-333.000
-261.000
-381.000
-355.000
333.000
-501.000
-487.000
-323.000
-307.000
-327.000
2477.000
-507.000
-353.000
-125.000
-487.000
-497.000
-545.000
-381.000
-175.000
2645.000
-565.000
-175.000
2179.000
-365.000
-477.000
2531.000
-247.000
-343.000
-549.000
-517.000
511.000
-507.000
-305.000
-519.000
-205.000
-377.000
-507.000
-507.000
-205.000
2393.000
-515.000
-497.000
-417.000
-295.000
-175.000
-507.000
-507.000
-477.000
-223.000
-319.000
-565.000
-565.000
-299.000
-233.000
-377.000
-179.000
-477.000
-183.000
-207.000
-307.000
-339.000
-185.000
-517.000
-197.000
-31.000
-85.000
-329.000
-449.000
2539.000
-539.000
-535.000
-221.000
595.000
-301.000
-507.000
-469.000
579.000
-329.000
-171.000
-341.000
-99.000
2385.000
-427.000
-365.000
2535.000
525.000
7.000
-217.000
-289.000
-281.000
-313.000
39.000
-549.000
-519.000
301.000
-169.000
-303.000
-169.000
1045.000
2229.000
-97.000
7.000
41.000
-487.000
-527.000
-461.000
-263.000
-539.000
-265.000
-359.000
-221.000
-471.000
-491.000
-471.000
-483.000
-517.000
-469.000
-297.000
-243.000
-523.000
-555.000
393.000
-483.000
-105.000
-237.000
-385.000
-375.000
-95.000
-445.000
-313.000
-343.000
-427.000
-187.000
-499.000
-285.000
857.000
-533.000
-519.000
-127.000
2163.000
-365.000
-185.000
-437.000
-379.000
-493.000
-483.000
2287.000
-315.000
491.000
2441.000
-331.000
-19.000
2029.000
-345.000
-539.000
-145.000
-271.000
115.000
-15.000
-57.000
-313.000
-497.000
-141.000
-487.000
-85.000
357.000
-555.000
-565.000
-289.000
-371.000
-363.000
-235.000
-487.000
-481.000
-317.000
2279.000
2249.000
-271.000
-153.000
-263.000
2155.000
-309.000
-517.000
-217.000
455.000
-497.000
-279.000
2265.000
-163.000
-97.000
157.000
-281.000
-339.000
-269.000
-497.000
-497.000
2315.000
-363.000
43.000
-527.000
-233.000
2129.000
193.000
-291.000
-539.000
-265.000
-353.000
-347.000
-275.000
-229.000
-171.000
-101.000
2331.000
-83.000
-565.000
-185.000
-211.000
-141.000
-231.000
-333.000
2585.000
-345.000
-517.000
-507.000
2689.000
2683.000
-67.000
11.000
355.000
169.000
-269.000
2369.000
-119.000
91.000
-485.000
-497.000
2281.000
-545.000
-513.000
-353.000
-353.000
-333.000
-301.000
-359.000
-163.000
-437.000
2415.000
-357.000
-355.000
-497.000
2267.000
-249.000
-211.000
47.000
-215.000
-111.000
-355.000
55.000
-335.000
291.000
-507.000
595.000
-445.000
-261.000
-345.000
-285.000
-333.000
-261.000
-549.000
-233.000
-517.000
-497.000
2229.000
-195.000
-539.000
-371.000
-497.000
-481.000
2451.000
-283.000
-69.000
-291.000
-471.000
-301.000
-69.000
-253.000
-237.000
-301.000
-185.000
-549.000
-237.000
-353.000
1991.000
-317.000
-555.000
91.000
387.000
-343.000
401.000
-349.000
-507.000
-359.000
-311.000
-487.000
2257.000
-329.000
-295.000
-467.000
-367.000
-217.000
-153.000
-481.000
-179.000
-311.000
389.000
-275.000
-233.000
-249.000
2617.000
-255.000
-207.000
-161.000
-369.000
-339.000
2265.000
-535.000
595.000
223.000
-353.000
-475.000
-507.000
-223.000
2249.000
-507.000
-461.000
-481.000
-561.000
-369.000
-487.000
-491.000
-207.000
-265.000
-267.000
609.000
-467.000
-323.000
-285.000
-281.000
-209.000
-243.000
-203.000
349.000
-233.000
-351.000
-507.000
-539.000
-519.000
-259.000
-213.000
-491.000
-315.000
-217.000
-371.000
-507.000
-155.000
-555.000
-271.000
959.000
-259.000
-259.000
-455.000
-349.000
-277.000
-59.000
-507.000
2233.000
-249.000
-237.000
867.000
-1.000
-487.000
-325.000
-271.000
-135.000
-381.000
-189.000
-295.000
-95.000
-285.000
231.000
2283.000
-471.000
-205.000
-359.000
-507.000
-309.000
2589.000
-207.000
-339.000
2185.000
-403.000
1041.000
-303.000
-365.000
-549.000
-339.000
-545.000
-105.000
-103.000
-497.000
2349.000
-391.000
-545.000
-279.000
-335.000
-487.000
-465.000
-501.000
-59.000
-273.000
-471.000
507.000
-229.000
-307.000
-231.000
-301.000
-307.000
-91.000
-239.000
-97.000
193.000
-315.000
2535.000
-187.000
2471.000
-277.000
-233.000
-125.000
-235.000
2079.000
-211.000
-171.000
-243.000
-285.000
-375.000
-149.000
-529.000
2369.000
2439.000
-197.000
-209.000
2341.000
343.000
-235.000
2585.000
-295.000
-321.000
-507.000
-219.000
-249.000
-185.000
701.000
-449.000
-327.000
937.000
-257.000
-379.000
-233.000
187.000
-453.000
2431.000
-419.000
-487.000
-469.000
-391.000
-365.000
-481.000
-59.000
725.000
-407.000
-253.000
2579.000
-497.000
2449.000
-375.000
-393.000
1027.000
345.000
-373.000
-227.000
-223.000
487.000
-197.000
-111.000
555.000
107.000
-465.000
2495.000
-215.000
863.000
-497.000
-131.000
-353.000
2279.000
-405.000
-407.000
-349.000
-371.000
2613.000
-253.000
-497.000
-307.000
-395.000
-223.000
-365.000
-459.000
-235.000
-241.000
-439.000
-227.000
2361.000
-143.000
-271.000
-491.000
-365.000
-271.000
-323.000
-277.000
-487.000
-201.000
-503.000
-555.000
-233.000
2223.000
-517.000
-471.000
-315.000
-539.000
-475.000
-525.000
2477.000
-259.000
-409.000
-71.000
-297.000
2399.000
-475.000
-507.000
-219.000
-291.000
-287.000
-391.000
-217.000
183.000
-555.000
-545.000
2255.000
-291.000
421.000
-477.000
191.000
-185.000
-507.000
2253.000
-359.000
-477.000
-181.000
-543.000
-545.000
2501.000
-147.000
-67.000
-271.000
-307.000
2399.000
2519.000
-465.000
-77.000
-421.000
-297.000
-379.000
-477.000
-329.000
2455.000
-545.000
-183.000
-443.000
-413.000
-539.000
2415.000
2633.000
-365.000
-67.000
-199.000
-359.000
-555.000
-159.000
-251.000
-517.000
-215.000
-279.000
-333.000
2437.000
-467.000
45.000
-373.000
-207.000
-497.000
-289.000
-423.000
-293.000
-497.000
-483.000
-501.000
245.000
223.000
-227.000
-117.000
-429.000
-353.000
49.000
-517.000
-155.000
-205.000
-219.000
-497.000
-487.000
-497.000
-181.000
-375.000
-317.000
-345.000
287.000
-401.000
-311.000
-397.000
-481.000
-331.000
277.000
-143.000
2413.000
-45.000
-201.000
-305.000
-487.000
-325.000
-107.000
-255.000
-297.000
2303.000
-255.000
-487.000
2581.000
2369.000
-291.000
287.000
2433.000
-545.000
2537.000
-301.000
2651.000
-419.000
-253.000
-343.000
-379.000
-333.000
-517.000
-259.000
-111.000
-271.000
335.000
2333.000
291.000
-443.000
-363.000
83.000
2355.000
-507.000
761.000
2069.000
-477.000
-295.000
-325.000
-323.000
-105.000
-289.000
-565.000
2387.000
-507.000
-391.000
-191.000
-467.000
-429.000
-277.000
-549.000
2493.000
2051.000
-339.000
2373.000
-355.000
2007.000
-363.000
277.000
2277.000
-155.000
-327.000
-219.000
-549.000
-477.000
2505.000
-487.000
337.000
-175.000
-465.000
-487.000
-275.000
-337.000
-497.000
-535.000
2373.000
-443.000
-339.000
313.000
-259.000
-477.000
-231.000
-243.000
-265.000
2339.000
-343.000
-269.000
-477.000
-227.000
-31.000
-235.000
-33.000
2213.000
-207.000
-429.000
-267.000
-153.000
-137.000
-517.000
-497.000
313.000
665.000
-257.000
-491.000
-475.000
-407.000
-407.000
-461.000
811.000
-497.000
-455.000
2461.000
-221.000
-161.000
-143.000
-7.000
2427.000
2407.000
573.000
-501.000
-327.000
-313.000
-497.000
-369.000
153.000
-481.000
-117.000
-507.000
-177.000
-509.000
2517.000
-83.000
221.000
2121.000
81.000
-487.000
-329.000
2449.000
7.000
-393.000
-475.000
-375.000
373.000
-181.000
-491.000
2465.000
-357.000
-465.000
-105.000
-519.000
-359.000
-497.000
2403.000
279.000
-487.000
-217.000
-383.000
2323.000
667.000
-5.000
-497.000
2043.000
2215.000
-497.000
-493.000
-331.000
-163.000
-471.000
-307.000
-519.000
-229.000
-461.000
2475.000
-235.000
-191.000
-349.000
2463.000
2399.000
2189.000
-513.000
-349.000
2679.000
-329.000
-301.000
-75.000
2497.000
2517.000
-83.000
-291.000
-279.000
-353.000
-517.000
127.000
393.000
-233.000
-623.000
2635.000
-99.000
2773.000
-497.000
-255.000
-359.000
-503.000
-407.000
-289.000
2505.000
-233.000
-479.000
401.000
-313.000
-487.000
-217.000
-507.000
-169.000
-179.000
-157.000
247.000
-285.000
-303.000
281.000
-125.000
-417.000
2073.000
-193.000
-471.000
-329.000
-71.000
2511.000
-339.000
-79.000
-89.000
-343.000
-333.000
-91.000
167.000
21.000
-269.000
-481.000
-353.000
253.000
209.000
511.000
-481.000
-507.000
-487.000
149.000
-363.000
-301.000
-173.000
-81.000
-529.000
-253.000
-507.000
561.000
2419.000
-381.000
2461.000
-481.000
9.000
-231.000
-215.000
-133.000
-287.000
-333.000
-259.000
-271.000
21.000
-489.000
-265.000
-487.000
-507.000
-477.000
-323.000
-301.000
-433.000
-115.000
-243.000
-275.000
-339.000
-201.000
-349.000
-203.000
-429.000
-291.000
-349.000
-211.000
-343.000
-217.000
-275.000
-487.000
-517.000
2533.000
2575.000
-343.000
281.000
2397.000
-243.000
-323.000
-245.000
269.000
281.000
-513.000
-497.000
2459.000
-143.000
-343.000
501.000
-57.000
2527.000
-109.000
-181.000
-265.000
-169.000
-363.000
177.000
-241.000
-265.000
-565.000
-517.000
-257.000
-471.000
-291.000
-357.000
-385.000
-169.000
-321.000
-285.000
-339.000
-313.000
2073.000
-167.000
-339.000
223.000
2543.000
-497.000
-245.000
-293.000
-19.000
-491.000
-313.000
-455.000
2387.000
-63.000
-63.000
-363.000
-137.000
2517.000
-259.000
2233.000
-291.000
2211.000
-255.000
-247.000
-327.000
-481.000
-187.000
-165.000
-319.000
-451.000
-137.000
-177.000
2289.000
-353.000
-355.000
-549.000
-175.000
-509.000
2549.000
53.000
-229.000
213.000
-253.000
-327.000
-497.000
-555.000
-317.000
-281.000
-331.000
-481.000
2269.000
-287.000
2483.000
-287.000
-597.000
-437.000
-79.000
2399.000
2237.000
-501.000
-321.000
-363.000
-233.000
-467.000
429.000
2077.000
-475.000
-503.000
-225.000
-355.000
2287.000
81.000
-133.000
2569.000
161.000
-497.000
637.000
-235.000
2217.000
873.000
-343.000
-507.000
-397.000
-401.000
-247.000
2473.000
-199.000
-497.000
-439.000
-277.000
97.000
-487.000
-477.000
2345.000
-343.000
189.000
-227.000
233.000
-321.000
-465.000
-289.000
2649.000
-169.000
-497.000
-483.000
-307.000
-275.000
-443.000
-327.000
2399.000
-331.000
-487.000
-529.000
-243.000
-487.000
225.000
23.000
-487.000
-305.000
-163.000
-123.000
-375.000
-327.000
-231.000
-333.000
-497.000
-33.000
2511.000
-241.000
2737.000
-565.000
-519.000
7.000
167.000
-359.000
-457.000
-319.000
2223.000
-113.000
-237.000
2181.000
-311.000
-459.000
-471.000
-271.000
-275.000
2217.000
-491.000
-443.000
-329.000
-317.000
-353.000
-267.000
-61.000
-161.000
2499.000
-487.000
-307.000
2355.000
-231.000
-257.000
-233.000
-221.000
-493.000
-287.000
2249.000
51.000
-481.000
1853.000
-387.000
251.000
-329.000
-343.000
-187.000
2193.000
2097.000
2023.000
-107.000
-389.000
-471.000
2527.000
-355.000
-323.000
-497.000
-305.000
-517.000
-117.000
2471.000
-349.000
-231.000
-333.000
-313.000
-315.000
-491.000
-327.000
-269.000
-453.000
-487.000
-65.000
-131.000
-11.000
-301.000
-313.000
-453.000
2233.000
-365.000
-565.000
2127.000
-337.000
2677.000
-333.000
-283.000
-375.000
-369.000
-349.000
-191.000
-287.000
-429.000
-219.000
-355.000
-147.000
2311.000
-225.000
-423.000
-507.000
-223.000
593.000
39.000
-497.000
-265.000
-249.000
-89.000
-317.000
2185.000
-281.000
399.000
-477.000
273.000
437.000
-253.000
-21.000
429.000
367.000
559.000
-243.000
-517.000
-447.000
-323.000
-119.000
2153.000
-477.000
123.000
-565.000
-245.000
-231.000
-285.000
-359.000
-297.000
-275.000
-317.000
2629.000
-195.000
333.000
-279.000
2221.000
517.000
219.000
-237.000
249.000
-507.000
-11.000
-311.000
-249.000
-311.000
-359.000
-307.000
55.000
2215.000
-497.000
-369.000
-17.000
-237.000
-233.000
411.000
83.000
-497.000
-325.000
509.000
2219.000
-379.000
2283.000
-507.000
-443.000
2449.000
2459.000
-141.000
-301.000
-517.000
-333.000
-9.000
-481.000
2467.000
-301.000
385.000
-263.000
-249.000
-327.000
-487.000
-497.000
-51.000
-205.000
-203.000
-169.000
-487.000
203.000
-401.000
-475.000
-369.000
-221.000
-143.000
-539.000
703.000
217.000
-513.000
-471.000
-291.000
-113.000
-191.000
-273.000
-507.000
-559.000
305.000
-267.000
-257.000
-149.000
-247.000
2457.000
-127.000
-347.000
-365.000
2505.000
-147.000
-307.000
-347.000
199.000
-91.000
249.000
-497.000
-215.000
-207.000
-237.000
-287.000
-373.000
-375.000
-507.000
-417.000
2111.000
-353.000
-243.000
-221.000
-373.000
-343.000
-91.000
2117.000
-545.000
-95.000
-329.000
-461.000
-101.000
-207.000
2465.000
-331.000
-53.000
515.000
-497.000
-277.000
-477.000
-239.000
-201.000
-517.000
-105.000
-167.000
-205.000
-307.000
-377.000
-507.000
2409.000
-395.000
-229.000
-487.000
-475.000
-471.000
-481.000
-195.000
-467.000
-185.000
-271.000
-487.000
-231.000
-39.000
-533.000
-487.000
-181.000
-275.000
2431.000
197.000
-191.000
-353.000
-497.000
2299.000
-411.000
-469.000
-507.000
-253.000
2621.000
2579.000
-357.000
-517.000
-487.000
-437.000
-261.000
-337.000
2203.000
-331.000
-507.000
2029.000
-185.000
2521.000
351.000
2459.000
-507.000
-325.000
2147.000
-259.000
267.000
2385.000
-317.000
-513.000
-347.000
-135.000
-129.000
-477.000
2459.000
-353.000
-223.000
2061.000
-327.000
2233.000
2575.000
1975.000
-301.000
-363.000
171.000
-365.000
275.000
2441.000
585.000
-243.000
2437.000
2253.000
-317.000
-555.000
-507.000
-255.000
2151.000
2441.000
2365.000
153.000
419.000
-549.000
-365.000
-363.000
-343.000
2483.000
-291.000
-173.000
2533.000
-193.000
-205.000
2339.000
-193.000
-13.000
-45.000
-461.000
-173.000
-329.000
-337.000
-293.000
-339.000
-251.000
317.000
321.000
-195.000
-345.000
-363.000
2449.000
-95.000
-517.000
-497.000
-147.000
-353.000
-455.000
-59.000
-535.000
-407.000
2489.000
-467.000
-337.000
577.000
-179.000
-405.000
-375.000
-371.000
-331.000
-333.000
167.000
-79.000
-555.000
-353.000
-487.000
127.000
-459.000
-545.000
-219.000
235.000
-215.000
2361.000
-265.000
-179.000
91.000
-377.000
-209.000
-217.000
-317.000
163.000
2143.000
-197.000
2465.000
2527.000
-255.000
-417.000
-191.000
-545.000
-287.000
-203.000
2507.000
-445.000
-261.000
-357.000
-157.000
2359.000
2445.000
-507.000
-417.000
-219.000
-437.000
361.000
-411.000
-353.000
1935.000
-321.000
-545.000
-229.000
-111.000
-451.000
5.000
-23.000
-427.000
175.000
-407.000
77.000
2063.000
-407.000
2535.000
-327.000
-227.000
-411.000
-339.000
-475.000
-263.000
-169.000
-343.000
-433.000
329.000
-211.000
-371.000
2205.000
-517.000
677.000
-507.000
-555.000
-323.000
-237.000
-411.000
-491.000
-439.000
-507.000
2379.000
-339.000
-497.000
-233.000
-385.000
-333.000
-155.000
-201.000
-323.000
-343.000
107.000
-477.000
2243.000
-369.000
-497.000
333.000
179.000
-497.000
-433.000
-321.000
-459.000
-99.000
-245.000
-405.000
2463.000
-353.000
-517.000
2355.000
-373.000
2309.000
-333.000
-507.000
-127.000
167.000
-299.000
1.000
2197.000
-271.000
-237.000
-411.000
-375.000
-305.000
67.000
-507.000
2309.000
-465.000
-575.000
-503.000
-297.000
-111.000
2217.000
-269.000
-497.000
2193.000
2301.000
-385.000
2469.000
-309.000
-507.000
-497.000
2465.000
-335.000
-173.000
-337.000
-397.000
-181.000
-477.000
-227.000
-335.000
-141.000
-273.000
-403.000
201.000
-477.000
-251.000
-265.000
153.000
-121.000
-513.000
2203.000
-363.000
-353.000
-323.000
469.000
2071.000
2143.000
-403.000
-395.000
-369.000
-169.000
-337.000
-497.000
2427.000
-355.000
2403.000
-307.000
-501.000
-151.000
-501.000
-185.000
-301.000
-497.000
-45.000
2505.000
281.000
-195.000
-475.000
-205.000
-375.000
-497.000
-127.000
613.000
-321.000
-463.000
-497.000
-507.000
-433.000
-555.000
-323.000
-201.000
273.000
-161.000
-313.000
-233.000
2223.000
2281.000
2265.000
-95.000
-313.000
-271.000
-323.000
2103.000
2199.000
-201.000
-497.000
-239.000
-443.000
-177.000
-215.000
-321.000
-285.000
-423.000
-379.000
-381.000
-487.000
-333.000
511.000
-197.000
-503.000
-465.000
-307.000
-311.000
-233.000
2257.000
-279.000
-237.000
-475.000
-255.000
2407.000
-231.000
523.000
-171.000
2399.000
205.000
-233.000
2339.000
-299.000
-491.000
-375.000
2521.000
-497.000
-513.000
2083.000
-89.000
2375.000
-275.000
-497.000
-369.000
-353.000
-33.000
2435.000
-427.000
-517.000
-169.000
19.000
2427.000
697.000
-487.000
-171.000
-153.000
2373.000
-507.000
-79.000
-185.000
-295.000
-233.000
-133.000
-343.000
19.000
-335.000
145.000
-253.000
-267.000
-375.000
-49.000
503.000
-339.000
-139.000
-487.000
-323.000
2355.000
-487.000
-245.000
-333.000
-241.000
-477.000
-477.000
-375.000
-191.000
-155.000
2339.000
-459.000
-507.000
-319.000
37.000
-243.000
-477.000
-339.000
-343.000
-423.000
-181.000
-127.000
-237.000
-247.000
-137.000
-111.000
-315.000
2517.000
-33.000
2589.000
-369.000
-179.000
-487.000
-247.000
-251.000
-375.000
-545.000
-477.000
-275.000
-343.000
-319.000
-497.000
421.000
-475.000
265.000
-409.000
-417.000
-471.000
-167.000
-271.000
-117.000
2265.000
-303.000
-549.000
-233.000
-207.000
-481.000
-207.000
-195.000
-507.000
2151.000
-477.000
2263.000
-225.000
-443.000
163.000
-397.000
-481.000
2223.000
65.000
-213.000
-487.000
-487.000
341.000
-565.000
-227.000
-485.000
149.000
-311.000
2271.000
-253.000
-477.000
-413.000
-259.000
-371.000
297.000
-497.000
-185.000
-121.000
-303.000
2447.000
-155.000
-99.000
-401.000
335.000
-281.000
-539.000
-253.000
-157.000
-529.000
293.000
-307.000
-205.000
-217.000
-217.000
-169.000
-507.000
-71.000
-487.000
297.000
-487.000
-497.000
-79.000
-285.000
-475.000
2323.000
-183.000
-227.000
-277.000
-399.000
-329.000
-243.000
-215.000
-81.000
351.000
-321.000
-43.000
-323.000
-307.000
625.000
2407.000
-603.000
-413.000
-575.000
-339.000
2293.000
-373.000
-305.000
-507.000
-253.000
347.000
-355.000
-285.000
209.000
-59.000
105.000
563.000
277.000
-409.000
-205.000
-287.000
-183.000
-169.000
-393.000
-545.000
-133.000
-363.000
-471.000
-11.000
-369.000
307.000
-297.000
-433.000
-39.000
-355.000
-395.000
-325.000
-209.000
75.000
-205.000
-277.000
-223.000
2141.000
-333.000
-487.000
-327.000
-307.000
-357.000
-343.000
-323.000
-233.000
-507.000
-317.000
-465.000
-37.000
-305.000
-353.000
265.000
-209.000
2293.000
-191.000
-427.000
2415.000
-363.000
271.000
2487.000
-79.000
-545.000
-353.000
-91.000
-343.000
-311.000
-271.000
-285.000
2447.000
2341.000
-435.000
-387.000
-575.000
-255.000
69.000
-117.000
-575.000
2529.000
-149.000
-487.000
2495.000
-355.000
-237.000
15.000
-427.000
-197.000
-233.000
-545.000
-369.000
-143.000
-321.000
145.000
-327.000
-395.000
-507.000
17.000
-263.000
-45.000
-175.000
2549.000
2555.000
-397.000
-331.000
-475.000
-465.000
-115.000
-373.000
2603.000
-301.000
-115.000
-555.000
-169.000
-507.000
-365.000
-159.000
-141.000
-237.000
-497.000
2293.000
769.000
-233.000
-401.000
2273.000
-13.000
877.000
-497.000
65.000
-317.000
-487.000
-549.000
1011.000
-343.000
-333.000
-199.000
-323.000
-287.000
-365.000
-535.000
-337.000
-343.000
-555.000
157.000
-99.000
2155.000
-343.000
-497.000
-81.000
-261.000
-433.000
25.000
-61.000
-375.000
-349.000
357.000
-411.000
-543.000
-159.000
-427.000
2607.000
-497.000
-373.000
-199.000
2341.000
765.000
981.000
-83.000
-417.000
2375.000
-239.000
-517.000
-373.000
-301.000
-535.000
-497.000
-403.000
-321.000
-497.000
471.000
-377.000
295.000
-491.000
2405.000
-455.000
2285.000
-349.000
-67.000
-183.000
-323.000
-275.000
2441.000
245.000
2223.000
-323.000
-343.000
2183.000
-549.000
-175.000
-297.000
-333.000
2367.000
-269.000
-455.000
-173.000
-131.000
-555.000
-491.000
-163.000
-507.000
-363.000
-487.000
-165.000
2457.000
-169.000
-163.000
-353.000
-285.000
-375.000
-485.000
-199.000
-303.000
787.000
-325.000
103.000
-501.000
-305.000
425.000
-227.000
-167.000
-555.000
-397.000
-343.000
-305.000
-251.000
-211.000
-413.000
-233.000
217.000
-533.000
-529.000
-163.000
-545.000
-407.000
-453.000
-159.000
-271.000
2481.000
-249.000
2087.000
-523.000
-363.000
-497.000
-483.000
417.000
-349.000
-565.000
-169.000
-237.000
-623.000
-507.000
2285.000
-507.000
-477.000
2515.000
-535.000
-363.000
-125.000
2469.000
-343.000
2529.000
19.000
2313.000
2379.000
2253.000
2515.000
-259.000
2227.000
-207.000
-41.000
2365.000
2209.000
-263.000
-497.000
-513.000
2389.000
-497.000
-1.000
-507.000
-93.000
-321.000
59.000
-353.000
-237.000
-403.000
-507.000
-411.000
-305.000
-285.000
-481.000
-371.000
-363.000
-337.000
2229.000
29.000
-327.000
9.000
-223.000
2613.000
-353.000
-497.000
-507.000
-123.000
-555.000
2297.000
-49.000
-359.000
-129.000
-231.000
-295.000
2599.000
-161.000
-493.000
-235.000
293.000
-355.000
2341.000
-419.000
-199.000
-365.000
-109.000
-351.000
13.000
-195.000
-487.000
2429.000
-349.000
-507.000
281.000
2535.000
-231.000
-121.000
-115.000
2449.000
-19.000
-369.000
-523.000
-223.000
-87.000
2543.000
-503.000
-183.000
-327.000
-141.000
-53.000
-209.000
-243.000
-487.000
-373.000
-347.000
-361.000
-487.000
-347.000
-427.000
-565.000
2451.000
2681.000
2421.000
-445.000
-477.000
-193.000
219.000
2287.000
-219.000
-333.000
137.000
-79.000
777.000
2077.000
-373.000
-349.000
-151.000
-345.000
-139.000
-497.000
455.000
-307.000
-215.000
2235.000
-293.000
-221.000
2293.000
-337.000
-119.000
-221.000
17.000
-353.000
-401.000
-351.000
-163.000
-321.000
-237.000
-103.000
-89.000
65.000
335.000
-251.000
-365.000
-375.000
-365.000
-179.000
-375.000
433.000
-383.000
-227.000
-39.000
-229.000
-313.000
-57.000
347.000
-355.000
-395.000
-205.000
2181.000
2449.000
-127.000
-179.000
-229.000
-23.000
-199.000
-217.000
245.000
-299.000
-321.000
-189.000
775.000
-211.000
-109.000
-253.000
-85.000
-131.000
-345.000
-485.000
-375.000
-313.000
-477.000
2493.000
353.000
-385.000
2195.000
2289.000
-307.000
915.000
-555.000
-363.000
2223.000
-151.000
-249.000
-187.000
-99.000
-325.000
-309.000
-347.000
-497.000
-341.000
-91.000
277.000
-273.000
2471.000
-307.000
-467.000
-159.000
2513.000
-373.000
-497.000
337.000
-143.000
-319.000
-467.000
-221.000
-265.000
-575.000
363.000
-507.000
-173.000
797.000
639.000
-297.000
307.000
-207.000
-89.000
631.000
-359.000
681.000
-55.000
-565.000
-471.000
-485.000
-381.000
-443.000
2525.000
-179.000
-497.000
599.000
-247.000
-363.000
-447.000
-289.000
-413.000
-497.000
-507.000
-439.000
775.000
-239.000
2669.000
267.000
2117.000
-151.000
-475.000
-465.000
-175.000
-359.000
229.000
-339.000
-381.000
-189.000
307.000
91.000
2681.000
-77.000
-227.000
879.000
-99.000
-525.000
-555.000
-59.000
335.000
2439.000
-143.000
-323.000
-229.000
845.000
2613.000
-291.000
2551.000
-341.000
123.000
-285.000
-151.000
5.000
55.000
-507.000
-133.000
-315.000
27.000
2447.000
2629.000
2531.000
-303.000
-213.000
-51.000
2269.000
-365.000
-37.000
-519.000
343.000
945.000
-365.000
-155.000
333.000
1033.000
-195.000
623.000
-497.000
-201.000
-181.000
-391.000
2561.000
-349.000
-173.000
-417.000
-517.000
-375.000
-381.000
2485.000
-333.000
-201.000
-305.000
-279.000
-507.000
-221.000
2583.000
-93.000
-339.000
-477.000
-127.000
23.000
-317.000
-191.000
881.000
-213.000
-445.000
877.000
-53.000
-163.000
-475.000
-33.000
-487.000
-135.000
-273.000
2409.000
-555.000
-133.000
-507.000
-137.000
-549.000
-219.000
-323.000
351.000
2195.000
-255.000
2293.000
387.000
-353.000
-517.000
-49.000
-207.000
-297.000
-133.000
-183.000
443.000
2383.000
-285.000
-507.000
-183.000
-165.000
-423.000
-151.000
2535.000
-397.000
-17.000
83.000
-215.000
-185.000
2281.000
747.000
-201.000
-259.000
-179.000
-307.000
-179.000
-231.000
191.000
197.000
37.000
-447.000
-149.000
-427.000
-163.000
445.000
465.000
2459.000
2333.000
-497.000
2499.000
2147.000
-143.000
-211.000
-487.000
-253.000
2481.000
-465.000
-397.000
2605.000
-189.000
-301.000
-159.000
2583.000
-157.000
-169.000
67.000
-221.000
-353.000
-25.000
-125.000
2115.000
-85.000
247.000
-215.000
-487.000
-477.000
-145.000
-369.000
-233.000
179.000
2249.000
-371.000
2405.000
933.000
-465.000
-333.000
-333.000
-329.000
-355.000
2545.000
-373.000
-333.000
-171.000
-205.000
275.000
-21.000
-411.000
2275.000
-275.000
2263.000
573.000
989.000
2653.000
-131.000
-271.000
433.000
367.000
-255.000
-271.000
-5.000
-497.000
275.000
177.000
2321.000
2285.000
-487.000
-305.000
31.000
-317.000
-151.000
5.000
-217.000
263.000
-443.000
-111.000
-313.000
-183.000
-213.000
821.000
-87.000
-131.000
-191.000
-347.000
-229.000
379.000
-57.000
-117.000
181.000
-249.000
2537.000
-365.000
-165.000
287.000
-265.000
-263.000
81.000
-445.000
-423.000
-301.000
-289.000
-357.000
-113.000
745.000
-177.000
87.000
-95.000
-15.000
801.000
-417.000
2583.000
-339.000
869.000
-127.000
-385.000
-179.000
-183.000
-107.000
-139.000
-233.000
-391.000
-357.000
-263.000
-179.000
-487.000
-73.000
177.000
-85.000
2697.000
-133.000
-237.000
499.000
-141.000
-375.000
2377.000
-233.000
-53.000
2433.000
2251.000
-375.000
-157.000
-379.000
-497.000
685.000
207.000
-353.000
217.000
-349.000
-275.000
-47.000
-365.000
-327.000
-227.000
-47.000
459.000
101.000
-217.000
-73.000
-121.000
-363.000
949.000
-305.000
-147.000
-77.000
377.000
-37.000
-207.000
-401.000
-337.000
-293.000
-517.000
-231.000
-99.000
-353.000
-137.000
-163.000
-315.000
-205.000
-497.000
-207.000
-79.000
-315.000
-285.000
-233.000
-93.000
-165.000
869.000
879.000
-179.000
-487.000
-297.000
-243.000
953.000
1001.000
-487.000
-265.000
-217.000
-443.000
-477.000
1087.000
-465.000
119.000
-211.000
15.000
-369.000
-391.000
2417.000
-559.000
-207.000
389.000
-105.000
-217.000
-545.000
-53.000
-263.000
-451.000
-411.000
-201.000
-119.000
-179.000
2409.000
-507.000
-215.000
-209.000
-417.000
-493.000
-53.000
-427.000
-199.000
-87.000
-339.000
-253.000
-455.000
-157.000
1141.000
-355.000
-475.000
-165.000
2303.000
-487.000
-191.000
-427.000
281.000
-199.000
-275.000
-417.000
-3.000
-507.000
229.000
-333.000
-385.000
-359.000
307.000
-443.000
-321.000
-175.000
-153.000
2643.000
-301.000
-321.000
-437.000
347.000
-307.000
-237.000
-199.000
-151.000
-427.000
1145.000
213.000
-339.000
-353.000
323.000
-205.000
21.000
217.000
-433.000
2391.000
2571.000
-445.000
-217.000
379.000
-497.000
-155.000
297.000
2545.000
297.000
2563.000
1201.000
-439.000
-107.000
-487.000
-469.000
381.000
-413.000
-381.000
-227.000
-337.000
-417.000
-83.000
-323.000
277.000
-475.000
-67.000
2233.000
-265.000
-517.000
-427.000
-407.000
2421.000
-173.000
-131.000
-349.000
2633.000
2273.000
-291.000
2401.000
-209.000
-123.000
2453.000
-401.000
2383.000
691.000
-199.000
1029.000
371.000
-487.000
-337.000
2527.000
-221.000
-263.000
251.000
-211.000
69.000
-219.000
-417.000
-163.000
-287.000
2741.000
2537.000
545.000
-203.000
-257.000
-401.000
-111.000
-381.000
-167.000
21.000
-127.000
-433.000
-497.000
287.000
-139.000
2581.000
-555.000
-487.000
-195.000
543.000
-257.000
-253.000
-475.000
2235.000
-23.000
-413.000
-497.000
2379.000
-163.000
-117.000
-259.000
-175.000
413.000
2485.000
2237.000
2481.000
1077.000
259.000
-365.000
-465.000
-565.000
-205.000
-419.000
2201.000
2373.000
-35.000
-197.000
-325.000
-185.000
-75.000
1013.000
-425.000
393.000
-439.000
-137.000
-169.000
-411.000
431.000
-207.000
-243.000
2481.000
481.000
-125.000
143.000
-455.000
-213.000
-169.000
-181.000
-169.000
-139.000
-477.000
-481.000
-157.000
-231.000
-497.000
-175.000
-417.000
-481.000
-507.000
2651.000
2261.000
-53.000
-397.000
393.000
-429.000
2471.000
-251.000
-185.000
19.000
-301.000
275.000
-221.000
229.000
1251.000
-381.000
2425.000
-465.000
241.000
-167.000
-131.000
2411.000
-459.000
-613.000
-147.000
-219.000
-507.000
-439.000
-497.000
-153.000
-343.000
-497.000
225.000
-465.000
-259.000
-587.000
-321.000
-433.000
-137.000
-105.000
-79.000
-517.000
-393.000
-359.000
-159.000
2431.000
-269.000
-223.000
2529.000
-27.000
2633.000
2135.000
-201.000
-411.000
-419.000
55.000
-491.000
923.000
-275.000
-111.000
-487.000
-281.000
-263.000
107.000
309.000
-165.000
2395.000
-411.000
-507.000
-343.000
-433.000
2337.000
-365.000
-117.000
923.000
-387.000
-181.000
-97.000
-231.000
2377.000
2229.000
-375.000
329.000
-477.000
-215.000
393.000
-219.000
-385.000
-317.000
1043.000
-169.000
-329.000
2281.000
-497.000
-345.000
-233.000
-89.000
-99.000
-507.000
2613.000
-107.000
-433.000
2455.000
-343.000
2675.000
-453.000
-185.000
-37.000
-293.000
-343.000
2419.000
-211.000
-487.000
-401.000
335.000
2571.000
2413.000
-247.000
-497.000
2383.000
-417.000
-395.000
-417.000
-347.000
-177.000
-351.000
-257.000
-373.000
813.000
825.000
405.000
-507.000
-127.000
-229.000
27.000
-459.000
2373.000
-321.000
-221.000
901.000
421.000
-147.000
1151.000
-369.000
-121.000
-313.000
1171.000
-237.000
2361.000
-455.000
-95.000
-357.000
241.000
-143.000
815.000
2261.000
2591.000
-485.000
1023.000
-343.000
-343.000
-175.000
2653.000
-359.000
-343.000
-439.000
-63.000
-117.000
-459.000
885.000
-497.000
-487.000
2317.000
-263.000
-257.000
333.000
2543.000
-143.000
-491.000
-323.000
-327.000
-131.000
2423.000
333.000
-137.000
-83.000
337.000
-251.000
-253.000
-169.000
-133.000
-433.000
-423.000
453.000
717.000
-477.000
-253.000
-555.000
989.000
-127.000
-497.000
-299.000
1047.000
-433.000
-85.000
-423.000
-311.000
-147.000
2523.000
-63.000
-165.000
579.000
-423.000
213.000
-73.000
-93.000
2383.000
-327.000
1183.000
189.000
481.000
57.000
-181.000
-391.000
2465.000
-93.000
2165.000
-363.000
-497.000
755.000
21.000
1145.000
2245.000
-455.000
2439.000
-311.000
73.000
33.000
-485.000
-385.000
-297.000
-79.000
21.000
777.000
1101.000
-345.000
-211.000
-317.000
-201.000
953.000
-353.000
-153.000
-407.000
967.000
121.000
-93.000
-477.000
-427.000
799.000
-239.000
-205.000
-293.000
-417.000
2101.000
2585.000
111.000
-161.000
-517.000
-167.000
-475.000
-365.000
-293.000
-317.000
1031.000
-211.000
293.000
-215.000
-157.000
2337.000
2687.000
-317.000
-185.000
309.000
881.000
-353.000
-285.000
-487.000
-167.000
-497.000
-131.000
-159.000
-249.000
-365.000
-219.000
-343.000
-149.000
203.000
-139.000
649.000
-213.000
-349.000
41.000
391.000
-355.000
781.000
927.000
-507.000
643.000
-311.000
-343.000
2563.000
-359.000
2161.000
-117.000
-273.000
451.000
385.000
2401.000
-375.000
255.000
273.000
1123.000
-169.000
-407.000
-397.000
-265.000
207.000
-517.000
871.000
-157.000
-331.000
1147.000
2169.000
-423.000
-333.000
-9.000
-275.000
-195.000
-105.000
1027.000
23.000
-385.000
2165.000
-221.000
-169.000
-151.000
-239.000
-125.000
-305.000
-379.000
-77.000
-297.000
-159.000
-535.000
313.000
2595.000
-265.000
-343.000
671.000
2383.000
-375.000
-227.000
-321.000
-445.000
-323.000
-373.000
-397.000
-497.000
2571.000
-397.000
-197.000
-481.000
-391.000
-511.000
929.000
235.000
-353.000
-105.000
-113.000
-345.000
-247.000
95.000
-57.000
-319.000
-471.000
-121.000
-479.000
-411.000
-249.000
-133.000
-119.000
-231.000
-507.000
-315.000
-201.000
-535.000
-99.000
-443.000
-355.000
309.000
-153.000
-313.000
-299.000
-329.000
-239.000
-263.000
-487.000
777.000
-145.000
-179.000
-311.000
2713.000
1047.000
-205.000
-191.000
145.000
2757.000
2505.000
-375.000
-153.000
2283.000
-315.000
391.000
-63.000
-375.000
-63.000
965.000
941.000
771.000
-365.000
-497.000
-405.000
-307.000
217.000
-497.000
-465.000
-97.000
-279.000
351.000
2273.000
-95.000
-207.000
-487.000
-117.000
-95.000
-83.000
-487.000
2247.000
-279.000
-47.000
-385.000
369.000
-211.000
-17.000
-253.000
-17.000
-265.000
2569.000
2551.000
1181.000
-269.000
2177.000
2625.000
-227.000
-497.000
-135.000
-215.000
2479.000
-439.000
-91.000
503.000
-57.000
-369.000
-139.000
-433.000
5.000
-59.000
-5.000
-501.000
95.000
2591.000
2179.000
-321.000
-517.000
763.000
-391.000
-187.000
491.000
337.000
-39.000
691.000
713.000
-375.000
-285.000
41.000
-405.000
-417.000
-231.000
825.000
-339.000
871.000
-191.000
57.000
2805.000
-289.000
-475.000
571.000
479.000
-333.000
-465.000
-229.000
-487.000
973.000
-401.000
757.000
937.000
-319.000
1067.000
-223.000
-123.000
15.000
7.000
1013.000
17.000
803.000
-181.000
-167.000
-365.000
-167.000
-25.000
-465.000
1007.000
2059.000
-343.000
2591.000
-223.000
-429.000
813.000
-201.000
2667.000
-349.000
47.000
-497.000
-423.000
891.000
-321.000
407.000
2545.000
2387.000
-295.000
2619.000
-19.000
-261.000
-305.000
-201.000
-517.000
-487.000
-507.000
331.000
-251.000
423.000
-465.000
-263.000
-307.000
-405.000
-215.000
1153.000
-45.000
-507.000
1079.000
-233.000
-453.000
-497.000
-259.000
-401.000
161.000
-439.000
49.000
-185.000
-477.000
-397.000
-131.000
-101.000
-269.000
1029.000
-507.000
-475.000
2263.000
-343.000
2347.000
-411.000
2607.000
-367.000
-459.000
1127.000
285.000
-243.000
2569.000
-175.000
-353.000
35.000
2631.000
-161.000
-61.000
2211.000
-443.000
-9.000
-37.000
-105.000
-295.000
499.000
-355.000
-121.000
919.000
-265.000
1089.000
799.000
-507.000
473.000
-13.000
-227.000
617.000
-327.000
2453.000
-327.000
2537.000
-497.000
175.000
-191.000
-313.000
-127.000
-433.000
-323.000
-155.000
-163.000
-507.000
-303.000
-105.000
-333.000
-487.000
-189.000
-211.000
819.000
293.000
-407.000
2461.000
297.000
-289.000
-363.000
261.000
-205.000
369.000
-95.000
-285.000
-113.000
-285.000
-241.000
213.000
-311.000
413.000
-439.000
965.000
37.000
2359.000
2643.000
-353.000
361.000
-423.000
-37.000
-497.000
-73.000
-229.000
-105.000
-353.000
5.000
-137.000
-109.000
-433.000
-285.000
727.000
-535.000
-145.000
-311.000
-143.000
-497.000
-407.000
-183.000
11.000
519.000
-175.000
-145.000
-227.000
-269.000
-91.000
-85.000
2805.000
-301.000
-221.000
-517.000
-385.000
2323.000
-507.000
-119.000
-115.000
1031.000
1139.000
705.000
-497.000
-359.000
-43.000
1125.000
-285.000
947.000
-351.000
-391.000
-143.000
-205.000
-477.000
-481.000
297.000
-437.000
-233.000
2159.000
2671.000
739.000
775.000
-391.000
-327.000
-217.000
-323.000
-401.000
-347.000
-241.000
1119.000
-127.000
-173.000
-385.000
-385.000
397.000
2613.000
-101.000
-133.000
-311.000
481.000
-95.000
-491.000
-121.000
2511.000
-237.000
717.000
-241.000
1101.000
-497.000
1183.000
-211.000
-487.000
2453.000
-67.000
39.000
731.000
-93.000
-305.000
-427.000
857.000
-157.000
-507.000
-371.000
-359.000
2715.000
729.000
-11.000
-259.000
1151.000
2339.000
-101.000
-195.000
153.000
-327.000
-339.000
-263.000
617.000
-299.000
-289.000
-359.000
-193.000
-555.000
2527.000
503.000
835.000
-189.000
-227.000
-237.000
-513.000
2247.000
2641.000
-395.000
-465.000
-397.000
-497.000
-333.000
-497.000
-375.000
-375.000
-161.000
-387.000
-135.000
1121.000
-343.000
-221.000
-173.000
251.000
-191.000
1131.000
31.000
-193.000
-431.000
-257.000
-269.000
-205.000
-79.000
-209.000
-487.000
-115.000
263.000
-417.000
17.000
-363.000
-89.000
-277.000
-59.000
421.000
2313.000
1055.000
-391.000
1015.000
-13.000
2275.000
-297.000
-135.000
-127.000
-355.000
-211.000
107.000
-411.000
773.000
-265.000
-497.000
1021.000
-163.000
-337.000
-153.000
793.000
-407.000
-507.000
-385.000
-347.000
597.000
-41.000
-161.000
-487.000
-475.000
-517.000
-95.000
2665.000
-401.000
403.000
-131.000
695.000
-289.000
491.000
-465.000
853.000
-507.000
2233.000
-47.000
-391.000
-501.000
219.000
2679.000
669.000
2363.000
-35.000
-355.000
-235.000
-357.000
-407.000
357.000
-185.000
13.000
-119.000
-437.000
2581.000
-239.000
49.000
-147.000
45.000
-141.000
-143.000
599.000
-291.000
1041.000
-185.000
-487.000
-375.000
-223.000
-455.000
219.000
-411.000
-477.000
-189.000
545.000
-481.000
953.000
-137.000
731.000
-295.000
617.000
447.000
2327.000
949.000
-93.000
-129.000
-51.000
2585.000
-407.000
-357.000
-219.000
235.000
-401.000
-205.000
-417.000
-81.000
677.000
-101.000
-155.000
1071.000
679.000
-231.000
-93.000
-59.000
-411.000
-303.000
5.000
897.000
761.000
-397.000
-477.000
-77.000
1033.000
-407.000
-507.000
-127.000
829.000
731.000
2499.000
-487.000
-117.000
-145.000
-421.000
-179.000
-47.000
-97.000
767.000
-167.000
-281.000
-407.000
-487.000
487.000
-517.000
-71.000
2439.000
-391.000
2549.000
-339.000
637.000
753.000
-91.000
-205.000
2231.000
-301.000
-253.000
-369.000
787.000
2607.000
-487.000
-175.000
-47.000
-137.000
-127.000
453.000
-185.000
1213.000
-385.000
-289.000
-227.000
541.000
2443.000
771.000
743.000
-115.000
767.000
-169.000
-369.000
225.000
443.000
-391.000
837.000
-295.000
-507.000
-355.000
619.000
-417.000
1049.000
697.000
451.000
-169.000
-61.000
-211.000
-257.000
-421.000
1001.000
-385.000
-385.000
-343.000
-179.000
1151.000
2731.000
-467.000
-137.000
-363.000
745.000
573.000
181.000
-455.000
-211.000
-293.000
-405.000
765.000
-75.000
-497.000
1107.000
-363.000
1009.000
-395.000
-157.000
-507.000
-349.000
1169.000
517.000
-517.000
209.000
-153.000
-239.000
899.000
-203.000
955.000
-507.000
-299.000
-349.000
-427.000
2661.000
-477.000
-137.000
-139.000
103.000
-283.000
69.000
1229.000
2437.000
-203.000
277.000
-479.000
-95.000
2485.000
-477.000
-343.000
-497.000
-423.000
959.000
-487.000
-241.000
-365.000
1077.000
-491.000
43.000
1127.000
2621.000
1267.000
99.000
715.000
2259.000
373.000
-497.000
-487.000
-443.000
2627.000
-323.000
-261.000
-195.000
-91.000
845.000
1159.000
-507.000
-217.000
-407.000
-353.000
-353.000
-487.000
-279.000
707.000
-219.000
71.000
883.000
-349.000
-17.000
595.000
297.000
685.000
2601.000
-359.000
-217.000
867.000
2405.000
-271.000
-147.000
637.000
-339.000
465.000
-201.000
-193.000
1155.000
-105.000
-207.000
-59.000
349.000
-221.000
-161.000
-373.000
2217.000
1083.000
2267.000
-375.000
931.000
-127.000
-217.000
-507.000
-171.000
-111.000
-407.000
1033.000
-285.000
-289.000
-65.000
-249.000
-333.000
2673.000
747.000
-329.000
1117.000
-321.000
2169.000
-293.000
401.000
-397.000
-427.000
-91.000
867.000
-297.000
509.000
1155.000
1087.000
-375.000
285.000
-51.000
1163.000
-185.000
-89.000
-265.000
-343.000
-217.000
2447.000
-359.000
-247.000
-359.000
-227.000
591.000
2549.000
-145.000
335.000
-465.000
-85.000
-481.000
-225.000
-95.000
-423.000
-195.000
15.000
-477.000
-331.000
-353.000
57.000
-195.000
-397.000
-565.000
-159.000
1207.000
-371.000
-285.000
1067.000
-235.000
-219.000
-135.000
-227.000
-303.000
-373.000
-343.000
-221.000
-487.000
-373.000
-69.000
-81.000
-391.000
-497.000
-103.000
1001.000
-57.000
-443.000
-411.000
-353.000
-243.000
-311.000
849.000
-287.000
-61.000
-477.000
-179.000
-433.000
-343.000
-327.000
-507.000
2615.000
-227.000
869.000
585.000
-261.000
1025.000
1077.000
-471.000
923.000
71.000
-89.000
-415.000
-161.000
2649.000
-199.000
-197.000
-163.000
-391.000
-249.000
-361.000
357.000
-561.000
121.000
115.000
-139.000
239.000
-561.000
-545.000
